[0.127s] DEBUG:colcon:Command line arguments: ['/usr/bin/colcon', 'build', '--symlink-install']
[0.127s] DEBUG:colcon:Parsed command line arguments: Namespace(log_base=None, log_level=None, verb_name='build', build_base='build', install_base='install', merge_install=False, symlink_install=True, test_result_base=None, continue_on_error=False, executor='parallel', parallel_workers=2, event_handlers=None, ignore_user_meta=False, metas=['./colcon.meta'], base_paths=['.'], packages_ignore=None, packages_ignore_regex=None, paths=None, packages_up_to=None, packages_up_to_regex=None, packages_above=None, packages_above_and_dependencies=None, packages_above_depth=None, packages_select_by_dep=None, packages_skip_by_dep=None, packages_skip_up_to=None, packages_select_build_failed=False, packages_skip_build_finished=False, packages_select_test_failures=False, packages_skip_test_passed=False, packages_select=None, packages_skip=None, packages_select_regex=None, packages_skip_regex=None, packages_start=None, packages_end=None, allow_overriding=[], cmake_args=None, cmake_target=None, cmake_target_skip_unavailable=False, cmake_clean_cache=False, cmake_clean_first=False, cmake_force_configure=False, ament_cmake_args=None, catkin_cmake_args=None, catkin_skip_building_tests=False, verb_parser=<colcon_defaults.argument_parser.defaults.DefaultArgumentsDecorator object at 0x7a7034307d60>, verb_extension=<colcon_core.verb.build.BuildVerb object at 0x7a7034307850>, main=<bound method BuildVerb.main of <colcon_core.verb.build.BuildVerb object at 0x7a7034307850>>)
[0.374s] Level 1:colcon.colcon_core.package_discovery:discover_packages(colcon_meta) check parameters
[0.374s] Level 1:colcon.colcon_core.package_discovery:discover_packages(recursive) check parameters
[0.374s] Level 1:colcon.colcon_core.package_discovery:discover_packages(ignore) check parameters
[0.374s] Level 1:colcon.colcon_core.package_discovery:discover_packages(path) check parameters
[0.374s] Level 1:colcon.colcon_core.package_discovery:discover_packages(colcon_meta) discover
[0.374s] Level 1:colcon.colcon_core.package_discovery:discover_packages(recursive) discover
[0.374s] INFO:colcon.colcon_core.package_discovery:Crawling recursively for packages in '/home/anthony/Desktop/Assignment7/src'
[0.374s] Level 1:colcon.colcon_core.package_identification:_identify(.) by extensions ['ignore', 'ignore_ament_install']
[0.374s] Level 1:colcon.colcon_core.package_identification:_identify(.) by extension 'ignore'
[0.375s] Level 1:colcon.colcon_core.package_identification:_identify(.) by extension 'ignore_ament_install'
[0.375s] Level 1:colcon.colcon_core.package_identification:_identify(.) by extensions ['colcon_pkg']
[0.375s] Level 1:colcon.colcon_core.package_identification:_identify(.) by extension 'colcon_pkg'
[0.375s] Level 1:colcon.colcon_core.package_identification:_identify(.) by extensions ['colcon_meta']
[0.375s] Level 1:colcon.colcon_core.package_identification:_identify(.) by extension 'colcon_meta'
[0.375s] Level 1:colcon.colcon_core.package_identification:_identify(.) by extensions ['ros']
[0.375s] Level 1:colcon.colcon_core.package_identification:_identify(.) by extension 'ros'
[0.387s] Level 1:colcon.colcon_core.package_identification:_identify(.) by extensions ['cmake', 'python']
[0.387s] Level 1:colcon.colcon_core.package_identification:_identify(.) by extension 'cmake'
[0.387s] Level 1:colcon.colcon_core.package_identification:_identify(.) by extension 'python'
[0.387s] Level 1:colcon.colcon_core.package_identification:_identify(.) by extensions ['python_setup_py']
[0.387s] Level 1:colcon.colcon_core.package_identification:_identify(.) by extension 'python_setup_py'
[0.388s] Level 1:colcon.colcon_core.package_identification:_identify(build) by extensions ['ignore', 'ignore_ament_install']
[0.388s] Level 1:colcon.colcon_core.package_identification:_identify(build) by extension 'ignore'
[0.388s] Level 1:colcon.colcon_core.package_identification:_identify(build) ignored
[0.388s] Level 1:colcon.colcon_core.package_identification:_identify(install) by extensions ['ignore', 'ignore_ament_install']
[0.388s] Level 1:colcon.colcon_core.package_identification:_identify(install) by extension 'ignore'
[0.388s] Level 1:colcon.colcon_core.package_identification:_identify(install) ignored
[0.388s] Level 1:colcon.colcon_core.package_identification:_identify(log) by extensions ['ignore', 'ignore_ament_install']
[0.388s] Level 1:colcon.colcon_core.package_identification:_identify(log) by extension 'ignore'
[0.388s] Level 1:colcon.colcon_core.package_identification:_identify(log) ignored
[0.388s] Level 1:colcon.colcon_core.package_identification:_identify(warehouse_robot) by extensions ['ignore', 'ignore_ament_install']
[0.389s] Level 1:colcon.colcon_core.package_identification:_identify(warehouse_robot) by extension 'ignore'
[0.389s] Level 1:colcon.colcon_core.package_identification:_identify(warehouse_robot) by extension 'ignore_ament_install'
[0.389s] Level 1:colcon.colcon_core.package_identification:_identify(warehouse_robot) by extensions ['colcon_pkg']
[0.389s] Level 1:colcon.colcon_core.package_identification:_identify(warehouse_robot) by extension 'colcon_pkg'
[0.389s] Level 1:colcon.colcon_core.package_identification:_identify(warehouse_robot) by extensions ['colcon_meta']
[0.390s] Level 1:colcon.colcon_core.package_identification:_identify(warehouse_robot) by extension 'colcon_meta'
[0.390s] Level 1:colcon.colcon_core.package_identification:_identify(warehouse_robot) by extensions ['ros']
[0.390s] Level 1:colcon.colcon_core.package_identification:_identify(warehouse_robot) by extension 'ros'
[0.398s] DEBUG:colcon.colcon_core.package_identification:Package 'warehouse_robot' with type 'ros.ament_cmake' and name 'warehouse_robot'
[0.398s] Level 1:colcon.colcon_core.package_identification:_identify(warehouse_robot_py) by extensions ['ignore', 'ignore_ament_install']
[0.398s] Level 1:colcon.colcon_core.package_identification:_identify(warehouse_robot_py) by extension 'ignore'
[0.399s] Level 1:colcon.colcon_core.package_identification:_identify(warehouse_robot_py) by extension 'ignore_ament_install'
[0.399s] Level 1:colcon.colcon_core.package_identification:_identify(warehouse_robot_py) by extensions ['colcon_pkg']
[0.399s] Level 1:colcon.colcon_core.package_identification:_identify(warehouse_robot_py) by extension 'colcon_pkg'
[0.399s] Level 1:colcon.colcon_core.package_identification:_identify(warehouse_robot_py) by extensions ['colcon_meta']
[0.399s] Level 1:colcon.colcon_core.package_identification:_identify(warehouse_robot_py) by extension 'colcon_meta'
[0.399s] Level 1:colcon.colcon_core.package_identification:_identify(warehouse_robot_py) by extensions ['ros']
[0.399s] Level 1:colcon.colcon_core.package_identification:_identify(warehouse_robot_py) by extension 'ros'
[0.401s] DEBUG:colcon.colcon_core.package_identification:Package 'warehouse_robot_py' with type 'ros.ament_python' and name 'warehouse_robot_py'
[0.401s] Level 1:colcon.colcon_core.package_discovery:discover_packages(recursive) using defaults
[0.401s] Level 1:colcon.colcon_core.package_discovery:discover_packages(ignore) discover
[0.401s] Level 1:colcon.colcon_core.package_discovery:discover_packages(ignore) using defaults
[0.401s] Level 1:colcon.colcon_core.package_discovery:discover_packages(path) discover
[0.401s] Level 1:colcon.colcon_core.package_discovery:discover_packages(path) using defaults
[0.446s] Level 1:colcon.colcon_core.package_discovery:discover_packages(prefix_path) check parameters
[0.446s] Level 1:colcon.colcon_core.package_discovery:discover_packages(prefix_path) discover
[0.448s] DEBUG:colcon.colcon_installed_package_information.package_discovery:Found 2 installed packages in /home/anthony/Desktop/Assignment7/install
[0.450s] DEBUG:colcon.colcon_installed_package_information.package_discovery:Found 270 installed packages in /opt/ros/humble
[0.451s] Level 1:colcon.colcon_core.package_discovery:discover_packages(prefix_path) using defaults
[0.498s] Level 5:colcon.colcon_core.verb:set package 'warehouse_robot' build argument 'cmake_args' from command line to 'None'
[0.498s] Level 5:colcon.colcon_core.verb:set package 'warehouse_robot' build argument 'cmake_target' from command line to 'None'
[0.498s] Level 5:colcon.colcon_core.verb:set package 'warehouse_robot' build argument 'cmake_target_skip_unavailable' from command line to 'False'
[0.498s] Level 5:colcon.colcon_core.verb:set package 'warehouse_robot' build argument 'cmake_clean_cache' from command line to 'False'
[0.498s] Level 5:colcon.colcon_core.verb:set package 'warehouse_robot' build argument 'cmake_clean_first' from command line to 'False'
[0.498s] Level 5:colcon.colcon_core.verb:set package 'warehouse_robot' build argument 'cmake_force_configure' from command line to 'False'
[0.498s] Level 5:colcon.colcon_core.verb:set package 'warehouse_robot' build argument 'ament_cmake_args' from command line to 'None'
[0.498s] Level 5:colcon.colcon_core.verb:set package 'warehouse_robot' build argument 'catkin_cmake_args' from command line to 'None'
[0.498s] Level 5:colcon.colcon_core.verb:set package 'warehouse_robot' build argument 'catkin_skip_building_tests' from command line to 'False'
[0.498s] DEBUG:colcon.colcon_core.verb:Building package 'warehouse_robot' with the following arguments: {'ament_cmake_args': None, 'build_base': '/home/anthony/Desktop/Assignment7/src/build/warehouse_robot', 'catkin_cmake_args': None, 'catkin_skip_building_tests': False, 'cmake_args': None, 'cmake_clean_cache': False, 'cmake_clean_first': False, 'cmake_force_configure': False, 'cmake_target': None, 'cmake_target_skip_unavailable': False, 'install_base': '/home/anthony/Desktop/Assignment7/src/install/warehouse_robot', 'merge_install': False, 'path': '/home/anthony/Desktop/Assignment7/src/warehouse_robot', 'symlink_install': True, 'test_result_base': None}
[0.499s] Level 5:colcon.colcon_core.verb:set package 'warehouse_robot_py' build argument 'cmake_args' from command line to 'None'
[0.499s] Level 5:colcon.colcon_core.verb:set package 'warehouse_robot_py' build argument 'cmake_target' from command line to 'None'
[0.499s] Level 5:colcon.colcon_core.verb:set package 'warehouse_robot_py' build argument 'cmake_target_skip_unavailable' from command line to 'False'
[0.499s] Level 5:colcon.colcon_core.verb:set package 'warehouse_robot_py' build argument 'cmake_clean_cache' from command line to 'False'
[0.499s] Level 5:colcon.colcon_core.verb:set package 'warehouse_robot_py' build argument 'cmake_clean_first' from command line to 'False'
[0.499s] Level 5:colcon.colcon_core.verb:set package 'warehouse_robot_py' build argument 'cmake_force_configure' from command line to 'False'
[0.499s] Level 5:colcon.colcon_core.verb:set package 'warehouse_robot_py' build argument 'ament_cmake_args' from command line to 'None'
[0.499s] Level 5:colcon.colcon_core.verb:set package 'warehouse_robot_py' build argument 'catkin_cmake_args' from command line to 'None'
[0.499s] Level 5:colcon.colcon_core.verb:set package 'warehouse_robot_py' build argument 'catkin_skip_building_tests' from command line to 'False'
[0.499s] DEBUG:colcon.colcon_core.verb:Building package 'warehouse_robot_py' with the following arguments: {'ament_cmake_args': None, 'build_base': '/home/anthony/Desktop/Assignment7/src/build/warehouse_robot_py', 'catkin_cmake_args': None, 'catkin_skip_building_tests': False, 'cmake_args': None, 'cmake_clean_cache': False, 'cmake_clean_first': False, 'cmake_force_configure': False, 'cmake_target': None, 'cmake_target_skip_unavailable': False, 'install_base': '/home/anthony/Desktop/Assignment7/src/install/warehouse_robot_py', 'merge_install': False, 'path': '/home/anthony/Desktop/Assignment7/src/warehouse_robot_py', 'symlink_install': True, 'test_result_base': None}
[0.499s] INFO:colcon.colcon_core.executor:Executing jobs using 'parallel' executor
[0.500s] DEBUG:colcon.colcon_parallel_executor.executor.parallel:run_until_complete
[0.500s] INFO:colcon.colcon_ros.task.ament_cmake.build:Building ROS package in '/home/anthony/Desktop/Assignment7/src/warehouse_robot' with build type 'ament_cmake'
[0.501s] INFO:colcon.colcon_cmake.task.cmake.build:Building CMake package in '/home/anthony/Desktop/Assignment7/src/warehouse_robot'
[0.505s] INFO:colcon.colcon_core.plugin_system:Skipping extension 'colcon_core.shell.bat': Not used on non-Windows systems
[0.505s] INFO:colcon.colcon_core.shell:Skip shell extension 'powershell' for command environment: Not usable outside of PowerShell
[0.505s] DEBUG:colcon.colcon_core.shell:Skip shell extension 'dsv' for command environment
[0.516s] DEBUG:colcon.colcon_core.event_handler.log_command:Invoking command in '/home/anthony/Desktop/Assignment7/src/build/warehouse_robot': CMAKE_PREFIX_PATH=${CMAKE_PREFIX_PATH}:/home/anthony/Desktop/Assignment7/install/warehouse_robot_py:/opt/ros/humble /usr/bin/cmake /home/anthony/Desktop/Assignment7/src/warehouse_robot -DAMENT_CMAKE_SYMLINK_INSTALL=1 -DCMAKE_INSTALL_PREFIX=/home/anthony/Desktop/Assignment7/src/install/warehouse_robot
[4.582s] DEBUG:colcon.colcon_core.event_handler.log_command:Invoked command in '/home/anthony/Desktop/Assignment7/src/build/warehouse_robot' returned '0': CMAKE_PREFIX_PATH=${CMAKE_PREFIX_PATH}:/home/anthony/Desktop/Assignment7/install/warehouse_robot_py:/opt/ros/humble /usr/bin/cmake /home/anthony/Desktop/Assignment7/src/warehouse_robot -DAMENT_CMAKE_SYMLINK_INSTALL=1 -DCMAKE_INSTALL_PREFIX=/home/anthony/Desktop/Assignment7/src/install/warehouse_robot
[4.582s] DEBUG:colcon.colcon_core.event_handler.log_command:Invoking command in '/home/anthony/Desktop/Assignment7/src/build/warehouse_robot': CMAKE_PREFIX_PATH=${CMAKE_PREFIX_PATH}:/home/anthony/Desktop/Assignment7/install/warehouse_robot_py:/opt/ros/humble /usr/bin/cmake --build /home/anthony/Desktop/Assignment7/src/build/warehouse_robot -- -j2 -l2
[27.442s] DEBUG:colcon.colcon_core.event_handler.log_command:Invoked command in '/home/anthony/Desktop/Assignment7/src/build/warehouse_robot' returned '0': CMAKE_PREFIX_PATH=${CMAKE_PREFIX_PATH}:/home/anthony/Desktop/Assignment7/install/warehouse_robot_py:/opt/ros/humble /usr/bin/cmake --build /home/anthony/Desktop/Assignment7/src/build/warehouse_robot -- -j2 -l2
[27.624s] DEBUG:colcon.colcon_core.event_handler.log_command:Invoking command in '/home/anthony/Desktop/Assignment7/src/build/warehouse_robot': CMAKE_PREFIX_PATH=${CMAKE_PREFIX_PATH}:/home/anthony/Desktop/Assignment7/install/warehouse_robot_py:/opt/ros/humble /usr/bin/cmake --install /home/anthony/Desktop/Assignment7/src/build/warehouse_robot
[29.120s] Level 1:colcon.colcon_core.environment:create_environment_scripts_only(warehouse_robot)
[29.121s] DEBUG:colcon.colcon_core.event_handler.log_command:Invoked command in '/home/anthony/Desktop/Assignment7/src/build/warehouse_robot' returned '0': CMAKE_PREFIX_PATH=${CMAKE_PREFIX_PATH}:/home/anthony/Desktop/Assignment7/install/warehouse_robot_py:/opt/ros/humble /usr/bin/cmake --install /home/anthony/Desktop/Assignment7/src/build/warehouse_robot
[29.123s] Level 1:colcon.colcon_core.environment:checking '/home/anthony/Desktop/Assignment7/src/install/warehouse_robot' for CMake module files
[29.124s] Level 1:colcon.colcon_core.environment:checking '/home/anthony/Desktop/Assignment7/src/install/warehouse_robot' for CMake config files
[29.124s] Level 1:colcon.colcon_core.shell:create_environment_hook('warehouse_robot', 'cmake_prefix_path')
[29.124s] INFO:colcon.colcon_core.shell:Creating environment hook '/home/anthony/Desktop/Assignment7/src/install/warehouse_robot/share/warehouse_robot/hook/cmake_prefix_path.ps1'
[29.125s] INFO:colcon.colcon_core.shell:Creating environment descriptor '/home/anthony/Desktop/Assignment7/src/install/warehouse_robot/share/warehouse_robot/hook/cmake_prefix_path.dsv'
[29.125s] INFO:colcon.colcon_core.shell:Creating environment hook '/home/anthony/Desktop/Assignment7/src/install/warehouse_robot/share/warehouse_robot/hook/cmake_prefix_path.sh'
[29.126s] Level 1:colcon.colcon_core.environment:checking '/home/anthony/Desktop/Assignment7/src/install/warehouse_robot/lib'
[29.126s] Level 1:colcon.colcon_core.shell:create_environment_hook('warehouse_robot', 'ld_library_path_lib')
[29.126s] INFO:colcon.colcon_core.shell:Creating environment hook '/home/anthony/Desktop/Assignment7/src/install/warehouse_robot/share/warehouse_robot/hook/ld_library_path_lib.ps1'
[29.127s] INFO:colcon.colcon_core.shell:Creating environment descriptor '/home/anthony/Desktop/Assignment7/src/install/warehouse_robot/share/warehouse_robot/hook/ld_library_path_lib.dsv'
[29.127s] INFO:colcon.colcon_core.shell:Creating environment hook '/home/anthony/Desktop/Assignment7/src/install/warehouse_robot/share/warehouse_robot/hook/ld_library_path_lib.sh'
[29.127s] Level 1:colcon.colcon_core.environment:checking '/home/anthony/Desktop/Assignment7/src/install/warehouse_robot/bin'
[29.127s] Level 1:colcon.colcon_core.environment:checking '/home/anthony/Desktop/Assignment7/src/install/warehouse_robot/lib/pkgconfig/warehouse_robot.pc'
[29.127s] Level 1:colcon.colcon_core.environment:checking '/home/anthony/Desktop/Assignment7/src/install/warehouse_robot/lib/python3.10/site-packages'
[29.128s] Level 1:colcon.colcon_core.environment:checking '/home/anthony/Desktop/Assignment7/src/install/warehouse_robot/bin'
[29.128s] INFO:colcon.colcon_core.shell:Creating package script '/home/anthony/Desktop/Assignment7/src/install/warehouse_robot/share/warehouse_robot/package.ps1'
[29.129s] INFO:colcon.colcon_core.shell:Creating package descriptor '/home/anthony/Desktop/Assignment7/src/install/warehouse_robot/share/warehouse_robot/package.dsv'
[29.129s] INFO:colcon.colcon_core.shell:Creating package script '/home/anthony/Desktop/Assignment7/src/install/warehouse_robot/share/warehouse_robot/package.sh'
[29.130s] INFO:colcon.colcon_core.shell:Creating package script '/home/anthony/Desktop/Assignment7/src/install/warehouse_robot/share/warehouse_robot/package.bash'
[29.131s] INFO:colcon.colcon_core.shell:Creating package script '/home/anthony/Desktop/Assignment7/src/install/warehouse_robot/share/warehouse_robot/package.zsh'
[29.131s] Level 1:colcon.colcon_core.environment:create_file_with_runtime_dependencies(/home/anthony/Desktop/Assignment7/src/install/warehouse_robot/share/colcon-core/packages/warehouse_robot)
[29.280s] Level 1:colcon.colcon_core.environment:create_environment_scripts_only(warehouse_robot)
[29.281s] Level 1:colcon.colcon_core.environment:checking '/home/anthony/Desktop/Assignment7/src/install/warehouse_robot' for CMake module files
[29.282s] Level 1:colcon.colcon_core.environment:checking '/home/anthony/Desktop/Assignment7/src/install/warehouse_robot' for CMake config files
[29.283s] Level 1:colcon.colcon_core.shell:create_environment_hook('warehouse_robot', 'cmake_prefix_path')
[29.283s] INFO:colcon.colcon_core.shell:Creating environment hook '/home/anthony/Desktop/Assignment7/src/install/warehouse_robot/share/warehouse_robot/hook/cmake_prefix_path.ps1'
[29.284s] INFO:colcon.colcon_core.shell:Creating environment descriptor '/home/anthony/Desktop/Assignment7/src/install/warehouse_robot/share/warehouse_robot/hook/cmake_prefix_path.dsv'
[29.285s] INFO:colcon.colcon_core.shell:Creating environment hook '/home/anthony/Desktop/Assignment7/src/install/warehouse_robot/share/warehouse_robot/hook/cmake_prefix_path.sh'
[29.286s] Level 1:colcon.colcon_core.environment:checking '/home/anthony/Desktop/Assignment7/src/install/warehouse_robot/lib'
[29.286s] Level 1:colcon.colcon_core.shell:create_environment_hook('warehouse_robot', 'ld_library_path_lib')
[29.286s] INFO:colcon.colcon_core.shell:Creating environment hook '/home/anthony/Desktop/Assignment7/src/install/warehouse_robot/share/warehouse_robot/hook/ld_library_path_lib.ps1'
[29.287s] INFO:colcon.colcon_core.shell:Creating environment descriptor '/home/anthony/Desktop/Assignment7/src/install/warehouse_robot/share/warehouse_robot/hook/ld_library_path_lib.dsv'
[29.287s] INFO:colcon.colcon_core.shell:Creating environment hook '/home/anthony/Desktop/Assignment7/src/install/warehouse_robot/share/warehouse_robot/hook/ld_library_path_lib.sh'
[29.288s] Level 1:colcon.colcon_core.environment:checking '/home/anthony/Desktop/Assignment7/src/install/warehouse_robot/bin'
[29.288s] Level 1:colcon.colcon_core.environment:checking '/home/anthony/Desktop/Assignment7/src/install/warehouse_robot/lib/pkgconfig/warehouse_robot.pc'
[29.289s] Level 1:colcon.colcon_core.environment:checking '/home/anthony/Desktop/Assignment7/src/install/warehouse_robot/lib/python3.10/site-packages'
[29.289s] Level 1:colcon.colcon_core.environment:checking '/home/anthony/Desktop/Assignment7/src/install/warehouse_robot/bin'
[29.290s] INFO:colcon.colcon_core.shell:Creating package script '/home/anthony/Desktop/Assignment7/src/install/warehouse_robot/share/warehouse_robot/package.ps1'
[29.291s] INFO:colcon.colcon_core.shell:Creating package descriptor '/home/anthony/Desktop/Assignment7/src/install/warehouse_robot/share/warehouse_robot/package.dsv'
[29.291s] INFO:colcon.colcon_core.shell:Creating package script '/home/anthony/Desktop/Assignment7/src/install/warehouse_robot/share/warehouse_robot/package.sh'
[29.292s] INFO:colcon.colcon_core.shell:Creating package script '/home/anthony/Desktop/Assignment7/src/install/warehouse_robot/share/warehouse_robot/package.bash'
[29.293s] INFO:colcon.colcon_core.shell:Creating package script '/home/anthony/Desktop/Assignment7/src/install/warehouse_robot/share/warehouse_robot/package.zsh'
[29.294s] Level 1:colcon.colcon_core.environment:create_file_with_runtime_dependencies(/home/anthony/Desktop/Assignment7/src/install/warehouse_robot/share/colcon-core/packages/warehouse_robot)
[29.294s] INFO:colcon.colcon_ros.task.ament_python.build:Building ROS package in '/home/anthony/Desktop/Assignment7/src/warehouse_robot_py' with build type 'ament_python'
[29.295s] Level 1:colcon.colcon_core.shell:create_environment_hook('warehouse_robot_py', 'ament_prefix_path')
[29.296s] INFO:colcon.colcon_core.shell:Creating environment hook '/home/anthony/Desktop/Assignment7/src/install/warehouse_robot_py/share/warehouse_robot_py/hook/ament_prefix_path.ps1'
[29.298s] INFO:colcon.colcon_core.shell:Creating environment descriptor '/home/anthony/Desktop/Assignment7/src/install/warehouse_robot_py/share/warehouse_robot_py/hook/ament_prefix_path.dsv'
[29.299s] INFO:colcon.colcon_core.shell:Creating environment hook '/home/anthony/Desktop/Assignment7/src/install/warehouse_robot_py/share/warehouse_robot_py/hook/ament_prefix_path.sh'
[29.299s] INFO:colcon.colcon_core.shell:Skip shell extension 'powershell' for command environment: Not usable outside of PowerShell
[29.299s] DEBUG:colcon.colcon_core.shell:Skip shell extension 'dsv' for command environment
[29.667s] INFO:colcon.colcon_core.task.python.build:Building Python package in '/home/anthony/Desktop/Assignment7/src/warehouse_robot_py'
[29.668s] INFO:colcon.colcon_core.shell:Skip shell extension 'powershell' for command environment: Not usable outside of PowerShell
[29.668s] DEBUG:colcon.colcon_core.shell:Skip shell extension 'dsv' for command environment
[30.166s] DEBUG:colcon.colcon_core.event_handler.log_command:Invoking command in '/home/anthony/Desktop/Assignment7/src/build/warehouse_robot_py': AMENT_PREFIX_PATH=/home/anthony/Desktop/Assignment7/src/install/warehouse_robot:${AMENT_PREFIX_PATH} CMAKE_PREFIX_PATH=/home/anthony/Desktop/Assignment7/src/install/warehouse_robot:${CMAKE_PREFIX_PATH} LD_LIBRARY_PATH=/home/anthony/Desktop/Assignment7/src/install/warehouse_robot/lib:${LD_LIBRARY_PATH} PYTHONPATH=/home/anthony/Desktop/Assignment7/src/build/warehouse_robot_py/prefix_override:/usr/lib/python3/dist-packages/colcon_core/task/python/colcon_distutils_commands:/home/anthony/Desktop/Assignment7/src/install/warehouse_robot_py/lib/python3.10/site-packages:/home/anthony/Desktop/Assignment7/src/install/warehouse_robot/local/lib/python3.10/dist-packages:${PYTHONPATH} /usr/bin/python3 -W ignore:setup.py install is deprecated setup.py develop --editable --build-directory /home/anthony/Desktop/Assignment7/src/build/warehouse_robot_py/build --no-deps symlink_data
[31.051s] Level 1:colcon.colcon_core.shell:create_environment_hook('warehouse_robot_py', 'pythonpath_develop')
[31.051s] INFO:colcon.colcon_core.shell:Creating environment hook '/home/anthony/Desktop/Assignment7/src/build/warehouse_robot_py/share/warehouse_robot_py/hook/pythonpath_develop.ps1'
[31.052s] INFO:colcon.colcon_core.shell:Creating environment descriptor '/home/anthony/Desktop/Assignment7/src/build/warehouse_robot_py/share/warehouse_robot_py/hook/pythonpath_develop.dsv'
[31.052s] INFO:colcon.colcon_core.shell:Creating environment hook '/home/anthony/Desktop/Assignment7/src/build/warehouse_robot_py/share/warehouse_robot_py/hook/pythonpath_develop.sh'
[31.053s] Level 1:colcon.colcon_core.environment:checking '/home/anthony/Desktop/Assignment7/src/install/warehouse_robot_py' for CMake module files
[31.054s] DEBUG:colcon.colcon_core.event_handler.log_command:Invoked command in '/home/anthony/Desktop/Assignment7/src/build/warehouse_robot_py' returned '0': AMENT_PREFIX_PATH=/home/anthony/Desktop/Assignment7/src/install/warehouse_robot:${AMENT_PREFIX_PATH} CMAKE_PREFIX_PATH=/home/anthony/Desktop/Assignment7/src/install/warehouse_robot:${CMAKE_PREFIX_PATH} LD_LIBRARY_PATH=/home/anthony/Desktop/Assignment7/src/install/warehouse_robot/lib:${LD_LIBRARY_PATH} PYTHONPATH=/home/anthony/Desktop/Assignment7/src/build/warehouse_robot_py/prefix_override:/usr/lib/python3/dist-packages/colcon_core/task/python/colcon_distutils_commands:/home/anthony/Desktop/Assignment7/src/install/warehouse_robot_py/lib/python3.10/site-packages:/home/anthony/Desktop/Assignment7/src/install/warehouse_robot/local/lib/python3.10/dist-packages:${PYTHONPATH} /usr/bin/python3 -W ignore:setup.py install is deprecated setup.py develop --editable --build-directory /home/anthony/Desktop/Assignment7/src/build/warehouse_robot_py/build --no-deps symlink_data
[31.055s] Level 1:colcon.colcon_core.environment:checking '/home/anthony/Desktop/Assignment7/src/install/warehouse_robot_py' for CMake config files
[31.055s] Level 1:colcon.colcon_core.environment:checking '/home/anthony/Desktop/Assignment7/src/install/warehouse_robot_py/lib'
[31.055s] Level 1:colcon.colcon_core.environment:checking '/home/anthony/Desktop/Assignment7/src/install/warehouse_robot_py/bin'
[31.055s] Level 1:colcon.colcon_core.environment:checking '/home/anthony/Desktop/Assignment7/src/install/warehouse_robot_py/lib/pkgconfig/warehouse_robot_py.pc'
[31.056s] Level 1:colcon.colcon_core.environment:checking '/home/anthony/Desktop/Assignment7/src/install/warehouse_robot_py/lib/python3.10/site-packages'
[31.056s] Level 1:colcon.colcon_core.shell:create_environment_hook('warehouse_robot_py', 'pythonpath')
[31.056s] INFO:colcon.colcon_core.shell:Creating environment hook '/home/anthony/Desktop/Assignment7/src/install/warehouse_robot_py/share/warehouse_robot_py/hook/pythonpath.ps1'
[31.057s] INFO:colcon.colcon_core.shell:Creating environment descriptor '/home/anthony/Desktop/Assignment7/src/install/warehouse_robot_py/share/warehouse_robot_py/hook/pythonpath.dsv'
[31.057s] INFO:colcon.colcon_core.shell:Creating environment hook '/home/anthony/Desktop/Assignment7/src/install/warehouse_robot_py/share/warehouse_robot_py/hook/pythonpath.sh'
[31.058s] Level 1:colcon.colcon_core.environment:checking '/home/anthony/Desktop/Assignment7/src/install/warehouse_robot_py/bin'
[31.058s] Level 1:colcon.colcon_core.environment:create_environment_scripts_only(warehouse_robot_py)
[31.058s] INFO:colcon.colcon_core.shell:Creating package script '/home/anthony/Desktop/Assignment7/src/install/warehouse_robot_py/share/warehouse_robot_py/package.ps1'
[31.059s] INFO:colcon.colcon_core.shell:Creating package descriptor '/home/anthony/Desktop/Assignment7/src/install/warehouse_robot_py/share/warehouse_robot_py/package.dsv'
[31.060s] INFO:colcon.colcon_core.shell:Creating package script '/home/anthony/Desktop/Assignment7/src/install/warehouse_robot_py/share/warehouse_robot_py/package.sh'
[31.060s] INFO:colcon.colcon_core.shell:Creating package script '/home/anthony/Desktop/Assignment7/src/install/warehouse_robot_py/share/warehouse_robot_py/package.bash'
[31.065s] INFO:colcon.colcon_core.shell:Creating package script '/home/anthony/Desktop/Assignment7/src/install/warehouse_robot_py/share/warehouse_robot_py/package.zsh'
[31.066s] Level 1:colcon.colcon_core.environment:create_file_with_runtime_dependencies(/home/anthony/Desktop/Assignment7/src/install/warehouse_robot_py/share/colcon-core/packages/warehouse_robot_py)
[31.091s] DEBUG:colcon.colcon_parallel_executor.executor.parallel:closing loop
[31.091s] DEBUG:colcon.colcon_parallel_executor.executor.parallel:loop closed
[31.091s] DEBUG:colcon.colcon_parallel_executor.executor.parallel:run_until_complete finished with '0'
[31.091s] DEBUG:colcon.colcon_core.event_reactor:joining thread
[31.117s] INFO:colcon.colcon_core.plugin_system:Skipping extension 'colcon_notification.desktop_notification.terminal_notifier': Not used on non-Darwin systems
[31.117s] INFO:colcon.colcon_core.plugin_system:Skipping extension 'colcon_notification.desktop_notification.win32': Not used on non-Windows systems
[31.117s] INFO:colcon.colcon_notification.desktop_notification:Sending desktop notification using 'notify2'
[31.165s] DEBUG:colcon.colcon_core.event_reactor:joined thread
[31.165s] INFO:colcon.colcon_core.shell:Creating prefix script '/home/anthony/Desktop/Assignment7/src/install/local_setup.ps1'
[31.166s] INFO:colcon.colcon_core.shell:Creating prefix util module '/home/anthony/Desktop/Assignment7/src/install/_local_setup_util_ps1.py'
[31.168s] INFO:colcon.colcon_core.shell:Creating prefix chain script '/home/anthony/Desktop/Assignment7/src/install/setup.ps1'
[31.169s] INFO:colcon.colcon_core.shell:Creating prefix script '/home/anthony/Desktop/Assignment7/src/install/local_setup.sh'
[31.169s] INFO:colcon.colcon_core.shell:Creating prefix util module '/home/anthony/Desktop/Assignment7/src/install/_local_setup_util_sh.py'
[31.169s] INFO:colcon.colcon_core.shell:Creating prefix chain script '/home/anthony/Desktop/Assignment7/src/install/setup.sh'
[31.170s] INFO:colcon.colcon_core.shell:Creating prefix script '/home/anthony/Desktop/Assignment7/src/install/local_setup.bash'
[31.171s] INFO:colcon.colcon_core.shell:Creating prefix chain script '/home/anthony/Desktop/Assignment7/src/install/setup.bash'
[31.171s] INFO:colcon.colcon_core.shell:Creating prefix script '/home/anthony/Desktop/Assignment7/src/install/local_setup.zsh'
[31.172s] INFO:colcon.colcon_core.shell:Creating prefix chain script '/home/anthony/Desktop/Assignment7/src/install/setup.zsh'
