[0.701s] DEBUG:colcon:Command line arguments: ['/usr/bin/colcon', 'list', '-p', '--base-paths', '/home/anthony/Desktop/Assignment7']
[0.717s] DEBUG:colcon:Parsed command line arguments: Namespace(log_base=None, log_level=None, verb_name='list', build_base='build', ignore_user_meta=False, metas=['./colcon.meta'], base_paths=['/home/anthony/Desktop/Assignment7'], packages_ignore=None, packages_ignore_regex=None, paths=None, packages_up_to=None, packages_up_to_regex=None, packages_above=None, packages_above_and_dependencies=None, packages_above_depth=None, packages_select_by_dep=None, packages_skip_by_dep=None, packages_skip_up_to=None, packages_select_build_failed=False, packages_skip_build_finished=False, packages_select_test_failures=False, packages_skip_test_passed=False, packages_select=None, packages_skip=None, packages_select_regex=None, packages_skip_regex=None, packages_start=None, packages_end=None, allow_overriding=[], topological_order=False, names_only=False, paths_only=True, topological_graph=False, topological_graph_dot=False, topological_graph_density=False, topological_graph_legend=False, topological_graph_dot_cluster=False, topological_graph_dot_include_skipped=False, verb_parser=<colcon_defaults.argument_parser.defaults.DefaultArgumentsDecorator object at 0x73e96ac45060>, verb_extension=<colcon_package_information.verb.list.ListVerb object at 0x73e96ac03b80>, main=<bound method ListVerb.main of <colcon_package_information.verb.list.ListVerb object at 0x73e96ac03b80>>)
[2.493s] Level 1:colcon.colcon_core.package_discovery:discover_packages(colcon_meta) check parameters
[2.494s] Level 1:colcon.colcon_core.package_discovery:discover_packages(recursive) check parameters
[2.494s] Level 1:colcon.colcon_core.package_discovery:discover_packages(ignore) check parameters
[2.494s] Level 1:colcon.colcon_core.package_discovery:discover_packages(path) check parameters
[2.494s] Level 1:colcon.colcon_core.package_discovery:discover_packages(recursive) discover
[2.494s] INFO:colcon.colcon_core.package_discovery:Crawling recursively for packages in '/home/anthony/Desktop/Assignment7'
[2.495s] Level 1:colcon.colcon_core.package_identification:_identify(/home/anthony/Desktop/Assignment7) by extensions ['ignore', 'ignore_ament_install']
[2.495s] Level 1:colcon.colcon_core.package_identification:_identify(/home/anthony/Desktop/Assignment7) by extension 'ignore'
[2.495s] Level 1:colcon.colcon_core.package_identification:_identify(/home/anthony/Desktop/Assignment7) by extension 'ignore_ament_install'
[2.495s] Level 1:colcon.colcon_core.package_identification:_identify(/home/anthony/Desktop/Assignment7) by extensions ['colcon_pkg']
[2.495s] Level 1:colcon.colcon_core.package_identification:_identify(/home/anthony/Desktop/Assignment7) by extension 'colcon_pkg'
[2.495s] Level 1:colcon.colcon_core.package_identification:_identify(/home/anthony/Desktop/Assignment7) by extensions ['colcon_meta']
[2.495s] Level 1:colcon.colcon_core.package_identification:_identify(/home/anthony/Desktop/Assignment7) by extension 'colcon_meta'
[2.495s] Level 1:colcon.colcon_core.package_identification:_identify(/home/anthony/Desktop/Assignment7) by extensions ['ros']
[2.496s] Level 1:colcon.colcon_core.package_identification:_identify(/home/anthony/Desktop/Assignment7) by extension 'ros'
[2.713s] Level 1:colcon.colcon_core.package_identification:_identify(/home/anthony/Desktop/Assignment7) by extensions ['cmake', 'python']
[2.713s] Level 1:colcon.colcon_core.package_identification:_identify(/home/anthony/Desktop/Assignment7) by extension 'cmake'
[2.713s] Level 1:colcon.colcon_core.package_identification:_identify(/home/anthony/Desktop/Assignment7) by extension 'python'
[2.713s] Level 1:colcon.colcon_core.package_identification:_identify(/home/anthony/Desktop/Assignment7) by extensions ['python_setup_py']
[2.713s] Level 1:colcon.colcon_core.package_identification:_identify(/home/anthony/Desktop/Assignment7) by extension 'python_setup_py'
[2.713s] Level 1:colcon.colcon_core.package_identification:_identify(/home/anthony/Desktop/Assignment7/build) by extensions ['ignore', 'ignore_ament_install']
[2.713s] Level 1:colcon.colcon_core.package_identification:_identify(/home/anthony/Desktop/Assignment7/build) by extension 'ignore'
[2.713s] Level 1:colcon.colcon_core.package_identification:_identify(/home/anthony/Desktop/Assignment7/build) ignored
[2.714s] Level 1:colcon.colcon_core.package_identification:_identify(/home/anthony/Desktop/Assignment7/install) by extensions ['ignore', 'ignore_ament_install']
[2.714s] Level 1:colcon.colcon_core.package_identification:_identify(/home/anthony/Desktop/Assignment7/install) by extension 'ignore'
[2.714s] Level 1:colcon.colcon_core.package_identification:_identify(/home/anthony/Desktop/Assignment7/install) ignored
[2.714s] Level 1:colcon.colcon_core.package_identification:_identify(/home/anthony/Desktop/Assignment7/log) by extensions ['ignore', 'ignore_ament_install']
[2.714s] Level 1:colcon.colcon_core.package_identification:_identify(/home/anthony/Desktop/Assignment7/log) by extension 'ignore'
[2.714s] Level 1:colcon.colcon_core.package_identification:_identify(/home/anthony/Desktop/Assignment7/log) ignored
[2.714s] Level 1:colcon.colcon_core.package_identification:_identify(/home/anthony/Desktop/Assignment7/src) by extensions ['ignore', 'ignore_ament_install']
[2.715s] Level 1:colcon.colcon_core.package_identification:_identify(/home/anthony/Desktop/Assignment7/src) by extension 'ignore'
[2.715s] Level 1:colcon.colcon_core.package_identification:_identify(/home/anthony/Desktop/Assignment7/src) by extension 'ignore_ament_install'
[2.715s] Level 1:colcon.colcon_core.package_identification:_identify(/home/anthony/Desktop/Assignment7/src) by extensions ['colcon_pkg']
[2.715s] Level 1:colcon.colcon_core.package_identification:_identify(/home/anthony/Desktop/Assignment7/src) by extension 'colcon_pkg'
[2.715s] Level 1:colcon.colcon_core.package_identification:_identify(/home/anthony/Desktop/Assignment7/src) by extensions ['colcon_meta']
[2.715s] Level 1:colcon.colcon_core.package_identification:_identify(/home/anthony/Desktop/Assignment7/src) by extension 'colcon_meta'
[2.715s] Level 1:colcon.colcon_core.package_identification:_identify(/home/anthony/Desktop/Assignment7/src) by extensions ['ros']
[2.715s] Level 1:colcon.colcon_core.package_identification:_identify(/home/anthony/Desktop/Assignment7/src) by extension 'ros'
[2.715s] Level 1:colcon.colcon_core.package_identification:_identify(/home/anthony/Desktop/Assignment7/src) by extensions ['cmake', 'python']
[2.715s] Level 1:colcon.colcon_core.package_identification:_identify(/home/anthony/Desktop/Assignment7/src) by extension 'cmake'
[2.715s] Level 1:colcon.colcon_core.package_identification:_identify(/home/anthony/Desktop/Assignment7/src) by extension 'python'
[2.715s] Level 1:colcon.colcon_core.package_identification:_identify(/home/anthony/Desktop/Assignment7/src) by extensions ['python_setup_py']
[2.715s] Level 1:colcon.colcon_core.package_identification:_identify(/home/anthony/Desktop/Assignment7/src) by extension 'python_setup_py'
[2.715s] Level 1:colcon.colcon_core.package_identification:_identify(/home/anthony/Desktop/Assignment7/src/warehouse_robot) by extensions ['ignore', 'ignore_ament_install']
[2.715s] Level 1:colcon.colcon_core.package_identification:_identify(/home/anthony/Desktop/Assignment7/src/warehouse_robot) by extension 'ignore'
[2.716s] Level 1:colcon.colcon_core.package_identification:_identify(/home/anthony/Desktop/Assignment7/src/warehouse_robot) by extension 'ignore_ament_install'
[2.716s] Level 1:colcon.colcon_core.package_identification:_identify(/home/anthony/Desktop/Assignment7/src/warehouse_robot) by extensions ['colcon_pkg']
[2.716s] Level 1:colcon.colcon_core.package_identification:_identify(/home/anthony/Desktop/Assignment7/src/warehouse_robot) by extension 'colcon_pkg'
[2.716s] Level 1:colcon.colcon_core.package_identification:_identify(/home/anthony/Desktop/Assignment7/src/warehouse_robot) by extensions ['colcon_meta']
[2.716s] Level 1:colcon.colcon_core.package_identification:_identify(/home/anthony/Desktop/Assignment7/src/warehouse_robot) by extension 'colcon_meta'
[2.716s] Level 1:colcon.colcon_core.package_identification:_identify(/home/anthony/Desktop/Assignment7/src/warehouse_robot) by extensions ['ros']
[2.716s] Level 1:colcon.colcon_core.package_identification:_identify(/home/anthony/Desktop/Assignment7/src/warehouse_robot) by extension 'ros'
[2.786s] DEBUG:colcon.colcon_core.package_identification:Package '/home/anthony/Desktop/Assignment7/src/warehouse_robot' with type 'ros.ament_cmake' and name 'warehouse_robot'
[2.787s] Level 1:colcon.colcon_core.package_discovery:discover_packages(recursive) using defaults
