[0.043s] Invoking command in '/home/anthony/Desktop/Assignment7/build/warehouse_robot': CMAKE_PREFIX_PATH=${CMAKE_PREFIX_PATH}:/home/anthony/Desktop/Assignment7/install/warehouse_robot_py:/opt/ros/humble /usr/bin/cmake --build /home/anthony/Desktop/Assignment7/build/warehouse_robot -- -j2 -l2
[0.138s] [  2%] Built target warehouse_robot__cpp
[0.140s] [ 12%] Built target warehouse_robot__rosidl_generator_c
[0.195s] [ 23%] Built target warehouse_robot__rosidl_typesupport_fastrtps_cpp
[0.202s] [ 23%] Built target ament_cmake_python_symlink_warehouse_robot
[0.276s] [ 33%] Built target warehouse_robot__rosidl_typesupport_cpp
[0.280s] [ 43%] Built target warehouse_robot__rosidl_typesupport_introspection_cpp
[0.320s] [ 53%] Built target warehouse_robot__rosidl_typesupport_fastrtps_c
[0.321s] [ 64%] Built target warehouse_robot__rosidl_typesupport_introspection_c
[0.370s] [ 74%] Built target warehouse_robot__rosidl_typesupport_c
[0.404s] [ 74%] Built target warehouse_robot
[0.437s] [ 76%] Built target warehouse_robot__py
[0.475s] [ 84%] Built target warehouse_robot__rosidl_generator_py
[0.525s] [ 89%] Built target warehouse_robot__rosidl_typesupport_fastrtps_c__pyext
[0.569s] [ 94%] Built target warehouse_robot__rosidl_typesupport_introspection_c__pyext
[0.606s] [100%] Built target warehouse_robot__rosidl_typesupport_c__pyext
[0.828s] running egg_info
[0.830s] writing warehouse_robot.egg-info/PKG-INFO
[0.832s] writing dependency_links to warehouse_robot.egg-info/dependency_links.txt
[0.833s] writing top-level names to warehouse_robot.egg-info/top_level.txt
[0.838s] reading manifest file 'warehouse_robot.egg-info/SOURCES.txt'
[0.842s] writing manifest file 'warehouse_robot.egg-info/SOURCES.txt'
[0.934s] [100%] Built target ament_cmake_python_build_warehouse_robot_egg
[0.971s] Invoked command in '/home/anthony/Desktop/Assignment7/build/warehouse_robot' returned '0': CMAKE_PREFIX_PATH=${CMAKE_PREFIX_PATH}:/home/anthony/Desktop/Assignment7/install/warehouse_robot_py:/opt/ros/humble /usr/bin/cmake --build /home/anthony/Desktop/Assignment7/build/warehouse_robot -- -j2 -l2
[1.174s] Invoking command in '/home/anthony/Desktop/Assignment7/build/warehouse_robot': CMAKE_PREFIX_PATH=${CMAKE_PREFIX_PATH}:/home/anthony/Desktop/Assignment7/install/warehouse_robot_py:/opt/ros/humble /usr/bin/cmake --install /home/anthony/Desktop/Assignment7/build/warehouse_robot
[1.185s] -- Install configuration: ""
[1.186s] -- Execute custom install script
[1.186s] -- Up-to-date symlink: /home/anthony/Desktop/Assignment7/install/warehouse_robot/share/ament_index/resource_index/rosidl_interfaces/warehouse_robot
[1.187s] -- Up-to-date symlink: /home/anthony/Desktop/Assignment7/install/warehouse_robot/include/warehouse_robot/warehouse_robot/action/deliver_item.h
[1.188s] -- Up-to-date symlink: /home/anthony/Desktop/Assignment7/install/warehouse_robot/include/warehouse_robot/warehouse_robot/action/detail/deliver_item__functions.h
[1.188s] -- Up-to-date symlink: /home/anthony/Desktop/Assignment7/install/warehouse_robot/include/warehouse_robot/warehouse_robot/action/detail/deliver_item__struct.h
[1.188s] -- Up-to-date symlink: /home/anthony/Desktop/Assignment7/install/warehouse_robot/include/warehouse_robot/warehouse_robot/action/detail/deliver_item__type_support.h
[1.188s] -- Up-to-date symlink: /home/anthony/Desktop/Assignment7/install/warehouse_robot/include/warehouse_robot/warehouse_robot/msg/rosidl_generator_c__visibility_control.h
[1.189s] -- Up-to-date symlink: /home/anthony/Desktop/Assignment7/install/warehouse_robot/include/warehouse_robot/warehouse_robot/srv/check_stock.h
[1.189s] -- Up-to-date symlink: /home/anthony/Desktop/Assignment7/install/warehouse_robot/include/warehouse_robot/warehouse_robot/srv/detail/check_stock__functions.h
[1.189s] -- Up-to-date symlink: /home/anthony/Desktop/Assignment7/install/warehouse_robot/include/warehouse_robot/warehouse_robot/srv/detail/check_stock__struct.h
[1.189s] -- Up-to-date symlink: /home/anthony/Desktop/Assignment7/install/warehouse_robot/include/warehouse_robot/warehouse_robot/srv/detail/check_stock__type_support.h
[1.190s] -- Up-to-date symlink: /home/anthony/Desktop/Assignment7/install/warehouse_robot/share/warehouse_robot/environment/library_path.sh
[1.190s] -- Up-to-date symlink: /home/anthony/Desktop/Assignment7/install/warehouse_robot/share/warehouse_robot/environment/library_path.dsv
[1.191s] -- Up-to-date symlink: /home/anthony/Desktop/Assignment7/install/warehouse_robot/include/warehouse_robot/warehouse_robot/action/detail/deliver_item__rosidl_typesupport_fastrtps_c.h
[1.191s] -- Up-to-date symlink: /home/anthony/Desktop/Assignment7/install/warehouse_robot/include/warehouse_robot/warehouse_robot/msg/rosidl_typesupport_fastrtps_c__visibility_control.h
[1.191s] -- Up-to-date symlink: /home/anthony/Desktop/Assignment7/install/warehouse_robot/include/warehouse_robot/warehouse_robot/srv/detail/check_stock__rosidl_typesupport_fastrtps_c.h
[1.192s] -- Up-to-date symlink: /home/anthony/Desktop/Assignment7/install/warehouse_robot/include/warehouse_robot/warehouse_robot/action/detail/deliver_item__rosidl_typesupport_introspection_c.h
[1.192s] -- Up-to-date symlink: /home/anthony/Desktop/Assignment7/install/warehouse_robot/include/warehouse_robot/warehouse_robot/msg/rosidl_typesupport_introspection_c__visibility_control.h
[1.193s] -- Up-to-date symlink: /home/anthony/Desktop/Assignment7/install/warehouse_robot/include/warehouse_robot/warehouse_robot/srv/detail/check_stock__rosidl_typesupport_introspection_c.h
[1.193s] -- Up-to-date symlink: /home/anthony/Desktop/Assignment7/install/warehouse_robot/include/warehouse_robot/warehouse_robot/action/deliver_item.hpp
[1.193s] -- Up-to-date symlink: /home/anthony/Desktop/Assignment7/install/warehouse_robot/include/warehouse_robot/warehouse_robot/action/detail/deliver_item__builder.hpp
[1.194s] -- Up-to-date symlink: /home/anthony/Desktop/Assignment7/install/warehouse_robot/include/warehouse_robot/warehouse_robot/action/detail/deliver_item__struct.hpp
[1.194s] -- Up-to-date symlink: /home/anthony/Desktop/Assignment7/install/warehouse_robot/include/warehouse_robot/warehouse_robot/action/detail/deliver_item__traits.hpp
[1.194s] -- Up-to-date symlink: /home/anthony/Desktop/Assignment7/install/warehouse_robot/include/warehouse_robot/warehouse_robot/srv/check_stock.hpp
[1.194s] -- Up-to-date symlink: /home/anthony/Desktop/Assignment7/install/warehouse_robot/include/warehouse_robot/warehouse_robot/srv/detail/check_stock__builder.hpp
[1.195s] -- Up-to-date symlink: /home/anthony/Desktop/Assignment7/install/warehouse_robot/include/warehouse_robot/warehouse_robot/srv/detail/check_stock__struct.hpp
[1.195s] -- Up-to-date symlink: /home/anthony/Desktop/Assignment7/install/warehouse_robot/include/warehouse_robot/warehouse_robot/srv/detail/check_stock__traits.hpp
[1.196s] -- Up-to-date symlink: /home/anthony/Desktop/Assignment7/install/warehouse_robot/include/warehouse_robot/warehouse_robot/action/detail/deliver_item__rosidl_typesupport_fastrtps_cpp.hpp
[1.196s] -- Up-to-date symlink: /home/anthony/Desktop/Assignment7/install/warehouse_robot/include/warehouse_robot/warehouse_robot/msg/rosidl_typesupport_fastrtps_cpp__visibility_control.h
[1.197s] -- Up-to-date symlink: /home/anthony/Desktop/Assignment7/install/warehouse_robot/include/warehouse_robot/warehouse_robot/srv/detail/check_stock__rosidl_typesupport_fastrtps_cpp.hpp
[1.197s] -- Up-to-date symlink: /home/anthony/Desktop/Assignment7/install/warehouse_robot/include/warehouse_robot/warehouse_robot/action/detail/deliver_item__rosidl_typesupport_introspection_cpp.hpp
[1.197s] -- Up-to-date symlink: /home/anthony/Desktop/Assignment7/install/warehouse_robot/include/warehouse_robot/warehouse_robot/srv/detail/check_stock__rosidl_typesupport_introspection_cpp.hpp
[1.198s] -- Up-to-date symlink: /home/anthony/Desktop/Assignment7/install/warehouse_robot/share/warehouse_robot/environment/pythonpath.sh
[1.198s] -- Up-to-date symlink: /home/anthony/Desktop/Assignment7/install/warehouse_robot/share/warehouse_robot/environment/pythonpath.dsv
[1.198s] -- Up-to-date symlink: /home/anthony/Desktop/Assignment7/install/warehouse_robot/local/lib/python3.10/dist-packages/warehouse_robot-0.0.0-py3.10.egg-info/PKG-INFO
[1.198s] -- Up-to-date symlink: /home/anthony/Desktop/Assignment7/install/warehouse_robot/local/lib/python3.10/dist-packages/warehouse_robot-0.0.0-py3.10.egg-info/SOURCES.txt
[1.199s] -- Up-to-date symlink: /home/anthony/Desktop/Assignment7/install/warehouse_robot/local/lib/python3.10/dist-packages/warehouse_robot-0.0.0-py3.10.egg-info/dependency_links.txt
[1.199s] -- Up-to-date symlink: /home/anthony/Desktop/Assignment7/install/warehouse_robot/local/lib/python3.10/dist-packages/warehouse_robot-0.0.0-py3.10.egg-info/top_level.txt
[1.200s] -- Up-to-date symlink: /home/anthony/Desktop/Assignment7/install/warehouse_robot/local/lib/python3.10/dist-packages/warehouse_robot/__init__.py
[1.200s] -- Up-to-date symlink: /home/anthony/Desktop/Assignment7/install/warehouse_robot/local/lib/python3.10/dist-packages/warehouse_robot/_warehouse_robot_s.ep.rosidl_typesupport_c.c
[1.200s] -- Up-to-date symlink: /home/anthony/Desktop/Assignment7/install/warehouse_robot/local/lib/python3.10/dist-packages/warehouse_robot/_warehouse_robot_s.ep.rosidl_typesupport_fastrtps_c.c
[1.200s] -- Up-to-date symlink: /home/anthony/Desktop/Assignment7/install/warehouse_robot/local/lib/python3.10/dist-packages/warehouse_robot/_warehouse_robot_s.ep.rosidl_typesupport_introspection_c.c
[1.200s] -- Up-to-date symlink: /home/anthony/Desktop/Assignment7/install/warehouse_robot/local/lib/python3.10/dist-packages/warehouse_robot/action/__init__.py
[1.201s] -- Up-to-date symlink: /home/anthony/Desktop/Assignment7/install/warehouse_robot/local/lib/python3.10/dist-packages/warehouse_robot/action/_deliver_item.py
[1.201s] -- Up-to-date symlink: /home/anthony/Desktop/Assignment7/install/warehouse_robot/local/lib/python3.10/dist-packages/warehouse_robot/action/_deliver_item_s.c
[1.201s] -- Up-to-date symlink: /home/anthony/Desktop/Assignment7/install/warehouse_robot/local/lib/python3.10/dist-packages/warehouse_robot/libwarehouse_robot__rosidl_generator_py.so
[1.201s] -- Up-to-date symlink: /home/anthony/Desktop/Assignment7/install/warehouse_robot/local/lib/python3.10/dist-packages/warehouse_robot/srv/__init__.py
[1.201s] -- Up-to-date symlink: /home/anthony/Desktop/Assignment7/install/warehouse_robot/local/lib/python3.10/dist-packages/warehouse_robot/srv/_check_stock.py
[1.201s] -- Up-to-date symlink: /home/anthony/Desktop/Assignment7/install/warehouse_robot/local/lib/python3.10/dist-packages/warehouse_robot/srv/_check_stock_s.c
[1.202s] -- Up-to-date symlink: /home/anthony/Desktop/Assignment7/install/warehouse_robot/local/lib/python3.10/dist-packages/warehouse_robot/warehouse_robot_s__rosidl_typesupport_c.cpython-310-x86_64-linux-gnu.so
[1.202s] -- Up-to-date symlink: /home/anthony/Desktop/Assignment7/install/warehouse_robot/local/lib/python3.10/dist-packages/warehouse_robot/warehouse_robot_s__rosidl_typesupport_fastrtps_c.cpython-310-x86_64-linux-gnu.so
[1.202s] -- Up-to-date symlink: /home/anthony/Desktop/Assignment7/install/warehouse_robot/local/lib/python3.10/dist-packages/warehouse_robot/warehouse_robot_s__rosidl_typesupport_introspection_c.cpython-310-x86_64-linux-gnu.so
[1.202s] -- Up-to-date symlink: /home/anthony/Desktop/Assignment7/install/warehouse_robot/local/lib/python3.10/dist-packages/warehouse_robot/warehouse_robot_s__rosidl_typesupport_fastrtps_c.cpython-310-x86_64-linux-gnu.so
[1.203s] -- Up-to-date symlink: /home/anthony/Desktop/Assignment7/install/warehouse_robot/local/lib/python3.10/dist-packages/warehouse_robot/warehouse_robot_s__rosidl_typesupport_introspection_c.cpython-310-x86_64-linux-gnu.so
[1.203s] -- Up-to-date symlink: /home/anthony/Desktop/Assignment7/install/warehouse_robot/local/lib/python3.10/dist-packages/warehouse_robot/warehouse_robot_s__rosidl_typesupport_c.cpython-310-x86_64-linux-gnu.so
[1.203s] -- Up-to-date symlink: /home/anthony/Desktop/Assignment7/install/warehouse_robot/share/warehouse_robot/action/DeliverItem.idl
[1.204s] -- Up-to-date symlink: /home/anthony/Desktop/Assignment7/install/warehouse_robot/share/warehouse_robot/srv/CheckStock.idl
[1.204s] -- Up-to-date symlink: /home/anthony/Desktop/Assignment7/install/warehouse_robot/share/warehouse_robot/action/DeliverItem.action
[1.204s] -- Up-to-date symlink: /home/anthony/Desktop/Assignment7/install/warehouse_robot/share/warehouse_robot/srv/CheckStock.srv
[1.204s] -- Up-to-date symlink: /home/anthony/Desktop/Assignment7/install/warehouse_robot/share/warehouse_robot/srv/CheckStock_Request.msg
[1.205s] -- Up-to-date symlink: /home/anthony/Desktop/Assignment7/install/warehouse_robot/share/warehouse_robot/srv/CheckStock_Response.msg
[1.205s] -- Up-to-date symlink: /home/anthony/Desktop/Assignment7/install/warehouse_robot/share/ament_index/resource_index/package_run_dependencies/warehouse_robot
[1.205s] -- Up-to-date symlink: /home/anthony/Desktop/Assignment7/install/warehouse_robot/share/ament_index/resource_index/parent_prefix_path/warehouse_robot
[1.205s] -- Up-to-date symlink: /home/anthony/Desktop/Assignment7/install/warehouse_robot/share/warehouse_robot/environment/ament_prefix_path.sh
[1.205s] -- Up-to-date symlink: /home/anthony/Desktop/Assignment7/install/warehouse_robot/share/warehouse_robot/environment/ament_prefix_path.dsv
[1.206s] -- Up-to-date symlink: /home/anthony/Desktop/Assignment7/install/warehouse_robot/share/warehouse_robot/environment/path.sh
[1.206s] -- Up-to-date symlink: /home/anthony/Desktop/Assignment7/install/warehouse_robot/share/warehouse_robot/environment/path.dsv
[1.206s] -- Up-to-date symlink: /home/anthony/Desktop/Assignment7/install/warehouse_robot/share/warehouse_robot/local_setup.bash
[1.206s] -- Up-to-date symlink: /home/anthony/Desktop/Assignment7/install/warehouse_robot/share/warehouse_robot/local_setup.sh
[1.207s] -- Up-to-date symlink: /home/anthony/Desktop/Assignment7/install/warehouse_robot/share/warehouse_robot/local_setup.zsh
[1.207s] -- Up-to-date symlink: /home/anthony/Desktop/Assignment7/install/warehouse_robot/share/warehouse_robot/local_setup.dsv
[1.207s] -- Symlinking: /home/anthony/Desktop/Assignment7/install/warehouse_robot/share/warehouse_robot/package.dsv
[1.224s] -- Up-to-date symlink: /home/anthony/Desktop/Assignment7/install/warehouse_robot/share/ament_index/resource_index/packages/warehouse_robot
[1.224s] -- Up-to-date symlink: /home/anthony/Desktop/Assignment7/install/warehouse_robot/share/warehouse_robot/cmake/rosidl_cmake-extras.cmake
[1.224s] -- Up-to-date symlink: /home/anthony/Desktop/Assignment7/install/warehouse_robot/share/warehouse_robot/cmake/ament_cmake_export_dependencies-extras.cmake
[1.225s] -- Up-to-date symlink: /home/anthony/Desktop/Assignment7/install/warehouse_robot/share/warehouse_robot/cmake/ament_cmake_export_include_directories-extras.cmake
[1.225s] -- Up-to-date symlink: /home/anthony/Desktop/Assignment7/install/warehouse_robot/share/warehouse_robot/cmake/ament_cmake_export_libraries-extras.cmake
[1.225s] -- Up-to-date symlink: /home/anthony/Desktop/Assignment7/install/warehouse_robot/share/warehouse_robot/cmake/ament_cmake_export_targets-extras.cmake
[1.225s] -- Up-to-date symlink: /home/anthony/Desktop/Assignment7/install/warehouse_robot/share/warehouse_robot/cmake/rosidl_cmake_export_typesupport_targets-extras.cmake
[1.225s] -- Up-to-date symlink: /home/anthony/Desktop/Assignment7/install/warehouse_robot/share/warehouse_robot/cmake/rosidl_cmake_export_typesupport_libraries-extras.cmake
[1.226s] -- Up-to-date symlink: /home/anthony/Desktop/Assignment7/install/warehouse_robot/share/warehouse_robot/cmake/warehouse_robotConfig.cmake
[1.226s] -- Up-to-date symlink: /home/anthony/Desktop/Assignment7/install/warehouse_robot/share/warehouse_robot/cmake/warehouse_robotConfig-version.cmake
[1.226s] -- Up-to-date symlink: /home/anthony/Desktop/Assignment7/install/warehouse_robot/share/warehouse_robot/package.xml
[1.227s] -- Up-to-date: /home/anthony/Desktop/Assignment7/install/warehouse_robot/lib/libwarehouse_robot__rosidl_generator_c.so
[1.227s] -- Up-to-date: /home/anthony/Desktop/Assignment7/install/warehouse_robot/lib/libwarehouse_robot__rosidl_typesupport_fastrtps_c.so
[1.228s] -- Up-to-date: /home/anthony/Desktop/Assignment7/install/warehouse_robot/lib/libwarehouse_robot__rosidl_typesupport_introspection_c.so
[1.228s] -- Up-to-date: /home/anthony/Desktop/Assignment7/install/warehouse_robot/lib/libwarehouse_robot__rosidl_typesupport_c.so
[1.228s] -- Up-to-date: /home/anthony/Desktop/Assignment7/install/warehouse_robot/lib/libwarehouse_robot__rosidl_typesupport_fastrtps_cpp.so
[1.229s] -- Up-to-date: /home/anthony/Desktop/Assignment7/install/warehouse_robot/lib/libwarehouse_robot__rosidl_typesupport_introspection_cpp.so
[1.229s] -- Up-to-date: /home/anthony/Desktop/Assignment7/install/warehouse_robot/lib/libwarehouse_robot__rosidl_typesupport_cpp.so
[1.285s] Listing '/home/anthony/Desktop/Assignment7/install/warehouse_robot/local/lib/python3.10/dist-packages/warehouse_robot'...
[1.285s] Listing '/home/anthony/Desktop/Assignment7/install/warehouse_robot/local/lib/python3.10/dist-packages/warehouse_robot/action'...
[1.285s] Listing '/home/anthony/Desktop/Assignment7/install/warehouse_robot/local/lib/python3.10/dist-packages/warehouse_robot/srv'...
[1.292s] -- Up-to-date: /home/anthony/Desktop/Assignment7/install/warehouse_robot/lib/libwarehouse_robot__rosidl_generator_py.so
[1.293s] -- Up-to-date: /home/anthony/Desktop/Assignment7/install/warehouse_robot/share/warehouse_robot/cmake/export_warehouse_robot__rosidl_generator_cExport.cmake
[1.293s] -- Up-to-date: /home/anthony/Desktop/Assignment7/install/warehouse_robot/share/warehouse_robot/cmake/export_warehouse_robot__rosidl_generator_cExport-noconfig.cmake
[1.293s] -- Up-to-date: /home/anthony/Desktop/Assignment7/install/warehouse_robot/share/warehouse_robot/cmake/export_warehouse_robot__rosidl_typesupport_fastrtps_cExport.cmake
[1.293s] -- Up-to-date: /home/anthony/Desktop/Assignment7/install/warehouse_robot/share/warehouse_robot/cmake/export_warehouse_robot__rosidl_typesupport_fastrtps_cExport-noconfig.cmake
[1.294s] -- Up-to-date: /home/anthony/Desktop/Assignment7/install/warehouse_robot/share/warehouse_robot/cmake/warehouse_robot__rosidl_typesupport_introspection_cExport.cmake
[1.294s] -- Up-to-date: /home/anthony/Desktop/Assignment7/install/warehouse_robot/share/warehouse_robot/cmake/warehouse_robot__rosidl_typesupport_introspection_cExport-noconfig.cmake
[1.294s] -- Up-to-date: /home/anthony/Desktop/Assignment7/install/warehouse_robot/share/warehouse_robot/cmake/warehouse_robot__rosidl_typesupport_cExport.cmake
[1.294s] -- Up-to-date: /home/anthony/Desktop/Assignment7/install/warehouse_robot/share/warehouse_robot/cmake/warehouse_robot__rosidl_typesupport_cExport-noconfig.cmake
[1.294s] -- Up-to-date: /home/anthony/Desktop/Assignment7/install/warehouse_robot/share/warehouse_robot/cmake/export_warehouse_robot__rosidl_generator_cppExport.cmake
[1.295s] -- Up-to-date: /home/anthony/Desktop/Assignment7/install/warehouse_robot/share/warehouse_robot/cmake/export_warehouse_robot__rosidl_typesupport_fastrtps_cppExport.cmake
[1.295s] -- Up-to-date: /home/anthony/Desktop/Assignment7/install/warehouse_robot/share/warehouse_robot/cmake/export_warehouse_robot__rosidl_typesupport_fastrtps_cppExport-noconfig.cmake
[1.295s] -- Up-to-date: /home/anthony/Desktop/Assignment7/install/warehouse_robot/share/warehouse_robot/cmake/warehouse_robot__rosidl_typesupport_introspection_cppExport.cmake
[1.295s] -- Up-to-date: /home/anthony/Desktop/Assignment7/install/warehouse_robot/share/warehouse_robot/cmake/warehouse_robot__rosidl_typesupport_introspection_cppExport-noconfig.cmake
[1.295s] -- Up-to-date: /home/anthony/Desktop/Assignment7/install/warehouse_robot/share/warehouse_robot/cmake/warehouse_robot__rosidl_typesupport_cppExport.cmake
[1.295s] -- Up-to-date: /home/anthony/Desktop/Assignment7/install/warehouse_robot/share/warehouse_robot/cmake/warehouse_robot__rosidl_typesupport_cppExport-noconfig.cmake
[1.295s] -- Up-to-date: /home/anthony/Desktop/Assignment7/install/warehouse_robot/share/warehouse_robot/cmake/export_warehouse_robot__rosidl_generator_pyExport.cmake
[1.295s] -- Up-to-date: /home/anthony/Desktop/Assignment7/install/warehouse_robot/share/warehouse_robot/cmake/export_warehouse_robot__rosidl_generator_pyExport-noconfig.cmake
[1.298s] Invoked command in '/home/anthony/Desktop/Assignment7/build/warehouse_robot' returned '0': CMAKE_PREFIX_PATH=${CMAKE_PREFIX_PATH}:/home/anthony/Desktop/Assignment7/install/warehouse_robot_py:/opt/ros/humble /usr/bin/cmake --install /home/anthony/Desktop/Assignment7/build/warehouse_robot
