[0.017s] Invoking command in '/home/anthony/Desktop/Assignment7/build/warehouse_robot': CMAKE_PREFIX_PATH=${CMAKE_PREFIX_PATH}:/home/anthony/Desktop/Assignment7/install/warehouse_robot_py:/opt/ros/humble /usr/bin/cmake /home/anthony/Desktop/Assignment7/src/warehouse_robot -DCMAKE_INSTALL_PREFIX=/home/anthony/Desktop/Assignment7/install/warehouse_robot
[0.041s] -- Found ament_cmake: 1.3.9 (/opt/ros/humble/share/ament_cmake/cmake)
[0.234s] -- Override CMake install command with custom implementation using symlinks instead of copying resources
[0.240s] -- Found rosidl_default_generators: 1.2.0 (/opt/ros/humble/share/rosidl_default_generators/cmake)
[0.242s] -- Using all available rosidl_typesupport_c: rosidl_typesupport_fastrtps_c;rosidl_typesupport_introspection_c
[0.244s] -- Found rosidl_adapter: 3.1.5 (/opt/ros/humble/share/rosidl_adapter/cmake)
[0.304s] -- Using all available rosidl_typesupport_cpp: rosidl_typesupport_fastrtps_cpp;rosidl_typesupport_introspection_cpp
[1.034s] -- Found ament_cmake_ros: 0.10.0 (/opt/ros/humble/share/ament_cmake_ros/cmake)
[1.447s] -- Using all available rosidl_typesupport_c: rosidl_typesupport_fastrtps_c;rosidl_typesupport_introspection_c
[1.785s] -- Using all available rosidl_typesupport_cpp: rosidl_typesupport_fastrtps_cpp;rosidl_typesupport_introspection_cpp
[1.812s] -- Found python_cmake_module: 0.10.0 (/opt/ros/humble/share/python_cmake_module/cmake)
[1.854s] -- Using PYTHON_EXECUTABLE: /usr/bin/python3
[1.854s] -- Using PYTHON_INCLUDE_DIRS: /usr/include/python3.10
[1.854s] -- Using PYTHON_LIBRARIES: /usr/lib/x86_64-linux-gnu/libpython3.10.so
[1.912s] -- Configuring done
[1.986s] -- Generating done
[1.993s] -- Build files have been written to: /home/anthony/Desktop/Assignment7/build/warehouse_robot
[2.008s] Invoked command in '/home/anthony/Desktop/Assignment7/build/warehouse_robot' returned '0': CMAKE_PREFIX_PATH=${CMAKE_PREFIX_PATH}:/home/anthony/Desktop/Assignment7/install/warehouse_robot_py:/opt/ros/humble /usr/bin/cmake /home/anthony/Desktop/Assignment7/src/warehouse_robot -DCMAKE_INSTALL_PREFIX=/home/anthony/Desktop/Assignment7/install/warehouse_robot
[2.009s] Invoking command in '/home/anthony/Desktop/Assignment7/build/warehouse_robot': CMAKE_PREFIX_PATH=${CMAKE_PREFIX_PATH}:/home/anthony/Desktop/Assignment7/install/warehouse_robot_py:/opt/ros/humble /usr/bin/cmake --build /home/anthony/Desktop/Assignment7/build/warehouse_robot -- -j2 -l2
[2.082s] [35m[1mConsolidate compiler generated dependencies of target warehouse_robot__rosidl_generator_c[0m
[2.105s] [ 10%] Built target warehouse_robot__rosidl_generator_c
[2.142s] [ 12%] Built target warehouse_robot__cpp
[2.166s] [35m[1mConsolidate compiler generated dependencies of target warehouse_robot__rosidl_typesupport_introspection_cpp[0m
[2.198s] [ 12%] Built target ament_cmake_python_symlink_warehouse_robot
[2.200s] [ 23%] Built target warehouse_robot__rosidl_typesupport_introspection_cpp
[2.223s] [35m[1mConsolidate compiler generated dependencies of target warehouse_robot__rosidl_typesupport_fastrtps_c[0m
[2.228s] [35m[1mConsolidate compiler generated dependencies of target warehouse_robot__rosidl_typesupport_cpp[0m
[2.265s] [ 33%] Built target warehouse_robot__rosidl_typesupport_fastrtps_c
[2.306s] [ 43%] Built target warehouse_robot__rosidl_typesupport_cpp
[2.313s] [35m[1mConsolidate compiler generated dependencies of target warehouse_robot__rosidl_typesupport_introspection_c[0m
[2.332s] [35m[1mConsolidate compiler generated dependencies of target warehouse_robot__rosidl_typesupport_c[0m
[2.346s] [ 53%] Built target warehouse_robot__rosidl_typesupport_introspection_c
[2.367s] [ 64%] Built target warehouse_robot__rosidl_typesupport_c
[2.381s] [35m[1mConsolidate compiler generated dependencies of target warehouse_robot__rosidl_typesupport_fastrtps_cpp[0m
[2.416s] [ 74%] Built target warehouse_robot__rosidl_typesupport_fastrtps_cpp
[2.501s] [ 74%] Built target warehouse_robot
[2.529s] [ 76%] Built target warehouse_robot__py
[2.541s] [35m[1mConsolidate compiler generated dependencies of target warehouse_robot__rosidl_generator_py[0m
[2.563s] [ 84%] Built target warehouse_robot__rosidl_generator_py
[2.588s] [35m[1mConsolidate compiler generated dependencies of target warehouse_robot__rosidl_typesupport_fastrtps_c__pyext[0m
[2.605s] [ 89%] Built target warehouse_robot__rosidl_typesupport_fastrtps_c__pyext
[2.625s] [35m[1mConsolidate compiler generated dependencies of target warehouse_robot__rosidl_typesupport_introspection_c__pyext[0m
[2.646s] [ 94%] Built target warehouse_robot__rosidl_typesupport_introspection_c__pyext
[2.682s] [35m[1mConsolidate compiler generated dependencies of target warehouse_robot__rosidl_typesupport_c__pyext[0m
[2.730s] [100%] Built target warehouse_robot__rosidl_typesupport_c__pyext
[2.827s] running egg_info
[2.828s] writing warehouse_robot.egg-info/PKG-INFO
[2.829s] writing dependency_links to warehouse_robot.egg-info/dependency_links.txt
[2.829s] writing top-level names to warehouse_robot.egg-info/top_level.txt
[2.833s] reading manifest file 'warehouse_robot.egg-info/SOURCES.txt'
[2.835s] writing manifest file 'warehouse_robot.egg-info/SOURCES.txt'
[2.879s] [100%] Built target ament_cmake_python_build_warehouse_robot_egg
[2.902s] Invoked command in '/home/anthony/Desktop/Assignment7/build/warehouse_robot' returned '0': CMAKE_PREFIX_PATH=${CMAKE_PREFIX_PATH}:/home/anthony/Desktop/Assignment7/install/warehouse_robot_py:/opt/ros/humble /usr/bin/cmake --build /home/anthony/Desktop/Assignment7/build/warehouse_robot -- -j2 -l2
[3.102s] Invoking command in '/home/anthony/Desktop/Assignment7/build/warehouse_robot': CMAKE_PREFIX_PATH=${CMAKE_PREFIX_PATH}:/home/anthony/Desktop/Assignment7/install/warehouse_robot_py:/opt/ros/humble /usr/bin/cmake --install /home/anthony/Desktop/Assignment7/build/warehouse_robot
[3.115s] -- Install configuration: ""
[3.116s] -- Execute custom install script
[3.117s] -- Up-to-date symlink: /home/anthony/Desktop/Assignment7/install/warehouse_robot/share/ament_index/resource_index/rosidl_interfaces/warehouse_robot
[3.118s] -- Up-to-date symlink: /home/anthony/Desktop/Assignment7/install/warehouse_robot/include/warehouse_robot/warehouse_robot/action/deliver_item.h
[3.119s] -- Up-to-date symlink: /home/anthony/Desktop/Assignment7/install/warehouse_robot/include/warehouse_robot/warehouse_robot/action/detail/deliver_item__functions.h
[3.119s] -- Up-to-date symlink: /home/anthony/Desktop/Assignment7/install/warehouse_robot/include/warehouse_robot/warehouse_robot/action/detail/deliver_item__struct.h
[3.120s] -- Up-to-date symlink: /home/anthony/Desktop/Assignment7/install/warehouse_robot/include/warehouse_robot/warehouse_robot/action/detail/deliver_item__type_support.h
[3.120s] -- Up-to-date symlink: /home/anthony/Desktop/Assignment7/install/warehouse_robot/include/warehouse_robot/warehouse_robot/msg/rosidl_generator_c__visibility_control.h
[3.120s] -- Up-to-date symlink: /home/anthony/Desktop/Assignment7/install/warehouse_robot/include/warehouse_robot/warehouse_robot/srv/check_stock.h
[3.121s] -- Up-to-date symlink: /home/anthony/Desktop/Assignment7/install/warehouse_robot/include/warehouse_robot/warehouse_robot/srv/detail/check_stock__functions.h
[3.121s] -- Up-to-date symlink: /home/anthony/Desktop/Assignment7/install/warehouse_robot/include/warehouse_robot/warehouse_robot/srv/detail/check_stock__struct.h
[3.122s] -- Up-to-date symlink: /home/anthony/Desktop/Assignment7/install/warehouse_robot/include/warehouse_robot/warehouse_robot/srv/detail/check_stock__type_support.h
[3.123s] -- Up-to-date symlink: /home/anthony/Desktop/Assignment7/install/warehouse_robot/share/warehouse_robot/environment/library_path.sh
[3.123s] -- Up-to-date symlink: /home/anthony/Desktop/Assignment7/install/warehouse_robot/share/warehouse_robot/environment/library_path.dsv
[3.124s] -- Up-to-date symlink: /home/anthony/Desktop/Assignment7/install/warehouse_robot/include/warehouse_robot/warehouse_robot/action/detail/deliver_item__rosidl_typesupport_fastrtps_c.h
[3.124s] -- Up-to-date symlink: /home/anthony/Desktop/Assignment7/install/warehouse_robot/include/warehouse_robot/warehouse_robot/msg/rosidl_typesupport_fastrtps_c__visibility_control.h
[3.125s] -- Up-to-date symlink: /home/anthony/Desktop/Assignment7/install/warehouse_robot/include/warehouse_robot/warehouse_robot/srv/detail/check_stock__rosidl_typesupport_fastrtps_c.h
[3.126s] -- Up-to-date symlink: /home/anthony/Desktop/Assignment7/install/warehouse_robot/include/warehouse_robot/warehouse_robot/action/detail/deliver_item__rosidl_typesupport_introspection_c.h
[3.126s] -- Up-to-date symlink: /home/anthony/Desktop/Assignment7/install/warehouse_robot/include/warehouse_robot/warehouse_robot/msg/rosidl_typesupport_introspection_c__visibility_control.h
[3.126s] -- Up-to-date symlink: /home/anthony/Desktop/Assignment7/install/warehouse_robot/include/warehouse_robot/warehouse_robot/srv/detail/check_stock__rosidl_typesupport_introspection_c.h
[3.127s] -- Up-to-date symlink: /home/anthony/Desktop/Assignment7/install/warehouse_robot/include/warehouse_robot/warehouse_robot/action/deliver_item.hpp
[3.128s] -- Up-to-date symlink: /home/anthony/Desktop/Assignment7/install/warehouse_robot/include/warehouse_robot/warehouse_robot/action/detail/deliver_item__builder.hpp
[3.128s] -- Up-to-date symlink: /home/anthony/Desktop/Assignment7/install/warehouse_robot/include/warehouse_robot/warehouse_robot/action/detail/deliver_item__struct.hpp
[3.128s] -- Up-to-date symlink: /home/anthony/Desktop/Assignment7/install/warehouse_robot/include/warehouse_robot/warehouse_robot/action/detail/deliver_item__traits.hpp
[3.129s] -- Up-to-date symlink: /home/anthony/Desktop/Assignment7/install/warehouse_robot/include/warehouse_robot/warehouse_robot/srv/check_stock.hpp
[3.129s] -- Up-to-date symlink: /home/anthony/Desktop/Assignment7/install/warehouse_robot/include/warehouse_robot/warehouse_robot/srv/detail/check_stock__builder.hpp
[3.130s] -- Up-to-date symlink: /home/anthony/Desktop/Assignment7/install/warehouse_robot/include/warehouse_robot/warehouse_robot/srv/detail/check_stock__struct.hpp
[3.130s] -- Up-to-date symlink: /home/anthony/Desktop/Assignment7/install/warehouse_robot/include/warehouse_robot/warehouse_robot/srv/detail/check_stock__traits.hpp
[3.131s] -- Up-to-date symlink: /home/anthony/Desktop/Assignment7/install/warehouse_robot/include/warehouse_robot/warehouse_robot/action/detail/deliver_item__rosidl_typesupport_fastrtps_cpp.hpp
[3.132s] -- Up-to-date symlink: /home/anthony/Desktop/Assignment7/install/warehouse_robot/include/warehouse_robot/warehouse_robot/msg/rosidl_typesupport_fastrtps_cpp__visibility_control.h
[3.132s] -- Up-to-date symlink: /home/anthony/Desktop/Assignment7/install/warehouse_robot/include/warehouse_robot/warehouse_robot/srv/detail/check_stock__rosidl_typesupport_fastrtps_cpp.hpp
[3.133s] -- Up-to-date symlink: /home/anthony/Desktop/Assignment7/install/warehouse_robot/include/warehouse_robot/warehouse_robot/action/detail/deliver_item__rosidl_typesupport_introspection_cpp.hpp
[3.133s] -- Up-to-date symlink: /home/anthony/Desktop/Assignment7/install/warehouse_robot/include/warehouse_robot/warehouse_robot/srv/detail/check_stock__rosidl_typesupport_introspection_cpp.hpp
[3.134s] -- Up-to-date symlink: /home/anthony/Desktop/Assignment7/install/warehouse_robot/share/warehouse_robot/environment/pythonpath.sh
[3.134s] -- Up-to-date symlink: /home/anthony/Desktop/Assignment7/install/warehouse_robot/share/warehouse_robot/environment/pythonpath.dsv
[3.135s] -- Up-to-date symlink: /home/anthony/Desktop/Assignment7/install/warehouse_robot/local/lib/python3.10/dist-packages/warehouse_robot-0.0.0-py3.10.egg-info/PKG-INFO
[3.136s] -- Up-to-date symlink: /home/anthony/Desktop/Assignment7/install/warehouse_robot/local/lib/python3.10/dist-packages/warehouse_robot-0.0.0-py3.10.egg-info/SOURCES.txt
[3.136s] -- Up-to-date symlink: /home/anthony/Desktop/Assignment7/install/warehouse_robot/local/lib/python3.10/dist-packages/warehouse_robot-0.0.0-py3.10.egg-info/dependency_links.txt
[3.136s] -- Up-to-date symlink: /home/anthony/Desktop/Assignment7/install/warehouse_robot/local/lib/python3.10/dist-packages/warehouse_robot-0.0.0-py3.10.egg-info/top_level.txt
[3.137s] -- Up-to-date symlink: /home/anthony/Desktop/Assignment7/install/warehouse_robot/local/lib/python3.10/dist-packages/warehouse_robot/__init__.py
[3.138s] -- Up-to-date symlink: /home/anthony/Desktop/Assignment7/install/warehouse_robot/local/lib/python3.10/dist-packages/warehouse_robot/_warehouse_robot_s.ep.rosidl_typesupport_c.c
[3.138s] -- Up-to-date symlink: /home/anthony/Desktop/Assignment7/install/warehouse_robot/local/lib/python3.10/dist-packages/warehouse_robot/_warehouse_robot_s.ep.rosidl_typesupport_fastrtps_c.c
[3.139s] -- Up-to-date symlink: /home/anthony/Desktop/Assignment7/install/warehouse_robot/local/lib/python3.10/dist-packages/warehouse_robot/_warehouse_robot_s.ep.rosidl_typesupport_introspection_c.c
[3.139s] -- Up-to-date symlink: /home/anthony/Desktop/Assignment7/install/warehouse_robot/local/lib/python3.10/dist-packages/warehouse_robot/action/__init__.py
[3.139s] -- Up-to-date symlink: /home/anthony/Desktop/Assignment7/install/warehouse_robot/local/lib/python3.10/dist-packages/warehouse_robot/action/_deliver_item.py
[3.140s] -- Up-to-date symlink: /home/anthony/Desktop/Assignment7/install/warehouse_robot/local/lib/python3.10/dist-packages/warehouse_robot/action/_deliver_item_s.c
[3.140s] -- Up-to-date symlink: /home/anthony/Desktop/Assignment7/install/warehouse_robot/local/lib/python3.10/dist-packages/warehouse_robot/libwarehouse_robot__rosidl_generator_py.so
[3.141s] -- Up-to-date symlink: /home/anthony/Desktop/Assignment7/install/warehouse_robot/local/lib/python3.10/dist-packages/warehouse_robot/srv/__init__.py
[3.141s] -- Up-to-date symlink: /home/anthony/Desktop/Assignment7/install/warehouse_robot/local/lib/python3.10/dist-packages/warehouse_robot/srv/_check_stock.py
[3.141s] -- Up-to-date symlink: /home/anthony/Desktop/Assignment7/install/warehouse_robot/local/lib/python3.10/dist-packages/warehouse_robot/srv/_check_stock_s.c
[3.142s] -- Up-to-date symlink: /home/anthony/Desktop/Assignment7/install/warehouse_robot/local/lib/python3.10/dist-packages/warehouse_robot/warehouse_robot_s__rosidl_typesupport_c.cpython-310-x86_64-linux-gnu.so
[3.142s] -- Up-to-date symlink: /home/anthony/Desktop/Assignment7/install/warehouse_robot/local/lib/python3.10/dist-packages/warehouse_robot/warehouse_robot_s__rosidl_typesupport_fastrtps_c.cpython-310-x86_64-linux-gnu.so
[3.143s] -- Up-to-date symlink: /home/anthony/Desktop/Assignment7/install/warehouse_robot/local/lib/python3.10/dist-packages/warehouse_robot/warehouse_robot_s__rosidl_typesupport_introspection_c.cpython-310-x86_64-linux-gnu.so
[3.144s] -- Up-to-date symlink: /home/anthony/Desktop/Assignment7/install/warehouse_robot/local/lib/python3.10/dist-packages/warehouse_robot/warehouse_robot_s__rosidl_typesupport_fastrtps_c.cpython-310-x86_64-linux-gnu.so
[3.144s] -- Up-to-date symlink: /home/anthony/Desktop/Assignment7/install/warehouse_robot/local/lib/python3.10/dist-packages/warehouse_robot/warehouse_robot_s__rosidl_typesupport_introspection_c.cpython-310-x86_64-linux-gnu.so
[3.145s] -- Up-to-date symlink: /home/anthony/Desktop/Assignment7/install/warehouse_robot/local/lib/python3.10/dist-packages/warehouse_robot/warehouse_robot_s__rosidl_typesupport_c.cpython-310-x86_64-linux-gnu.so
[3.145s] -- Up-to-date symlink: /home/anthony/Desktop/Assignment7/install/warehouse_robot/share/warehouse_robot/action/DeliverItem.idl
[3.146s] -- Up-to-date symlink: /home/anthony/Desktop/Assignment7/install/warehouse_robot/share/warehouse_robot/srv/CheckStock.idl
[3.146s] -- Up-to-date symlink: /home/anthony/Desktop/Assignment7/install/warehouse_robot/share/warehouse_robot/action/DeliverItem.action
[3.147s] -- Up-to-date symlink: /home/anthony/Desktop/Assignment7/install/warehouse_robot/share/warehouse_robot/srv/CheckStock.srv
[3.147s] -- Up-to-date symlink: /home/anthony/Desktop/Assignment7/install/warehouse_robot/share/warehouse_robot/srv/CheckStock_Request.msg
[3.148s] -- Up-to-date symlink: /home/anthony/Desktop/Assignment7/install/warehouse_robot/share/warehouse_robot/srv/CheckStock_Response.msg
[3.149s] -- Up-to-date symlink: /home/anthony/Desktop/Assignment7/install/warehouse_robot/share/ament_index/resource_index/package_run_dependencies/warehouse_robot
[3.149s] -- Up-to-date symlink: /home/anthony/Desktop/Assignment7/install/warehouse_robot/share/ament_index/resource_index/parent_prefix_path/warehouse_robot
[3.149s] -- Up-to-date symlink: /home/anthony/Desktop/Assignment7/install/warehouse_robot/share/warehouse_robot/environment/ament_prefix_path.sh
[3.150s] -- Up-to-date symlink: /home/anthony/Desktop/Assignment7/install/warehouse_robot/share/warehouse_robot/environment/ament_prefix_path.dsv
[3.150s] -- Up-to-date symlink: /home/anthony/Desktop/Assignment7/install/warehouse_robot/share/warehouse_robot/environment/path.sh
[3.151s] -- Up-to-date symlink: /home/anthony/Desktop/Assignment7/install/warehouse_robot/share/warehouse_robot/environment/path.dsv
[3.151s] -- Up-to-date symlink: /home/anthony/Desktop/Assignment7/install/warehouse_robot/share/warehouse_robot/local_setup.bash
[3.152s] -- Up-to-date symlink: /home/anthony/Desktop/Assignment7/install/warehouse_robot/share/warehouse_robot/local_setup.sh
[3.152s] -- Up-to-date symlink: /home/anthony/Desktop/Assignment7/install/warehouse_robot/share/warehouse_robot/local_setup.zsh
[3.152s] -- Up-to-date symlink: /home/anthony/Desktop/Assignment7/install/warehouse_robot/share/warehouse_robot/local_setup.dsv
[3.153s] -- Symlinking: /home/anthony/Desktop/Assignment7/install/warehouse_robot/share/warehouse_robot/package.dsv
[3.170s] -- Up-to-date symlink: /home/anthony/Desktop/Assignment7/install/warehouse_robot/share/ament_index/resource_index/packages/warehouse_robot
[3.170s] -- Up-to-date symlink: /home/anthony/Desktop/Assignment7/install/warehouse_robot/share/warehouse_robot/cmake/rosidl_cmake-extras.cmake
[3.171s] -- Up-to-date symlink: /home/anthony/Desktop/Assignment7/install/warehouse_robot/share/warehouse_robot/cmake/ament_cmake_export_dependencies-extras.cmake
[3.171s] -- Up-to-date symlink: /home/anthony/Desktop/Assignment7/install/warehouse_robot/share/warehouse_robot/cmake/ament_cmake_export_include_directories-extras.cmake
[3.171s] -- Up-to-date symlink: /home/anthony/Desktop/Assignment7/install/warehouse_robot/share/warehouse_robot/cmake/ament_cmake_export_libraries-extras.cmake
[3.171s] -- Up-to-date symlink: /home/anthony/Desktop/Assignment7/install/warehouse_robot/share/warehouse_robot/cmake/ament_cmake_export_targets-extras.cmake
[3.171s] -- Up-to-date symlink: /home/anthony/Desktop/Assignment7/install/warehouse_robot/share/warehouse_robot/cmake/rosidl_cmake_export_typesupport_targets-extras.cmake
[3.178s] -- Up-to-date symlink: /home/anthony/Desktop/Assignment7/install/warehouse_robot/share/warehouse_robot/cmake/rosidl_cmake_export_typesupport_libraries-extras.cmake
[3.179s] -- Up-to-date symlink: /home/anthony/Desktop/Assignment7/install/warehouse_robot/share/warehouse_robot/cmake/warehouse_robotConfig.cmake
[3.179s] -- Up-to-date symlink: /home/anthony/Desktop/Assignment7/install/warehouse_robot/share/warehouse_robot/cmake/warehouse_robotConfig-version.cmake
[3.179s] -- Up-to-date symlink: /home/anthony/Desktop/Assignment7/install/warehouse_robot/share/warehouse_robot/package.xml
[3.179s] -- Up-to-date: /home/anthony/Desktop/Assignment7/install/warehouse_robot/lib/libwarehouse_robot__rosidl_generator_c.so
[3.179s] -- Up-to-date: /home/anthony/Desktop/Assignment7/install/warehouse_robot/lib/libwarehouse_robot__rosidl_typesupport_fastrtps_c.so
[3.179s] -- Up-to-date: /home/anthony/Desktop/Assignment7/install/warehouse_robot/lib/libwarehouse_robot__rosidl_typesupport_introspection_c.so
[3.179s] -- Up-to-date: /home/anthony/Desktop/Assignment7/install/warehouse_robot/lib/libwarehouse_robot__rosidl_typesupport_c.so
[3.179s] -- Up-to-date: /home/anthony/Desktop/Assignment7/install/warehouse_robot/lib/libwarehouse_robot__rosidl_typesupport_fastrtps_cpp.so
[3.179s] -- Up-to-date: /home/anthony/Desktop/Assignment7/install/warehouse_robot/lib/libwarehouse_robot__rosidl_typesupport_introspection_cpp.so
[3.179s] -- Up-to-date: /home/anthony/Desktop/Assignment7/install/warehouse_robot/lib/libwarehouse_robot__rosidl_typesupport_cpp.so
[3.276s] Listing '/home/anthony/Desktop/Assignment7/install/warehouse_robot/local/lib/python3.10/dist-packages/warehouse_robot'...
[3.276s] Compiling '/home/anthony/Desktop/Assignment7/install/warehouse_robot/local/lib/python3.10/dist-packages/warehouse_robot/__init__.py'...
[3.276s] Listing '/home/anthony/Desktop/Assignment7/install/warehouse_robot/local/lib/python3.10/dist-packages/warehouse_robot/action'...
[3.276s] Listing '/home/anthony/Desktop/Assignment7/install/warehouse_robot/local/lib/python3.10/dist-packages/warehouse_robot/srv'...
[3.286s] -- Up-to-date: /home/anthony/Desktop/Assignment7/install/warehouse_robot/lib/libwarehouse_robot__rosidl_generator_py.so
[3.286s] -- Up-to-date: /home/anthony/Desktop/Assignment7/install/warehouse_robot/share/warehouse_robot/cmake/export_warehouse_robot__rosidl_generator_cExport.cmake
[3.286s] -- Up-to-date: /home/anthony/Desktop/Assignment7/install/warehouse_robot/share/warehouse_robot/cmake/export_warehouse_robot__rosidl_generator_cExport-noconfig.cmake
[3.287s] -- Up-to-date: /home/anthony/Desktop/Assignment7/install/warehouse_robot/share/warehouse_robot/cmake/export_warehouse_robot__rosidl_typesupport_fastrtps_cExport.cmake
[3.287s] -- Up-to-date: /home/anthony/Desktop/Assignment7/install/warehouse_robot/share/warehouse_robot/cmake/export_warehouse_robot__rosidl_typesupport_fastrtps_cExport-noconfig.cmake
[3.287s] -- Up-to-date: /home/anthony/Desktop/Assignment7/install/warehouse_robot/share/warehouse_robot/cmake/warehouse_robot__rosidl_typesupport_introspection_cExport.cmake
[3.287s] -- Up-to-date: /home/anthony/Desktop/Assignment7/install/warehouse_robot/share/warehouse_robot/cmake/warehouse_robot__rosidl_typesupport_introspection_cExport-noconfig.cmake
[3.287s] -- Up-to-date: /home/anthony/Desktop/Assignment7/install/warehouse_robot/share/warehouse_robot/cmake/warehouse_robot__rosidl_typesupport_cExport.cmake
[3.287s] -- Up-to-date: /home/anthony/Desktop/Assignment7/install/warehouse_robot/share/warehouse_robot/cmake/warehouse_robot__rosidl_typesupport_cExport-noconfig.cmake
[3.287s] -- Up-to-date: /home/anthony/Desktop/Assignment7/install/warehouse_robot/share/warehouse_robot/cmake/export_warehouse_robot__rosidl_generator_cppExport.cmake
[3.288s] -- Up-to-date: /home/anthony/Desktop/Assignment7/install/warehouse_robot/share/warehouse_robot/cmake/export_warehouse_robot__rosidl_typesupport_fastrtps_cppExport.cmake
[3.288s] -- Up-to-date: /home/anthony/Desktop/Assignment7/install/warehouse_robot/share/warehouse_robot/cmake/export_warehouse_robot__rosidl_typesupport_fastrtps_cppExport-noconfig.cmake
[3.288s] -- Up-to-date: /home/anthony/Desktop/Assignment7/install/warehouse_robot/share/warehouse_robot/cmake/warehouse_robot__rosidl_typesupport_introspection_cppExport.cmake
[3.288s] -- Up-to-date: /home/anthony/Desktop/Assignment7/install/warehouse_robot/share/warehouse_robot/cmake/warehouse_robot__rosidl_typesupport_introspection_cppExport-noconfig.cmake
[3.288s] -- Up-to-date: /home/anthony/Desktop/Assignment7/install/warehouse_robot/share/warehouse_robot/cmake/warehouse_robot__rosidl_typesupport_cppExport.cmake
[3.289s] -- Up-to-date: /home/anthony/Desktop/Assignment7/install/warehouse_robot/share/warehouse_robot/cmake/warehouse_robot__rosidl_typesupport_cppExport-noconfig.cmake
[3.289s] -- Up-to-date: /home/anthony/Desktop/Assignment7/install/warehouse_robot/share/warehouse_robot/cmake/export_warehouse_robot__rosidl_generator_pyExport.cmake
[3.289s] -- Up-to-date: /home/anthony/Desktop/Assignment7/install/warehouse_robot/share/warehouse_robot/cmake/export_warehouse_robot__rosidl_generator_pyExport-noconfig.cmake
[3.294s] Invoked command in '/home/anthony/Desktop/Assignment7/build/warehouse_robot' returned '0': CMAKE_PREFIX_PATH=${CMAKE_PREFIX_PATH}:/home/anthony/Desktop/Assignment7/install/warehouse_robot_py:/opt/ros/humble /usr/bin/cmake --install /home/anthony/Desktop/Assignment7/build/warehouse_robot
