[1.248s] Invoking command in '/home/anthony/Desktop/Assignment7/src/warehouse_robot_py': PYTHONPATH=/home/anthony/Desktop/Assignment7/build/warehouse_robot_py/prefix_override:/usr/lib/python3/dist-packages/colcon_core/task/python/colcon_distutils_commands:/home/anthony/Desktop/Assignment7/install/warehouse_robot_py/lib/python3.10/site-packages:${PYTHONPATH} /usr/bin/python3 -W ignore:setup.py install is deprecated setup.py egg_info --egg-base ../../build/warehouse_robot_py build --build-base /home/anthony/Desktop/Assignment7/build/warehouse_robot_py/build install --record /home/anthony/Desktop/Assignment7/build/warehouse_robot_py/install.log --single-version-externally-managed install_data
[1.646s] running egg_info
[1.649s] writing ../../build/warehouse_robot_py/warehouse_robot_py.egg-info/PKG-INFO
[1.650s] writing dependency_links to ../../build/warehouse_robot_py/warehouse_robot_py.egg-info/dependency_links.txt
[1.653s] writing entry points to ../../build/warehouse_robot_py/warehouse_robot_py.egg-info/entry_points.txt
[1.653s] writing requirements to ../../build/warehouse_robot_py/warehouse_robot_py.egg-info/requires.txt
[1.653s] writing top-level names to ../../build/warehouse_robot_py/warehouse_robot_py.egg-info/top_level.txt
[1.659s] reading manifest file '../../build/warehouse_robot_py/warehouse_robot_py.egg-info/SOURCES.txt'
[1.670s] writing manifest file '../../build/warehouse_robot_py/warehouse_robot_py.egg-info/SOURCES.txt'
[1.670s] running build
[1.671s] running build_py
[1.672s] running install
[1.673s] running install_lib
[1.678s] running install_data
[1.678s] creating /home/anthony/Desktop/Assignment7/install/warehouse_robot_py/share/warehouse_robot_py/launch
[1.679s] copying launch/warehouse_robot_launch.py -> /home/anthony/Desktop/Assignment7/install/warehouse_robot_py/share/warehouse_robot_py/launch
[1.679s] running install_egg_info
[1.686s] removing '/home/anthony/Desktop/Assignment7/install/warehouse_robot_py/lib/python3.10/site-packages/warehouse_robot_py-0.0.0-py3.10.egg-info' (and everything under it)
[1.687s] Copying ../../build/warehouse_robot_py/warehouse_robot_py.egg-info to /home/anthony/Desktop/Assignment7/install/warehouse_robot_py/lib/python3.10/site-packages/warehouse_robot_py-0.0.0-py3.10.egg-info
[1.690s] running install_scripts
[1.745s] Installing item_delivery_client script to /home/anthony/Desktop/Assignment7/install/warehouse_robot_py/lib/warehouse_robot_py
[1.745s] Installing item_delivery_server script to /home/anthony/Desktop/Assignment7/install/warehouse_robot_py/lib/warehouse_robot_py
[1.745s] Installing stock_checker_client script to /home/anthony/Desktop/Assignment7/install/warehouse_robot_py/lib/warehouse_robot_py
[1.746s] Installing stock_checker_server script to /home/anthony/Desktop/Assignment7/install/warehouse_robot_py/lib/warehouse_robot_py
[1.746s] writing list of installed files to '/home/anthony/Desktop/Assignment7/build/warehouse_robot_py/install.log'
[1.782s] Invoked command in '/home/anthony/Desktop/Assignment7/src/warehouse_robot_py' returned '0': PYTHONPATH=/home/anthony/Desktop/Assignment7/build/warehouse_robot_py/prefix_override:/usr/lib/python3/dist-packages/colcon_core/task/python/colcon_distutils_commands:/home/anthony/Desktop/Assignment7/install/warehouse_robot_py/lib/python3.10/site-packages:${PYTHONPATH} /usr/bin/python3 -W ignore:setup.py install is deprecated setup.py egg_info --egg-base ../../build/warehouse_robot_py build --build-base /home/anthony/Desktop/Assignment7/build/warehouse_robot_py/build install --record /home/anthony/Desktop/Assignment7/build/warehouse_robot_py/install.log --single-version-externally-managed install_data
