[1.092s] Invoking command in '/home/anthony/Desktop/Assignment7/src/warehouse_robot_py': PYTHONPATH=/home/anthony/Desktop/Assignment7/build/warehouse_robot_py/prefix_override:/usr/lib/python3/dist-packages/colcon_core/task/python/colcon_distutils_commands:/home/anthony/Desktop/Assignment7/install/warehouse_robot_py/lib/python3.10/site-packages:${PYTHONPATH} /usr/bin/python3 -W ignore:setup.py install is deprecated setup.py egg_info --egg-base ../../build/warehouse_robot_py build --build-base /home/anthony/Desktop/Assignment7/build/warehouse_robot_py/build install --record /home/anthony/Desktop/Assignment7/build/warehouse_robot_py/install.log --single-version-externally-managed install_data
[1.473s] running egg_info
[1.474s] writing ../../build/warehouse_robot_py/warehouse_robot_py.egg-info/PKG-INFO
[1.475s] writing dependency_links to ../../build/warehouse_robot_py/warehouse_robot_py.egg-info/dependency_links.txt
[1.475s] writing entry points to ../../build/warehouse_robot_py/warehouse_robot_py.egg-info/entry_points.txt
[1.476s] writing requirements to ../../build/warehouse_robot_py/warehouse_robot_py.egg-info/requires.txt
[1.476s] writing top-level names to ../../build/warehouse_robot_py/warehouse_robot_py.egg-info/top_level.txt
[1.478s] reading manifest file '../../build/warehouse_robot_py/warehouse_robot_py.egg-info/SOURCES.txt'
[1.480s] writing manifest file '../../build/warehouse_robot_py/warehouse_robot_py.egg-info/SOURCES.txt'
[1.480s] running build
[1.480s] running build_py
[1.480s] copying warehouse_robot_py/item_delivery_server.py -> /home/anthony/Desktop/Assignment7/build/warehouse_robot_py/build/lib/warehouse_robot_py
[1.481s] running install
[1.481s] running install_lib
[1.482s] copying /home/anthony/Desktop/Assignment7/build/warehouse_robot_py/build/lib/warehouse_robot_py/item_delivery_server.py -> /home/anthony/Desktop/Assignment7/install/warehouse_robot_py/lib/python3.10/site-packages/warehouse_robot_py
[1.482s] byte-compiling /home/anthony/Desktop/Assignment7/install/warehouse_robot_py/lib/python3.10/site-packages/warehouse_robot_py/item_delivery_server.py to item_delivery_server.cpython-310.pyc
[1.483s] running install_data
[1.484s] running install_egg_info
[1.486s] removing '/home/anthony/Desktop/Assignment7/install/warehouse_robot_py/lib/python3.10/site-packages/warehouse_robot_py-0.0.0-py3.10.egg-info' (and everything under it)
[1.486s] Copying ../../build/warehouse_robot_py/warehouse_robot_py.egg-info to /home/anthony/Desktop/Assignment7/install/warehouse_robot_py/lib/python3.10/site-packages/warehouse_robot_py-0.0.0-py3.10.egg-info
[1.486s] running install_scripts
[1.507s] Installing item_delivery_client script to /home/anthony/Desktop/Assignment7/install/warehouse_robot_py/lib/warehouse_robot_py
[1.507s] Installing item_delivery_server script to /home/anthony/Desktop/Assignment7/install/warehouse_robot_py/lib/warehouse_robot_py
[1.507s] Installing stock_checker_client script to /home/anthony/Desktop/Assignment7/install/warehouse_robot_py/lib/warehouse_robot_py
[1.508s] Installing stock_checker_server script to /home/anthony/Desktop/Assignment7/install/warehouse_robot_py/lib/warehouse_robot_py
[1.508s] writing list of installed files to '/home/anthony/Desktop/Assignment7/build/warehouse_robot_py/install.log'
[1.542s] Invoked command in '/home/anthony/Desktop/Assignment7/src/warehouse_robot_py' returned '0': PYTHONPATH=/home/anthony/Desktop/Assignment7/build/warehouse_robot_py/prefix_override:/usr/lib/python3/dist-packages/colcon_core/task/python/colcon_distutils_commands:/home/anthony/Desktop/Assignment7/install/warehouse_robot_py/lib/python3.10/site-packages:${PYTHONPATH} /usr/bin/python3 -W ignore:setup.py install is deprecated setup.py egg_info --egg-base ../../build/warehouse_robot_py build --build-base /home/anthony/Desktop/Assignment7/build/warehouse_robot_py/build install --record /home/anthony/Desktop/Assignment7/build/warehouse_robot_py/install.log --single-version-externally-managed install_data
