[0.868s] Invoking command in '/home/anthony/Desktop/Assignment7/src/build/warehouse_robot_py': AMENT_PREFIX_PATH=/home/anthony/Desktop/Assignment7/src/install/warehouse_robot:${AMENT_PREFIX_PATH} CMAKE_PREFIX_PATH=/home/anthony/Desktop/Assignment7/src/install/warehouse_robot:${CMAKE_PREFIX_PATH} LD_LIBRARY_PATH=/home/anthony/Desktop/Assignment7/src/install/warehouse_robot/lib:${LD_LIBRARY_PATH} PYTHONPATH=/home/anthony/Desktop/Assignment7/src/build/warehouse_robot_py/prefix_override:/usr/lib/python3/dist-packages/colcon_core/task/python/colcon_distutils_commands:/home/anthony/Desktop/Assignment7/src/install/warehouse_robot_py/lib/python3.10/site-packages:/home/anthony/Desktop/Assignment7/src/install/warehouse_robot/local/lib/python3.10/dist-packages:${PYTHONPATH} /usr/bin/python3 -W ignore:setup.py install is deprecated setup.py develop --editable --build-directory /home/anthony/Desktop/Assignment7/src/build/warehouse_robot_py/build --no-deps symlink_data
[1.275s] running develop
[1.277s] /usr/lib/python3/dist-packages/setuptools/command/easy_install.py:158: EasyInstallDeprecationWarning: easy_install command is deprecated. Use build and pip and other standards-based tools.
[1.277s]   warnings.warn(
[1.617s] running egg_info
[1.618s] creating warehouse_robot_py.egg-info
[1.618s] writing warehouse_robot_py.egg-info/PKG-INFO
[1.619s] writing dependency_links to warehouse_robot_py.egg-info/dependency_links.txt
[1.619s] writing entry points to warehouse_robot_py.egg-info/entry_points.txt
[1.619s] writing requirements to warehouse_robot_py.egg-info/requires.txt
[1.619s] writing top-level names to warehouse_robot_py.egg-info/top_level.txt
[1.619s] writing manifest file 'warehouse_robot_py.egg-info/SOURCES.txt'
[1.619s] reading manifest file 'warehouse_robot_py.egg-info/SOURCES.txt'
[1.621s] writing manifest file 'warehouse_robot_py.egg-info/SOURCES.txt'
[1.624s] running build_ext
[1.624s] Creating /home/anthony/Desktop/Assignment7/src/install/warehouse_robot_py/lib/python3.10/site-packages/warehouse-robot-py.egg-link (link to .)
[1.625s] Installing item_delivery_client script to /home/anthony/Desktop/Assignment7/src/install/warehouse_robot_py/lib/warehouse_robot_py
[1.625s] Installing item_delivery_server script to /home/anthony/Desktop/Assignment7/src/install/warehouse_robot_py/lib/warehouse_robot_py
[1.626s] Installing stock_checker_client script to /home/anthony/Desktop/Assignment7/src/install/warehouse_robot_py/lib/warehouse_robot_py
[1.626s] Installing stock_checker_server script to /home/anthony/Desktop/Assignment7/src/install/warehouse_robot_py/lib/warehouse_robot_py
[1.628s] 
[1.628s] Installed /home/anthony/Desktop/Assignment7/src/build/warehouse_robot_py
[1.628s] running symlink_data
[1.628s] creating /home/anthony/Desktop/Assignment7/src/install/warehouse_robot_py/share/ament_index
[1.629s] creating /home/anthony/Desktop/Assignment7/src/install/warehouse_robot_py/share/ament_index/resource_index
[1.629s] creating /home/anthony/Desktop/Assignment7/src/install/warehouse_robot_py/share/ament_index/resource_index/packages
[1.629s] symbolically linking /home/anthony/Desktop/Assignment7/src/build/warehouse_robot_py/resource/warehouse_robot_py -> /home/anthony/Desktop/Assignment7/src/install/warehouse_robot_py/share/ament_index/resource_index/packages
[1.629s] symbolically linking /home/anthony/Desktop/Assignment7/src/build/warehouse_robot_py/package.xml -> /home/anthony/Desktop/Assignment7/src/install/warehouse_robot_py/share/warehouse_robot_py
[1.629s] creating /home/anthony/Desktop/Assignment7/src/install/warehouse_robot_py/share/warehouse_robot_py/launch
[1.629s] symbolically linking /home/anthony/Desktop/Assignment7/src/build/warehouse_robot_py/launch/warehouse_robot_launch.py -> /home/anthony/Desktop/Assignment7/src/install/warehouse_robot_py/share/warehouse_robot_py/launch
[1.755s] Invoked command in '/home/anthony/Desktop/Assignment7/src/build/warehouse_robot_py' returned '0': AMENT_PREFIX_PATH=/home/anthony/Desktop/Assignment7/src/install/warehouse_robot:${AMENT_PREFIX_PATH} CMAKE_PREFIX_PATH=/home/anthony/Desktop/Assignment7/src/install/warehouse_robot:${CMAKE_PREFIX_PATH} LD_LIBRARY_PATH=/home/anthony/Desktop/Assignment7/src/install/warehouse_robot/lib:${LD_LIBRARY_PATH} PYTHONPATH=/home/anthony/Desktop/Assignment7/src/build/warehouse_robot_py/prefix_override:/usr/lib/python3/dist-packages/colcon_core/task/python/colcon_distutils_commands:/home/anthony/Desktop/Assignment7/src/install/warehouse_robot_py/lib/python3.10/site-packages:/home/anthony/Desktop/Assignment7/src/install/warehouse_robot/local/lib/python3.10/dist-packages:${PYTHONPATH} /usr/bin/python3 -W ignore:setup.py install is deprecated setup.py develop --editable --build-directory /home/anthony/Desktop/Assignment7/src/build/warehouse_robot_py/build --no-deps symlink_data
