[0.732s] DEBUG:colcon:Command line arguments: ['/usr/bin/colcon', 'build']
[0.732s] DEBUG:colcon:Parsed command line arguments: Namespace(log_base=None, log_level=None, verb_name='build', build_base='build', install_base='install', merge_install=False, symlink_install=False, test_result_base=None, continue_on_error=False, executor='parallel', parallel_workers=2, event_handlers=None, ignore_user_meta=False, metas=['./colcon.meta'], base_paths=['.'], packages_ignore=None, packages_ignore_regex=None, paths=None, packages_up_to=None, packages_up_to_regex=None, packages_above=None, packages_above_and_dependencies=None, packages_above_depth=None, packages_select_by_dep=None, packages_skip_by_dep=None, packages_skip_up_to=None, packages_select_build_failed=False, packages_skip_build_finished=False, packages_select_test_failures=False, packages_skip_test_passed=False, packages_select=None, packages_skip=None, packages_select_regex=None, packages_skip_regex=None, packages_start=None, packages_end=None, allow_overriding=[], cmake_args=None, cmake_target=None, cmake_target_skip_unavailable=False, cmake_clean_cache=False, cmake_clean_first=False, cmake_force_configure=False, ament_cmake_args=None, catkin_cmake_args=None, catkin_skip_building_tests=False, verb_parser=<colcon_defaults.argument_parser.defaults.DefaultArgumentsDecorator object at 0x7fb36f5c7fd0>, verb_extension=<colcon_core.verb.build.BuildVerb object at 0x7fb36f5c7ac0>, main=<bound method BuildVerb.main of <colcon_core.verb.build.BuildVerb object at 0x7fb36f5c7ac0>>)
[1.785s] Level 1:colcon.colcon_core.package_discovery:discover_packages(colcon_meta) check parameters
[1.786s] Level 1:colcon.colcon_core.package_discovery:discover_packages(recursive) check parameters
[1.786s] Level 1:colcon.colcon_core.package_discovery:discover_packages(ignore) check parameters
[1.786s] Level 1:colcon.colcon_core.package_discovery:discover_packages(path) check parameters
[1.786s] Level 1:colcon.colcon_core.package_discovery:discover_packages(colcon_meta) discover
[1.786s] Level 1:colcon.colcon_core.package_discovery:discover_packages(recursive) discover
[1.787s] INFO:colcon.colcon_core.package_discovery:Crawling recursively for packages in '/home/anthony/Desktop/Assignment7'
[1.787s] Level 1:colcon.colcon_core.package_identification:_identify(.) by extensions ['ignore', 'ignore_ament_install']
[1.787s] Level 1:colcon.colcon_core.package_identification:_identify(.) by extension 'ignore'
[1.788s] Level 1:colcon.colcon_core.package_identification:_identify(.) by extension 'ignore_ament_install'
[1.788s] Level 1:colcon.colcon_core.package_identification:_identify(.) by extensions ['colcon_pkg']
[1.788s] Level 1:colcon.colcon_core.package_identification:_identify(.) by extension 'colcon_pkg'
[1.788s] Level 1:colcon.colcon_core.package_identification:_identify(.) by extensions ['colcon_meta']
[1.788s] Level 1:colcon.colcon_core.package_identification:_identify(.) by extension 'colcon_meta'
[1.788s] Level 1:colcon.colcon_core.package_identification:_identify(.) by extensions ['ros']
[1.788s] Level 1:colcon.colcon_core.package_identification:_identify(.) by extension 'ros'
[1.859s] Level 1:colcon.colcon_core.package_identification:_identify(.) by extensions ['cmake', 'python']
[1.860s] Level 1:colcon.colcon_core.package_identification:_identify(.) by extension 'cmake'
[1.860s] Level 1:colcon.colcon_core.package_identification:_identify(.) by extension 'python'
[1.860s] Level 1:colcon.colcon_core.package_identification:_identify(.) by extensions ['python_setup_py']
[1.861s] Level 1:colcon.colcon_core.package_identification:_identify(.) by extension 'python_setup_py'
[1.861s] Level 1:colcon.colcon_core.package_identification:_identify(build) by extensions ['ignore', 'ignore_ament_install']
[1.862s] Level 1:colcon.colcon_core.package_identification:_identify(build) by extension 'ignore'
[1.862s] Level 1:colcon.colcon_core.package_identification:_identify(build) ignored
[1.863s] Level 1:colcon.colcon_core.package_identification:_identify(install) by extensions ['ignore', 'ignore_ament_install']
[1.863s] Level 1:colcon.colcon_core.package_identification:_identify(install) by extension 'ignore'
[1.864s] Level 1:colcon.colcon_core.package_identification:_identify(install) ignored
[1.864s] Level 1:colcon.colcon_core.package_identification:_identify(log) by extensions ['ignore', 'ignore_ament_install']
[1.865s] Level 1:colcon.colcon_core.package_identification:_identify(log) by extension 'ignore'
[1.865s] Level 1:colcon.colcon_core.package_identification:_identify(log) ignored
[1.865s] Level 1:colcon.colcon_core.package_identification:_identify(src) by extensions ['ignore', 'ignore_ament_install']
[1.866s] Level 1:colcon.colcon_core.package_identification:_identify(src) by extension 'ignore'
[1.866s] Level 1:colcon.colcon_core.package_identification:_identify(src) by extension 'ignore_ament_install'
[1.866s] Level 1:colcon.colcon_core.package_identification:_identify(src) by extensions ['colcon_pkg']
[1.866s] Level 1:colcon.colcon_core.package_identification:_identify(src) by extension 'colcon_pkg'
[1.867s] Level 1:colcon.colcon_core.package_identification:_identify(src) by extensions ['colcon_meta']
[1.867s] Level 1:colcon.colcon_core.package_identification:_identify(src) by extension 'colcon_meta'
[1.867s] Level 1:colcon.colcon_core.package_identification:_identify(src) by extensions ['ros']
[1.867s] Level 1:colcon.colcon_core.package_identification:_identify(src) by extension 'ros'
[1.868s] Level 1:colcon.colcon_core.package_identification:_identify(src) by extensions ['cmake', 'python']
[1.868s] Level 1:colcon.colcon_core.package_identification:_identify(src) by extension 'cmake'
[1.868s] Level 1:colcon.colcon_core.package_identification:_identify(src) by extension 'python'
[1.868s] Level 1:colcon.colcon_core.package_identification:_identify(src) by extensions ['python_setup_py']
[1.869s] Level 1:colcon.colcon_core.package_identification:_identify(src) by extension 'python_setup_py'
[1.869s] Level 1:colcon.colcon_core.package_identification:_identify(src/build) by extensions ['ignore', 'ignore_ament_install']
[1.870s] Level 1:colcon.colcon_core.package_identification:_identify(src/build) by extension 'ignore'
[1.870s] Level 1:colcon.colcon_core.package_identification:_identify(src/build) ignored
[1.871s] Level 1:colcon.colcon_core.package_identification:_identify(src/warehouse_robot) by extensions ['ignore', 'ignore_ament_install']
[1.871s] Level 1:colcon.colcon_core.package_identification:_identify(src/warehouse_robot) by extension 'ignore'
[1.871s] Level 1:colcon.colcon_core.package_identification:_identify(src/warehouse_robot) by extension 'ignore_ament_install'
[1.872s] Level 1:colcon.colcon_core.package_identification:_identify(src/warehouse_robot) by extensions ['colcon_pkg']
[1.872s] Level 1:colcon.colcon_core.package_identification:_identify(src/warehouse_robot) by extension 'colcon_pkg'
[1.872s] Level 1:colcon.colcon_core.package_identification:_identify(src/warehouse_robot) by extensions ['colcon_meta']
[1.872s] Level 1:colcon.colcon_core.package_identification:_identify(src/warehouse_robot) by extension 'colcon_meta'
[1.873s] Level 1:colcon.colcon_core.package_identification:_identify(src/warehouse_robot) by extensions ['ros']
[1.873s] Level 1:colcon.colcon_core.package_identification:_identify(src/warehouse_robot) by extension 'ros'
[1.888s] DEBUG:colcon.colcon_core.package_identification:Package 'src/warehouse_robot' with type 'ros.ament_cmake' and name 'warehouse_robot'
[1.889s] Level 1:colcon.colcon_core.package_identification:_identify(src/warehouse_robot_py) by extensions ['ignore', 'ignore_ament_install']
[1.889s] Level 1:colcon.colcon_core.package_identification:_identify(src/warehouse_robot_py) by extension 'ignore'
[1.890s] Level 1:colcon.colcon_core.package_identification:_identify(src/warehouse_robot_py) by extension 'ignore_ament_install'
[1.890s] Level 1:colcon.colcon_core.package_identification:_identify(src/warehouse_robot_py) by extensions ['colcon_pkg']
[1.890s] Level 1:colcon.colcon_core.package_identification:_identify(src/warehouse_robot_py) by extension 'colcon_pkg'
[1.891s] Level 1:colcon.colcon_core.package_identification:_identify(src/warehouse_robot_py) by extensions ['colcon_meta']
[1.891s] Level 1:colcon.colcon_core.package_identification:_identify(src/warehouse_robot_py) by extension 'colcon_meta'
[1.891s] Level 1:colcon.colcon_core.package_identification:_identify(src/warehouse_robot_py) by extensions ['ros']
[1.891s] Level 1:colcon.colcon_core.package_identification:_identify(src/warehouse_robot_py) by extension 'ros'
[1.896s] DEBUG:colcon.colcon_core.package_identification:Package 'src/warehouse_robot_py' with type 'ros.ament_python' and name 'warehouse_robot_py'
[1.896s] Level 1:colcon.colcon_core.package_discovery:discover_packages(recursive) using defaults
[1.897s] Level 1:colcon.colcon_core.package_discovery:discover_packages(ignore) discover
[1.897s] Level 1:colcon.colcon_core.package_discovery:discover_packages(ignore) using defaults
[1.897s] Level 1:colcon.colcon_core.package_discovery:discover_packages(path) discover
[1.897s] Level 1:colcon.colcon_core.package_discovery:discover_packages(path) using defaults
[2.034s] Level 1:colcon.colcon_core.package_discovery:discover_packages(prefix_path) check parameters
[2.034s] Level 1:colcon.colcon_core.package_discovery:discover_packages(prefix_path) discover
[2.048s] DEBUG:colcon.colcon_installed_package_information.package_discovery:Found 270 installed packages in /opt/ros/humble
[2.058s] Level 1:colcon.colcon_core.package_discovery:discover_packages(prefix_path) using defaults
[2.261s] Level 5:colcon.colcon_core.verb:set package 'warehouse_robot' build argument 'cmake_args' from command line to 'None'
[2.261s] Level 5:colcon.colcon_core.verb:set package 'warehouse_robot' build argument 'cmake_target' from command line to 'None'
[2.261s] Level 5:colcon.colcon_core.verb:set package 'warehouse_robot' build argument 'cmake_target_skip_unavailable' from command line to 'False'
[2.261s] Level 5:colcon.colcon_core.verb:set package 'warehouse_robot' build argument 'cmake_clean_cache' from command line to 'False'
[2.261s] Level 5:colcon.colcon_core.verb:set package 'warehouse_robot' build argument 'cmake_clean_first' from command line to 'False'
[2.261s] Level 5:colcon.colcon_core.verb:set package 'warehouse_robot' build argument 'cmake_force_configure' from command line to 'False'
[2.262s] Level 5:colcon.colcon_core.verb:set package 'warehouse_robot' build argument 'ament_cmake_args' from command line to 'None'
[2.262s] Level 5:colcon.colcon_core.verb:set package 'warehouse_robot' build argument 'catkin_cmake_args' from command line to 'None'
[2.262s] Level 5:colcon.colcon_core.verb:set package 'warehouse_robot' build argument 'catkin_skip_building_tests' from command line to 'False'
[2.262s] DEBUG:colcon.colcon_core.verb:Building package 'warehouse_robot' with the following arguments: {'ament_cmake_args': None, 'build_base': '/home/anthony/Desktop/Assignment7/build/warehouse_robot', 'catkin_cmake_args': None, 'catkin_skip_building_tests': False, 'cmake_args': None, 'cmake_clean_cache': False, 'cmake_clean_first': False, 'cmake_force_configure': False, 'cmake_target': None, 'cmake_target_skip_unavailable': False, 'install_base': '/home/anthony/Desktop/Assignment7/install/warehouse_robot', 'merge_install': False, 'path': '/home/anthony/Desktop/Assignment7/src/warehouse_robot', 'symlink_install': False, 'test_result_base': None}
[2.263s] Level 5:colcon.colcon_core.verb:set package 'warehouse_robot_py' build argument 'cmake_args' from command line to 'None'
[2.264s] Level 5:colcon.colcon_core.verb:set package 'warehouse_robot_py' build argument 'cmake_target' from command line to 'None'
[2.264s] Level 5:colcon.colcon_core.verb:set package 'warehouse_robot_py' build argument 'cmake_target_skip_unavailable' from command line to 'False'
[2.264s] Level 5:colcon.colcon_core.verb:set package 'warehouse_robot_py' build argument 'cmake_clean_cache' from command line to 'False'
[2.264s] Level 5:colcon.colcon_core.verb:set package 'warehouse_robot_py' build argument 'cmake_clean_first' from command line to 'False'
[2.264s] Level 5:colcon.colcon_core.verb:set package 'warehouse_robot_py' build argument 'cmake_force_configure' from command line to 'False'
[2.264s] Level 5:colcon.colcon_core.verb:set package 'warehouse_robot_py' build argument 'ament_cmake_args' from command line to 'None'
[2.264s] Level 5:colcon.colcon_core.verb:set package 'warehouse_robot_py' build argument 'catkin_cmake_args' from command line to 'None'
[2.264s] Level 5:colcon.colcon_core.verb:set package 'warehouse_robot_py' build argument 'catkin_skip_building_tests' from command line to 'False'
[2.264s] DEBUG:colcon.colcon_core.verb:Building package 'warehouse_robot_py' with the following arguments: {'ament_cmake_args': None, 'build_base': '/home/anthony/Desktop/Assignment7/build/warehouse_robot_py', 'catkin_cmake_args': None, 'catkin_skip_building_tests': False, 'cmake_args': None, 'cmake_clean_cache': False, 'cmake_clean_first': False, 'cmake_force_configure': False, 'cmake_target': None, 'cmake_target_skip_unavailable': False, 'install_base': '/home/anthony/Desktop/Assignment7/install/warehouse_robot_py', 'merge_install': False, 'path': '/home/anthony/Desktop/Assignment7/src/warehouse_robot_py', 'symlink_install': False, 'test_result_base': None}
[2.265s] INFO:colcon.colcon_core.executor:Executing jobs using 'parallel' executor
[2.268s] DEBUG:colcon.colcon_parallel_executor.executor.parallel:run_until_complete
[2.268s] INFO:colcon.colcon_ros.task.ament_cmake.build:Building ROS package in '/home/anthony/Desktop/Assignment7/src/warehouse_robot' with build type 'ament_cmake'
[2.269s] INFO:colcon.colcon_cmake.task.cmake.build:Building CMake package in '/home/anthony/Desktop/Assignment7/src/warehouse_robot'
[2.275s] INFO:colcon.colcon_core.plugin_system:Skipping extension 'colcon_core.shell.bat': Not used on non-Windows systems
[2.275s] INFO:colcon.colcon_core.shell:Skip shell extension 'powershell' for command environment: Not usable outside of PowerShell
[2.276s] DEBUG:colcon.colcon_core.shell:Skip shell extension 'dsv' for command environment
[2.327s] DEBUG:colcon.colcon_core.event_handler.log_command:Invoking command in '/home/anthony/Desktop/Assignment7/build/warehouse_robot': CMAKE_PREFIX_PATH=/opt/ros/humble /usr/bin/cmake --build /home/anthony/Desktop/Assignment7/build/warehouse_robot -- -j2 -l2
[18.096s] DEBUG:colcon.colcon_core.event_handler.log_command:Invoked command in '/home/anthony/Desktop/Assignment7/build/warehouse_robot' returned '0': CMAKE_PREFIX_PATH=/opt/ros/humble /usr/bin/cmake --build /home/anthony/Desktop/Assignment7/build/warehouse_robot -- -j2 -l2
[19.188s] DEBUG:colcon.colcon_core.event_handler.log_command:Invoking command in '/home/anthony/Desktop/Assignment7/build/warehouse_robot': CMAKE_PREFIX_PATH=/opt/ros/humble /usr/bin/cmake --install /home/anthony/Desktop/Assignment7/build/warehouse_robot
[19.686s] Level 1:colcon.colcon_core.environment:create_environment_scripts_only(warehouse_robot)
[19.702s] DEBUG:colcon.colcon_core.event_handler.log_command:Invoked command in '/home/anthony/Desktop/Assignment7/build/warehouse_robot' returned '0': CMAKE_PREFIX_PATH=/opt/ros/humble /usr/bin/cmake --install /home/anthony/Desktop/Assignment7/build/warehouse_robot
[19.708s] Level 1:colcon.colcon_core.environment:checking '/home/anthony/Desktop/Assignment7/install/warehouse_robot' for CMake module files
[19.711s] Level 1:colcon.colcon_core.environment:checking '/home/anthony/Desktop/Assignment7/install/warehouse_robot' for CMake config files
[19.714s] Level 1:colcon.colcon_core.shell:create_environment_hook('warehouse_robot', 'cmake_prefix_path')
[19.716s] INFO:colcon.colcon_core.shell:Creating environment hook '/home/anthony/Desktop/Assignment7/install/warehouse_robot/share/warehouse_robot/hook/cmake_prefix_path.ps1'
[19.731s] INFO:colcon.colcon_core.shell:Creating environment descriptor '/home/anthony/Desktop/Assignment7/install/warehouse_robot/share/warehouse_robot/hook/cmake_prefix_path.dsv'
[19.736s] INFO:colcon.colcon_core.shell:Creating environment hook '/home/anthony/Desktop/Assignment7/install/warehouse_robot/share/warehouse_robot/hook/cmake_prefix_path.sh'
[19.741s] Level 1:colcon.colcon_core.environment:checking '/home/anthony/Desktop/Assignment7/install/warehouse_robot/lib'
[19.742s] Level 1:colcon.colcon_core.shell:create_environment_hook('warehouse_robot', 'ld_library_path_lib')
[19.744s] INFO:colcon.colcon_core.shell:Creating environment hook '/home/anthony/Desktop/Assignment7/install/warehouse_robot/share/warehouse_robot/hook/ld_library_path_lib.ps1'
[19.751s] INFO:colcon.colcon_core.shell:Creating environment descriptor '/home/anthony/Desktop/Assignment7/install/warehouse_robot/share/warehouse_robot/hook/ld_library_path_lib.dsv'
[19.753s] INFO:colcon.colcon_core.shell:Creating environment hook '/home/anthony/Desktop/Assignment7/install/warehouse_robot/share/warehouse_robot/hook/ld_library_path_lib.sh'
[19.758s] Level 1:colcon.colcon_core.environment:checking '/home/anthony/Desktop/Assignment7/install/warehouse_robot/bin'
[19.759s] Level 1:colcon.colcon_core.environment:checking '/home/anthony/Desktop/Assignment7/install/warehouse_robot/lib/pkgconfig/warehouse_robot.pc'
[19.760s] Level 1:colcon.colcon_core.environment:checking '/home/anthony/Desktop/Assignment7/install/warehouse_robot/lib/python3.10/site-packages'
[19.761s] Level 1:colcon.colcon_core.environment:checking '/home/anthony/Desktop/Assignment7/install/warehouse_robot/bin'
[19.764s] INFO:colcon.colcon_core.shell:Creating package script '/home/anthony/Desktop/Assignment7/install/warehouse_robot/share/warehouse_robot/package.ps1'
[19.770s] INFO:colcon.colcon_core.shell:Creating package descriptor '/home/anthony/Desktop/Assignment7/install/warehouse_robot/share/warehouse_robot/package.dsv'
[19.774s] INFO:colcon.colcon_core.shell:Creating package script '/home/anthony/Desktop/Assignment7/install/warehouse_robot/share/warehouse_robot/package.sh'
[19.780s] INFO:colcon.colcon_core.shell:Creating package script '/home/anthony/Desktop/Assignment7/install/warehouse_robot/share/warehouse_robot/package.bash'
[19.783s] INFO:colcon.colcon_core.shell:Creating package script '/home/anthony/Desktop/Assignment7/install/warehouse_robot/share/warehouse_robot/package.zsh'
[19.788s] Level 1:colcon.colcon_core.environment:create_file_with_runtime_dependencies(/home/anthony/Desktop/Assignment7/install/warehouse_robot/share/colcon-core/packages/warehouse_robot)
[20.382s] Level 1:colcon.colcon_core.environment:create_environment_scripts_only(warehouse_robot)
[20.383s] Level 1:colcon.colcon_core.environment:checking '/home/anthony/Desktop/Assignment7/install/warehouse_robot' for CMake module files
[20.385s] Level 1:colcon.colcon_core.environment:checking '/home/anthony/Desktop/Assignment7/install/warehouse_robot' for CMake config files
[20.385s] Level 1:colcon.colcon_core.shell:create_environment_hook('warehouse_robot', 'cmake_prefix_path')
[20.386s] INFO:colcon.colcon_core.shell:Creating environment hook '/home/anthony/Desktop/Assignment7/install/warehouse_robot/share/warehouse_robot/hook/cmake_prefix_path.ps1'
[20.388s] INFO:colcon.colcon_core.shell:Creating environment descriptor '/home/anthony/Desktop/Assignment7/install/warehouse_robot/share/warehouse_robot/hook/cmake_prefix_path.dsv'
[20.389s] INFO:colcon.colcon_core.shell:Creating environment hook '/home/anthony/Desktop/Assignment7/install/warehouse_robot/share/warehouse_robot/hook/cmake_prefix_path.sh'
[20.392s] Level 1:colcon.colcon_core.environment:checking '/home/anthony/Desktop/Assignment7/install/warehouse_robot/lib'
[20.392s] Level 1:colcon.colcon_core.shell:create_environment_hook('warehouse_robot', 'ld_library_path_lib')
[20.393s] INFO:colcon.colcon_core.shell:Creating environment hook '/home/anthony/Desktop/Assignment7/install/warehouse_robot/share/warehouse_robot/hook/ld_library_path_lib.ps1'
[20.394s] INFO:colcon.colcon_core.shell:Creating environment descriptor '/home/anthony/Desktop/Assignment7/install/warehouse_robot/share/warehouse_robot/hook/ld_library_path_lib.dsv'
[20.396s] INFO:colcon.colcon_core.shell:Creating environment hook '/home/anthony/Desktop/Assignment7/install/warehouse_robot/share/warehouse_robot/hook/ld_library_path_lib.sh'
[20.397s] Level 1:colcon.colcon_core.environment:checking '/home/anthony/Desktop/Assignment7/install/warehouse_robot/bin'
[20.397s] Level 1:colcon.colcon_core.environment:checking '/home/anthony/Desktop/Assignment7/install/warehouse_robot/lib/pkgconfig/warehouse_robot.pc'
[20.398s] Level 1:colcon.colcon_core.environment:checking '/home/anthony/Desktop/Assignment7/install/warehouse_robot/lib/python3.10/site-packages'
[20.399s] Level 1:colcon.colcon_core.environment:checking '/home/anthony/Desktop/Assignment7/install/warehouse_robot/bin'
[20.400s] INFO:colcon.colcon_core.shell:Creating package script '/home/anthony/Desktop/Assignment7/install/warehouse_robot/share/warehouse_robot/package.ps1'
[20.402s] INFO:colcon.colcon_core.shell:Creating package descriptor '/home/anthony/Desktop/Assignment7/install/warehouse_robot/share/warehouse_robot/package.dsv'
[20.404s] INFO:colcon.colcon_core.shell:Creating package script '/home/anthony/Desktop/Assignment7/install/warehouse_robot/share/warehouse_robot/package.sh'
[20.410s] INFO:colcon.colcon_core.shell:Creating package script '/home/anthony/Desktop/Assignment7/install/warehouse_robot/share/warehouse_robot/package.bash'
[20.411s] INFO:colcon.colcon_core.shell:Creating package script '/home/anthony/Desktop/Assignment7/install/warehouse_robot/share/warehouse_robot/package.zsh'
[20.413s] Level 1:colcon.colcon_core.environment:create_file_with_runtime_dependencies(/home/anthony/Desktop/Assignment7/install/warehouse_robot/share/colcon-core/packages/warehouse_robot)
[20.416s] INFO:colcon.colcon_ros.task.ament_python.build:Building ROS package in '/home/anthony/Desktop/Assignment7/src/warehouse_robot_py' with build type 'ament_python'
[20.417s] Level 1:colcon.colcon_core.shell:create_environment_hook('warehouse_robot_py', 'ament_prefix_path')
[20.417s] INFO:colcon.colcon_core.shell:Creating environment hook '/home/anthony/Desktop/Assignment7/install/warehouse_robot_py/share/warehouse_robot_py/hook/ament_prefix_path.ps1'
[20.424s] INFO:colcon.colcon_core.shell:Creating environment descriptor '/home/anthony/Desktop/Assignment7/install/warehouse_robot_py/share/warehouse_robot_py/hook/ament_prefix_path.dsv'
[20.427s] INFO:colcon.colcon_core.shell:Creating environment hook '/home/anthony/Desktop/Assignment7/install/warehouse_robot_py/share/warehouse_robot_py/hook/ament_prefix_path.sh'
[20.429s] INFO:colcon.colcon_core.shell:Skip shell extension 'powershell' for command environment: Not usable outside of PowerShell
[20.429s] DEBUG:colcon.colcon_core.shell:Skip shell extension 'dsv' for command environment
[22.051s] INFO:colcon.colcon_core.task.python.build:Building Python package in '/home/anthony/Desktop/Assignment7/src/warehouse_robot_py'
[22.052s] INFO:colcon.colcon_core.shell:Skip shell extension 'powershell' for command environment: Not usable outside of PowerShell
[22.052s] DEBUG:colcon.colcon_core.shell:Skip shell extension 'dsv' for command environment
[24.036s] DEBUG:colcon.colcon_core.event_handler.log_command:Invoking command in '/home/anthony/Desktop/Assignment7/src/warehouse_robot_py': AMENT_PREFIX_PATH=/home/anthony/Desktop/Assignment7/install/warehouse_robot:${AMENT_PREFIX_PATH} CMAKE_PREFIX_PATH=/home/anthony/Desktop/Assignment7/install/warehouse_robot LD_LIBRARY_PATH=/home/anthony/Desktop/Assignment7/install/warehouse_robot/lib:${LD_LIBRARY_PATH} PYTHONPATH=/home/anthony/Desktop/Assignment7/build/warehouse_robot_py/prefix_override:/usr/lib/python3/dist-packages/colcon_core/task/python/colcon_distutils_commands:/home/anthony/Desktop/Assignment7/install/warehouse_robot_py/lib/python3.10/site-packages:/home/anthony/Desktop/Assignment7/install/warehouse_robot/local/lib/python3.10/dist-packages:${PYTHONPATH} /usr/bin/python3 -W ignore:setup.py install is deprecated setup.py egg_info --egg-base ../../build/warehouse_robot_py build --build-base /home/anthony/Desktop/Assignment7/build/warehouse_robot_py/build install --record /home/anthony/Desktop/Assignment7/build/warehouse_robot_py/install.log --single-version-externally-managed install_data
[25.851s] Level 1:colcon.colcon_core.environment:checking '/home/anthony/Desktop/Assignment7/install/warehouse_robot_py' for CMake module files
[25.853s] DEBUG:colcon.colcon_core.event_handler.log_command:Invoked command in '/home/anthony/Desktop/Assignment7/src/warehouse_robot_py' returned '0': AMENT_PREFIX_PATH=/home/anthony/Desktop/Assignment7/install/warehouse_robot:${AMENT_PREFIX_PATH} CMAKE_PREFIX_PATH=/home/anthony/Desktop/Assignment7/install/warehouse_robot LD_LIBRARY_PATH=/home/anthony/Desktop/Assignment7/install/warehouse_robot/lib:${LD_LIBRARY_PATH} PYTHONPATH=/home/anthony/Desktop/Assignment7/build/warehouse_robot_py/prefix_override:/usr/lib/python3/dist-packages/colcon_core/task/python/colcon_distutils_commands:/home/anthony/Desktop/Assignment7/install/warehouse_robot_py/lib/python3.10/site-packages:/home/anthony/Desktop/Assignment7/install/warehouse_robot/local/lib/python3.10/dist-packages:${PYTHONPATH} /usr/bin/python3 -W ignore:setup.py install is deprecated setup.py egg_info --egg-base ../../build/warehouse_robot_py build --build-base /home/anthony/Desktop/Assignment7/build/warehouse_robot_py/build install --record /home/anthony/Desktop/Assignment7/build/warehouse_robot_py/install.log --single-version-externally-managed install_data
[25.856s] Level 1:colcon.colcon_core.environment:checking '/home/anthony/Desktop/Assignment7/install/warehouse_robot_py' for CMake config files
[25.858s] Level 1:colcon.colcon_core.environment:checking '/home/anthony/Desktop/Assignment7/install/warehouse_robot_py/lib'
[25.859s] Level 1:colcon.colcon_core.environment:checking '/home/anthony/Desktop/Assignment7/install/warehouse_robot_py/bin'
[25.859s] Level 1:colcon.colcon_core.environment:checking '/home/anthony/Desktop/Assignment7/install/warehouse_robot_py/lib/pkgconfig/warehouse_robot_py.pc'
[25.860s] Level 1:colcon.colcon_core.environment:checking '/home/anthony/Desktop/Assignment7/install/warehouse_robot_py/lib/python3.10/site-packages'
[25.861s] Level 1:colcon.colcon_core.shell:create_environment_hook('warehouse_robot_py', 'pythonpath')
[25.862s] INFO:colcon.colcon_core.shell:Creating environment hook '/home/anthony/Desktop/Assignment7/install/warehouse_robot_py/share/warehouse_robot_py/hook/pythonpath.ps1'
[25.864s] INFO:colcon.colcon_core.shell:Creating environment descriptor '/home/anthony/Desktop/Assignment7/install/warehouse_robot_py/share/warehouse_robot_py/hook/pythonpath.dsv'
[25.865s] INFO:colcon.colcon_core.shell:Creating environment hook '/home/anthony/Desktop/Assignment7/install/warehouse_robot_py/share/warehouse_robot_py/hook/pythonpath.sh'
[25.868s] Level 1:colcon.colcon_core.environment:checking '/home/anthony/Desktop/Assignment7/install/warehouse_robot_py/bin'
[25.868s] Level 1:colcon.colcon_core.environment:create_environment_scripts_only(warehouse_robot_py)
[25.870s] INFO:colcon.colcon_core.shell:Creating package script '/home/anthony/Desktop/Assignment7/install/warehouse_robot_py/share/warehouse_robot_py/package.ps1'
[25.872s] INFO:colcon.colcon_core.shell:Creating package descriptor '/home/anthony/Desktop/Assignment7/install/warehouse_robot_py/share/warehouse_robot_py/package.dsv'
[25.874s] INFO:colcon.colcon_core.shell:Creating package script '/home/anthony/Desktop/Assignment7/install/warehouse_robot_py/share/warehouse_robot_py/package.sh'
[25.877s] INFO:colcon.colcon_core.shell:Creating package script '/home/anthony/Desktop/Assignment7/install/warehouse_robot_py/share/warehouse_robot_py/package.bash'
[25.879s] INFO:colcon.colcon_core.shell:Creating package script '/home/anthony/Desktop/Assignment7/install/warehouse_robot_py/share/warehouse_robot_py/package.zsh'
[25.887s] Level 1:colcon.colcon_core.environment:create_file_with_runtime_dependencies(/home/anthony/Desktop/Assignment7/install/warehouse_robot_py/share/colcon-core/packages/warehouse_robot_py)
[25.889s] DEBUG:colcon.colcon_parallel_executor.executor.parallel:closing loop
[25.890s] DEBUG:colcon.colcon_parallel_executor.executor.parallel:loop closed
[25.890s] DEBUG:colcon.colcon_parallel_executor.executor.parallel:run_until_complete finished with '0'
[25.891s] DEBUG:colcon.colcon_core.event_reactor:joining thread
[25.956s] INFO:colcon.colcon_core.plugin_system:Skipping extension 'colcon_notification.desktop_notification.terminal_notifier': Not used on non-Darwin systems
[25.956s] INFO:colcon.colcon_core.plugin_system:Skipping extension 'colcon_notification.desktop_notification.win32': Not used on non-Windows systems
[25.957s] INFO:colcon.colcon_notification.desktop_notification:Sending desktop notification using 'notify2'
[26.049s] DEBUG:colcon.colcon_core.event_reactor:joined thread
[26.051s] INFO:colcon.colcon_core.shell:Creating prefix script '/home/anthony/Desktop/Assignment7/install/local_setup.ps1'
[26.057s] INFO:colcon.colcon_core.shell:Creating prefix util module '/home/anthony/Desktop/Assignment7/install/_local_setup_util_ps1.py'
[26.083s] INFO:colcon.colcon_core.shell:Creating prefix chain script '/home/anthony/Desktop/Assignment7/install/setup.ps1'
[26.089s] INFO:colcon.colcon_core.shell:Creating prefix script '/home/anthony/Desktop/Assignment7/install/local_setup.sh'
[26.092s] INFO:colcon.colcon_core.shell:Creating prefix util module '/home/anthony/Desktop/Assignment7/install/_local_setup_util_sh.py'
[26.103s] INFO:colcon.colcon_core.shell:Creating prefix chain script '/home/anthony/Desktop/Assignment7/install/setup.sh'
[26.122s] INFO:colcon.colcon_core.shell:Creating prefix script '/home/anthony/Desktop/Assignment7/install/local_setup.bash'
[26.127s] INFO:colcon.colcon_core.shell:Creating prefix chain script '/home/anthony/Desktop/Assignment7/install/setup.bash'
[26.134s] INFO:colcon.colcon_core.shell:Creating prefix script '/home/anthony/Desktop/Assignment7/install/local_setup.zsh'
[26.137s] INFO:colcon.colcon_core.shell:Creating prefix chain script '/home/anthony/Desktop/Assignment7/install/setup.zsh'
