[1.076s] Invoking command in '/home/anthony/Desktop/Assignment7/build/warehouse_robot_py': PYTHONPATH=/home/anthony/Desktop/Assignment7/build/warehouse_robot_py/prefix_override:/usr/lib/python3/dist-packages/colcon_core/task/python/colcon_distutils_commands:/home/anthony/Desktop/Assignment7/install/warehouse_robot_py/lib/python3.10/site-packages:${PYTHONPATH} /usr/bin/python3 -W ignore:setup.py install is deprecated setup.py develop --editable --build-directory /home/anthony/Desktop/Assignment7/build/warehouse_robot_py/build --no-deps symlink_data --force
[1.615s] running develop
[1.616s] /usr/lib/python3/dist-packages/setuptools/command/easy_install.py:158: EasyInstallDeprecationWarning: easy_install command is deprecated. Use build and pip and other standards-based tools.
[1.616s]   warnings.warn(
[1.819s] running egg_info
[1.822s] writing warehouse_robot_py.egg-info/PKG-INFO
[1.822s] writing dependency_links to warehouse_robot_py.egg-info/dependency_links.txt
[1.823s] writing entry points to warehouse_robot_py.egg-info/entry_points.txt
[1.824s] writing requirements to warehouse_robot_py.egg-info/requires.txt
[1.824s] writing top-level names to warehouse_robot_py.egg-info/top_level.txt
[1.828s] reading manifest file 'warehouse_robot_py.egg-info/SOURCES.txt'
[1.830s] writing manifest file 'warehouse_robot_py.egg-info/SOURCES.txt'
[1.833s] running build_ext
[1.834s] Creating /home/anthony/Desktop/Assignment7/install/warehouse_robot_py/lib/python3.10/site-packages/warehouse-robot-py.egg-link (link to .)
[1.836s] Installing item_delivery_client script to /home/anthony/Desktop/Assignment7/install/warehouse_robot_py/lib/warehouse_robot_py
[1.836s] Installing item_delivery_server script to /home/anthony/Desktop/Assignment7/install/warehouse_robot_py/lib/warehouse_robot_py
[1.837s] Installing stock_checker_client script to /home/anthony/Desktop/Assignment7/install/warehouse_robot_py/lib/warehouse_robot_py
[1.837s] Installing stock_checker_server script to /home/anthony/Desktop/Assignment7/install/warehouse_robot_py/lib/warehouse_robot_py
[1.838s] 
[1.838s] Installed /home/anthony/Desktop/Assignment7/build/warehouse_robot_py
[1.839s] running symlink_data
[1.839s] symbolically linking /home/anthony/Desktop/Assignment7/build/warehouse_robot_py/resource/warehouse_robot_py -> /home/anthony/Desktop/Assignment7/install/warehouse_robot_py/share/ament_index/resource_index/packages
[1.842s] symbolically linking /home/anthony/Desktop/Assignment7/build/warehouse_robot_py/package.xml -> /home/anthony/Desktop/Assignment7/install/warehouse_robot_py/share/warehouse_robot_py
[1.843s] symbolically linking /home/anthony/Desktop/Assignment7/build/warehouse_robot_py/launch/warehouse_robot_launch.py -> /home/anthony/Desktop/Assignment7/install/warehouse_robot_py/share/warehouse_robot_py/launch
[1.907s] Invoked command in '/home/anthony/Desktop/Assignment7/build/warehouse_robot_py' returned '0': PYTHONPATH=/home/anthony/Desktop/Assignment7/build/warehouse_robot_py/prefix_override:/usr/lib/python3/dist-packages/colcon_core/task/python/colcon_distutils_commands:/home/anthony/Desktop/Assignment7/install/warehouse_robot_py/lib/python3.10/site-packages:${PYTHONPATH} /usr/bin/python3 -W ignore:setup.py install is deprecated setup.py develop --editable --build-directory /home/anthony/Desktop/Assignment7/build/warehouse_robot_py/build --no-deps symlink_data --force
