[1.097s] Invoking command in '/home/anthony/Desktop/Assignment7/build/warehouse_robot_py': PYTHONPATH=/home/anthony/Desktop/Assignment7/build/warehouse_robot_py/prefix_override:/usr/lib/python3/dist-packages/colcon_core/task/python/colcon_distutils_commands:/home/anthony/Desktop/Assignment7/install/warehouse_robot_py/lib/python3.10/site-packages:${PYTHONPATH} /usr/bin/python3 -W ignore:setup.py install is deprecated setup.py develop --editable --build-directory /home/anthony/Desktop/Assignment7/build/warehouse_robot_py/build --no-deps symlink_data
[1.631s] running develop
[1.639s] /usr/lib/python3/dist-packages/setuptools/command/easy_install.py:158: EasyInstallDeprecationWarning: easy_install command is deprecated. Use build and pip and other standards-based tools.
[1.639s]   warnings.warn(
[1.827s] running egg_info
[1.827s] creating warehouse_robot_py.egg-info
[1.827s] writing warehouse_robot_py.egg-info/PKG-INFO
[1.828s] writing dependency_links to warehouse_robot_py.egg-info/dependency_links.txt
[1.828s] writing entry points to warehouse_robot_py.egg-info/entry_points.txt
[1.829s] writing requirements to warehouse_robot_py.egg-info/requires.txt
[1.829s] writing top-level names to warehouse_robot_py.egg-info/top_level.txt
[1.829s] writing manifest file 'warehouse_robot_py.egg-info/SOURCES.txt'
[1.832s] reading manifest file 'warehouse_robot_py.egg-info/SOURCES.txt'
[1.833s] writing manifest file 'warehouse_robot_py.egg-info/SOURCES.txt'
[1.837s] running build_ext
[1.837s] Creating /home/anthony/Desktop/Assignment7/install/warehouse_robot_py/lib/python3.10/site-packages/warehouse-robot-py.egg-link (link to .)
[1.840s] Installing item_delivery_client script to /home/anthony/Desktop/Assignment7/install/warehouse_robot_py/lib/warehouse_robot_py
[1.841s] Installing item_delivery_server script to /home/anthony/Desktop/Assignment7/install/warehouse_robot_py/lib/warehouse_robot_py
[1.841s] Installing stock_checker_client script to /home/anthony/Desktop/Assignment7/install/warehouse_robot_py/lib/warehouse_robot_py
[1.842s] Installing stock_checker_server script to /home/anthony/Desktop/Assignment7/install/warehouse_robot_py/lib/warehouse_robot_py
[1.843s] 
[1.843s] Installed /home/anthony/Desktop/Assignment7/build/warehouse_robot_py
[1.844s] running symlink_data
[1.844s] creating /home/anthony/Desktop/Assignment7/install/warehouse_robot_py/share/ament_index
[1.844s] creating /home/anthony/Desktop/Assignment7/install/warehouse_robot_py/share/ament_index/resource_index
[1.845s] creating /home/anthony/Desktop/Assignment7/install/warehouse_robot_py/share/ament_index/resource_index/packages
[1.845s] symbolically linking /home/anthony/Desktop/Assignment7/build/warehouse_robot_py/resource/warehouse_robot_py -> /home/anthony/Desktop/Assignment7/install/warehouse_robot_py/share/ament_index/resource_index/packages
[1.846s] symbolically linking /home/anthony/Desktop/Assignment7/build/warehouse_robot_py/package.xml -> /home/anthony/Desktop/Assignment7/install/warehouse_robot_py/share/warehouse_robot_py
[1.846s] creating /home/anthony/Desktop/Assignment7/install/warehouse_robot_py/share/warehouse_robot_py/launch
[1.846s] symbolically linking /home/anthony/Desktop/Assignment7/build/warehouse_robot_py/launch/warehouse_robot_launch.py -> /home/anthony/Desktop/Assignment7/install/warehouse_robot_py/share/warehouse_robot_py/launch
[1.904s] Invoked command in '/home/anthony/Desktop/Assignment7/build/warehouse_robot_py' returned '0': PYTHONPATH=/home/anthony/Desktop/Assignment7/build/warehouse_robot_py/prefix_override:/usr/lib/python3/dist-packages/colcon_core/task/python/colcon_distutils_commands:/home/anthony/Desktop/Assignment7/install/warehouse_robot_py/lib/python3.10/site-packages:${PYTHONPATH} /usr/bin/python3 -W ignore:setup.py install is deprecated setup.py develop --editable --build-directory /home/anthony/Desktop/Assignment7/build/warehouse_robot_py/build --no-deps symlink_data
