[0.877s] DEBUG:colcon:Command line arguments: ['/usr/bin/colcon', 'list', '-p', '--base-paths', '/home/anthony/Desktop/Assignment7']
[0.878s] DEBUG:colcon:Parsed command line arguments: Namespace(log_base=None, log_level=None, verb_name='list', build_base='build', ignore_user_meta=False, metas=['./colcon.meta'], base_paths=['/home/anthony/Desktop/Assignment7'], packages_ignore=None, packages_ignore_regex=None, paths=None, packages_up_to=None, packages_up_to_regex=None, packages_above=None, packages_above_and_dependencies=None, packages_above_depth=None, packages_select_by_dep=None, packages_skip_by_dep=None, packages_skip_up_to=None, packages_select_build_failed=False, packages_skip_build_finished=False, packages_select_test_failures=False, packages_skip_test_passed=False, packages_select=None, packages_skip=None, packages_select_regex=None, packages_skip_regex=None, packages_start=None, packages_end=None, allow_overriding=[], topological_order=False, names_only=False, paths_only=True, topological_graph=False, topological_graph_dot=False, topological_graph_density=False, topological_graph_legend=False, topological_graph_dot_cluster=False, topological_graph_dot_include_skipped=False, verb_parser=<colcon_defaults.argument_parser.defaults.DefaultArgumentsDecorator object at 0x7ec1e7aa4e80>, verb_extension=<colcon_package_information.verb.list.ListVerb object at 0x7ec1e7ba50f0>, main=<bound method ListVerb.main of <colcon_package_information.verb.list.ListVerb object at 0x7ec1e7ba50f0>>)
[1.934s] Level 1:colcon.colcon_core.package_discovery:discover_packages(colcon_meta) check parameters
[1.934s] Level 1:colcon.colcon_core.package_discovery:discover_packages(recursive) check parameters
[1.934s] Level 1:colcon.colcon_core.package_discovery:discover_packages(ignore) check parameters
[1.935s] Level 1:colcon.colcon_core.package_discovery:discover_packages(path) check parameters
[1.935s] Level 1:colcon.colcon_core.package_discovery:discover_packages(recursive) discover
[1.935s] INFO:colcon.colcon_core.package_discovery:Crawling recursively for packages in '/home/anthony/Desktop/Assignment7'
[1.935s] Level 1:colcon.colcon_core.package_identification:_identify(/home/anthony/Desktop/Assignment7) by extensions ['ignore', 'ignore_ament_install']
[1.936s] Level 1:colcon.colcon_core.package_identification:_identify(/home/anthony/Desktop/Assignment7) by extension 'ignore'
[1.936s] Level 1:colcon.colcon_core.package_identification:_identify(/home/anthony/Desktop/Assignment7) by extension 'ignore_ament_install'
[1.936s] Level 1:colcon.colcon_core.package_identification:_identify(/home/anthony/Desktop/Assignment7) by extensions ['colcon_pkg']
[1.936s] Level 1:colcon.colcon_core.package_identification:_identify(/home/anthony/Desktop/Assignment7) by extension 'colcon_pkg'
[1.937s] Level 1:colcon.colcon_core.package_identification:_identify(/home/anthony/Desktop/Assignment7) by extensions ['colcon_meta']
[1.937s] Level 1:colcon.colcon_core.package_identification:_identify(/home/anthony/Desktop/Assignment7) by extension 'colcon_meta'
[1.937s] Level 1:colcon.colcon_core.package_identification:_identify(/home/anthony/Desktop/Assignment7) by extensions ['ros']
[1.937s] Level 1:colcon.colcon_core.package_identification:_identify(/home/anthony/Desktop/Assignment7) by extension 'ros'
[1.955s] Level 1:colcon.colcon_core.package_identification:_identify(/home/anthony/Desktop/Assignment7) by extensions ['cmake', 'python']
[1.955s] Level 1:colcon.colcon_core.package_identification:_identify(/home/anthony/Desktop/Assignment7) by extension 'cmake'
[1.956s] Level 1:colcon.colcon_core.package_identification:_identify(/home/anthony/Desktop/Assignment7) by extension 'python'
[1.956s] Level 1:colcon.colcon_core.package_identification:_identify(/home/anthony/Desktop/Assignment7) by extensions ['python_setup_py']
[1.956s] Level 1:colcon.colcon_core.package_identification:_identify(/home/anthony/Desktop/Assignment7) by extension 'python_setup_py'
[1.957s] Level 1:colcon.colcon_core.package_identification:_identify(/home/anthony/Desktop/Assignment7/build) by extensions ['ignore', 'ignore_ament_install']
[1.957s] Level 1:colcon.colcon_core.package_identification:_identify(/home/anthony/Desktop/Assignment7/build) by extension 'ignore'
[1.957s] Level 1:colcon.colcon_core.package_identification:_identify(/home/anthony/Desktop/Assignment7/build) ignored
[1.958s] Level 1:colcon.colcon_core.package_identification:_identify(/home/anthony/Desktop/Assignment7/install) by extensions ['ignore', 'ignore_ament_install']
[1.958s] Level 1:colcon.colcon_core.package_identification:_identify(/home/anthony/Desktop/Assignment7/install) by extension 'ignore'
[1.958s] Level 1:colcon.colcon_core.package_identification:_identify(/home/anthony/Desktop/Assignment7/install) ignored
[1.959s] Level 1:colcon.colcon_core.package_identification:_identify(/home/anthony/Desktop/Assignment7/log) by extensions ['ignore', 'ignore_ament_install']
[1.959s] Level 1:colcon.colcon_core.package_identification:_identify(/home/anthony/Desktop/Assignment7/log) by extension 'ignore'
[1.959s] Level 1:colcon.colcon_core.package_identification:_identify(/home/anthony/Desktop/Assignment7/log) ignored
[1.960s] Level 1:colcon.colcon_core.package_identification:_identify(/home/anthony/Desktop/Assignment7/src) by extensions ['ignore', 'ignore_ament_install']
[1.960s] Level 1:colcon.colcon_core.package_identification:_identify(/home/anthony/Desktop/Assignment7/src) by extension 'ignore'
[1.960s] Level 1:colcon.colcon_core.package_identification:_identify(/home/anthony/Desktop/Assignment7/src) by extension 'ignore_ament_install'
[1.960s] Level 1:colcon.colcon_core.package_identification:_identify(/home/anthony/Desktop/Assignment7/src) by extensions ['colcon_pkg']
[1.960s] Level 1:colcon.colcon_core.package_identification:_identify(/home/anthony/Desktop/Assignment7/src) by extension 'colcon_pkg'
[1.961s] Level 1:colcon.colcon_core.package_identification:_identify(/home/anthony/Desktop/Assignment7/src) by extensions ['colcon_meta']
[1.961s] Level 1:colcon.colcon_core.package_identification:_identify(/home/anthony/Desktop/Assignment7/src) by extension 'colcon_meta'
[1.961s] Level 1:colcon.colcon_core.package_identification:_identify(/home/anthony/Desktop/Assignment7/src) by extensions ['ros']
[1.961s] Level 1:colcon.colcon_core.package_identification:_identify(/home/anthony/Desktop/Assignment7/src) by extension 'ros'
[1.962s] Level 1:colcon.colcon_core.package_identification:_identify(/home/anthony/Desktop/Assignment7/src) by extensions ['cmake', 'python']
[1.962s] Level 1:colcon.colcon_core.package_identification:_identify(/home/anthony/Desktop/Assignment7/src) by extension 'cmake'
[1.962s] Level 1:colcon.colcon_core.package_identification:_identify(/home/anthony/Desktop/Assignment7/src) by extension 'python'
[1.962s] Level 1:colcon.colcon_core.package_identification:_identify(/home/anthony/Desktop/Assignment7/src) by extensions ['python_setup_py']
[1.962s] Level 1:colcon.colcon_core.package_identification:_identify(/home/anthony/Desktop/Assignment7/src) by extension 'python_setup_py'
[1.963s] Level 1:colcon.colcon_core.package_identification:_identify(/home/anthony/Desktop/Assignment7/src/build) by extensions ['ignore', 'ignore_ament_install']
[1.963s] Level 1:colcon.colcon_core.package_identification:_identify(/home/anthony/Desktop/Assignment7/src/build) by extension 'ignore'
[1.963s] Level 1:colcon.colcon_core.package_identification:_identify(/home/anthony/Desktop/Assignment7/src/build) ignored
[1.964s] Level 1:colcon.colcon_core.package_identification:_identify(/home/anthony/Desktop/Assignment7/src/install) by extensions ['ignore', 'ignore_ament_install']
[1.964s] Level 1:colcon.colcon_core.package_identification:_identify(/home/anthony/Desktop/Assignment7/src/install) by extension 'ignore'
[1.964s] Level 1:colcon.colcon_core.package_identification:_identify(/home/anthony/Desktop/Assignment7/src/install) ignored
[1.966s] Level 1:colcon.colcon_core.package_identification:_identify(/home/anthony/Desktop/Assignment7/src/log) by extensions ['ignore', 'ignore_ament_install']
[1.967s] Level 1:colcon.colcon_core.package_identification:_identify(/home/anthony/Desktop/Assignment7/src/log) by extension 'ignore'
[1.967s] Level 1:colcon.colcon_core.package_identification:_identify(/home/anthony/Desktop/Assignment7/src/log) ignored
[1.968s] Level 1:colcon.colcon_core.package_identification:_identify(/home/anthony/Desktop/Assignment7/src/warehouse_robot) by extensions ['ignore', 'ignore_ament_install']
[1.968s] Level 1:colcon.colcon_core.package_identification:_identify(/home/anthony/Desktop/Assignment7/src/warehouse_robot) by extension 'ignore'
[1.968s] Level 1:colcon.colcon_core.package_identification:_identify(/home/anthony/Desktop/Assignment7/src/warehouse_robot) by extension 'ignore_ament_install'
[1.968s] Level 1:colcon.colcon_core.package_identification:_identify(/home/anthony/Desktop/Assignment7/src/warehouse_robot) by extensions ['colcon_pkg']
[1.969s] Level 1:colcon.colcon_core.package_identification:_identify(/home/anthony/Desktop/Assignment7/src/warehouse_robot) by extension 'colcon_pkg'
[1.969s] Level 1:colcon.colcon_core.package_identification:_identify(/home/anthony/Desktop/Assignment7/src/warehouse_robot) by extensions ['colcon_meta']
[1.972s] Level 1:colcon.colcon_core.package_identification:_identify(/home/anthony/Desktop/Assignment7/src/warehouse_robot) by extension 'colcon_meta'
[1.972s] Level 1:colcon.colcon_core.package_identification:_identify(/home/anthony/Desktop/Assignment7/src/warehouse_robot) by extensions ['ros']
[1.973s] Level 1:colcon.colcon_core.package_identification:_identify(/home/anthony/Desktop/Assignment7/src/warehouse_robot) by extension 'ros'
[1.979s] DEBUG:colcon.colcon_core.package_identification:Package '/home/anthony/Desktop/Assignment7/src/warehouse_robot' with type 'ros.ament_cmake' and name 'warehouse_robot'
[1.985s] Level 1:colcon.colcon_core.package_identification:_identify(/home/anthony/Desktop/Assignment7/src/warehouse_robot_py) by extensions ['ignore', 'ignore_ament_install']
[1.985s] Level 1:colcon.colcon_core.package_identification:_identify(/home/anthony/Desktop/Assignment7/src/warehouse_robot_py) by extension 'ignore'
[1.985s] Level 1:colcon.colcon_core.package_identification:_identify(/home/anthony/Desktop/Assignment7/src/warehouse_robot_py) by extension 'ignore_ament_install'
[1.986s] Level 1:colcon.colcon_core.package_identification:_identify(/home/anthony/Desktop/Assignment7/src/warehouse_robot_py) by extensions ['colcon_pkg']
[1.986s] Level 1:colcon.colcon_core.package_identification:_identify(/home/anthony/Desktop/Assignment7/src/warehouse_robot_py) by extension 'colcon_pkg'
[1.986s] Level 1:colcon.colcon_core.package_identification:_identify(/home/anthony/Desktop/Assignment7/src/warehouse_robot_py) by extensions ['colcon_meta']
[1.986s] Level 1:colcon.colcon_core.package_identification:_identify(/home/anthony/Desktop/Assignment7/src/warehouse_robot_py) by extension 'colcon_meta'
[1.986s] Level 1:colcon.colcon_core.package_identification:_identify(/home/anthony/Desktop/Assignment7/src/warehouse_robot_py) by extensions ['ros']
[1.987s] Level 1:colcon.colcon_core.package_identification:_identify(/home/anthony/Desktop/Assignment7/src/warehouse_robot_py) by extension 'ros'
[1.988s] DEBUG:colcon.colcon_core.package_identification:Package '/home/anthony/Desktop/Assignment7/src/warehouse_robot_py' with type 'ros.ament_python' and name 'warehouse_robot_py'
[1.988s] Level 1:colcon.colcon_core.package_discovery:discover_packages(recursive) using defaults
