[0.012s] Invoking command in '/home/anthony/Desktop/Assignment7/build/warehouse_robot': CMAKE_PREFIX_PATH=${CMAKE_PREFIX_PATH}:/home/anthony/Desktop/Assignment7/install/warehouse_robot_py:/opt/ros/humble /usr/bin/cmake /home/anthony/Desktop/Assignment7/src/warehouse_robot -DAMENT_CMAKE_SYMLINK_INSTALL=1 -DCMAKE_INSTALL_PREFIX=/home/anthony/Desktop/Assignment7/install/warehouse_robot
[0.159s] -- The C compiler identification is GNU 11.4.0
[0.264s] -- The CXX compiler identification is GNU 11.4.0
[0.276s] -- Detecting C compiler ABI info
[0.419s] -- Detecting C compiler ABI info - done
[0.429s] -- Check for working C compiler: /usr/bin/cc - skipped
[0.430s] -- Detecting C compile features
[0.433s] -- Detecting C compile features - done
[0.437s] -- Detecting CXX compiler ABI info
[0.591s] -- Detecting CXX compiler ABI info - done
[0.604s] -- Check for working CXX compiler: /usr/bin/c++ - skipped
[0.605s] -- Detecting CXX compile features
[0.607s] -- Detecting CXX compile features - done
[0.610s] -- Found ament_cmake: 1.3.9 (/opt/ros/humble/share/ament_cmake/cmake)
[0.948s] -- Found Python3: /usr/bin/python3 (found version "3.10.12") found components: Interpreter 
[1.050s] -- Override CMake install command with custom implementation using symlinks instead of copying resources
[1.104s] -- Found rosidl_default_generators: 1.2.0 (/opt/ros/humble/share/rosidl_default_generators/cmake)
[1.113s] -- Using all available rosidl_typesupport_c: rosidl_typesupport_fastrtps_c;rosidl_typesupport_introspection_c
[1.132s] -- Found rosidl_adapter: 3.1.5 (/opt/ros/humble/share/rosidl_adapter/cmake)
[1.176s] -- Using all available rosidl_typesupport_cpp: rosidl_typesupport_fastrtps_cpp;rosidl_typesupport_introspection_cpp
[1.854s] -- Found ament_cmake_ros: 0.10.0 (/opt/ros/humble/share/ament_cmake_ros/cmake)
[2.279s] -- Using all available rosidl_typesupport_c: rosidl_typesupport_fastrtps_c;rosidl_typesupport_introspection_c
[2.799s] -- Using all available rosidl_typesupport_cpp: rosidl_typesupport_fastrtps_cpp;rosidl_typesupport_introspection_cpp
[2.833s] -- Found PythonInterp: /usr/bin/python3 (found suitable version "3.10.12", minimum required is "3.6") 
[2.834s] -- Found python_cmake_module: 0.10.0 (/opt/ros/humble/share/python_cmake_module/cmake)
[2.890s] -- Found PythonLibs: /usr/lib/x86_64-linux-gnu/libpython3.10.so (found suitable version "3.10.12", minimum required is "3.5") 
[2.890s] -- Using PYTHON_EXECUTABLE: /usr/bin/python3
[2.890s] -- Using PYTHON_INCLUDE_DIRS: /usr/include/python3.10
[2.890s] -- Using PYTHON_LIBRARIES: /usr/lib/x86_64-linux-gnu/libpython3.10.so
[2.933s] -- Found PythonExtra: .so  
[3.054s] -- Configuring done
[3.108s] -- Generating done
[3.113s] -- Build files have been written to: /home/anthony/Desktop/Assignment7/build/warehouse_robot
[3.125s] Invoked command in '/home/anthony/Desktop/Assignment7/build/warehouse_robot' returned '0': CMAKE_PREFIX_PATH=${CMAKE_PREFIX_PATH}:/home/anthony/Desktop/Assignment7/install/warehouse_robot_py:/opt/ros/humble /usr/bin/cmake /home/anthony/Desktop/Assignment7/src/warehouse_robot -DAMENT_CMAKE_SYMLINK_INSTALL=1 -DCMAKE_INSTALL_PREFIX=/home/anthony/Desktop/Assignment7/install/warehouse_robot
[3.131s] Invoking command in '/home/anthony/Desktop/Assignment7/build/warehouse_robot': CMAKE_PREFIX_PATH=${CMAKE_PREFIX_PATH}:/home/anthony/Desktop/Assignment7/install/warehouse_robot_py:/opt/ros/humble /usr/bin/cmake --build /home/anthony/Desktop/Assignment7/build/warehouse_robot -- -j2 -l2
[3.197s] [  2%] [34m[1mGenerating C code for ROS interfaces[0m
[3.250s] [  5%] [34m[1mGenerating C++ code for ROS interfaces[0m
[4.431s] [  7%] [32mBuilding C object CMakeFiles/warehouse_robot__rosidl_generator_c.dir/rosidl_generator_c/warehouse_robot/action/detail/deliver_item__functions.c.o[0m
[4.559s] [  7%] Built target warehouse_robot__cpp
[4.664s] [  7%] Built target ament_cmake_python_symlink_warehouse_robot
[4.698s] [ 10%] [32mBuilding C object CMakeFiles/warehouse_robot__rosidl_generator_c.dir/rosidl_generator_c/warehouse_robot/srv/detail/check_stock__functions.c.o[0m
[4.806s] [ 12%] [34m[1mGenerating C++ type support dispatch for ROS interfaces[0m
[4.827s] [ 15%] [32m[1mLinking C shared library libwarehouse_robot__rosidl_generator_c.so[0m
[4.918s] [ 15%] Built target warehouse_robot__rosidl_generator_c
[4.944s] [ 17%] [34m[1mGenerating C++ type support for eProsima Fast-RTPS[0m
[5.578s] [ 20%] [32mBuilding CXX object CMakeFiles/warehouse_robot__rosidl_typesupport_cpp.dir/rosidl_typesupport_cpp/warehouse_robot/action/deliver_item__type_support.cpp.o[0m
[6.047s] [ 23%] [32mBuilding CXX object CMakeFiles/warehouse_robot__rosidl_typesupport_fastrtps_cpp.dir/rosidl_typesupport_fastrtps_cpp/warehouse_robot/action/detail/dds_fastrtps/deliver_item__type_support.cpp.o[0m
[6.702s] [ 25%] [32mBuilding CXX object CMakeFiles/warehouse_robot__rosidl_typesupport_cpp.dir/rosidl_typesupport_cpp/warehouse_robot/srv/check_stock__type_support.cpp.o[0m
[7.417s] [ 28%] [32m[1mLinking CXX shared library libwarehouse_robot__rosidl_typesupport_cpp.so[0m
[7.466s] [ 30%] [32mBuilding CXX object CMakeFiles/warehouse_robot__rosidl_typesupport_fastrtps_cpp.dir/rosidl_typesupport_fastrtps_cpp/warehouse_robot/srv/detail/dds_fastrtps/check_stock__type_support.cpp.o[0m
[7.506s] [ 30%] Built target warehouse_robot__rosidl_typesupport_cpp
[7.520s] [ 33%] [34m[1mGenerating C++ introspection for ROS interfaces[0m
[8.240s] [ 35%] [32m[1mLinking CXX shared library libwarehouse_robot__rosidl_typesupport_fastrtps_cpp.so[0m
[8.374s] [ 35%] Built target warehouse_robot__rosidl_typesupport_fastrtps_cpp
[8.488s] [ 38%] [32mBuilding CXX object CMakeFiles/warehouse_robot__rosidl_typesupport_introspection_cpp.dir/rosidl_typesupport_introspection_cpp/warehouse_robot/action/detail/deliver_item__type_support.cpp.o[0m
[8.859s] running egg_info
[8.861s] creating warehouse_robot.egg-info
[8.861s] writing warehouse_robot.egg-info/PKG-INFO
[8.862s] writing dependency_links to warehouse_robot.egg-info/dependency_links.txt
[8.862s] writing top-level names to warehouse_robot.egg-info/top_level.txt
[8.863s] writing manifest file 'warehouse_robot.egg-info/SOURCES.txt'
[8.871s] reading manifest file 'warehouse_robot.egg-info/SOURCES.txt'
[8.875s] writing manifest file 'warehouse_robot.egg-info/SOURCES.txt'
[8.961s] [ 38%] Built target ament_cmake_python_build_warehouse_robot_egg
[8.994s] [ 41%] [34m[1mGenerating C type support for eProsima Fast-RTPS[0m
[9.599s] [ 43%] [32mBuilding CXX object CMakeFiles/warehouse_robot__rosidl_typesupport_introspection_cpp.dir/rosidl_typesupport_introspection_cpp/warehouse_robot/srv/detail/check_stock__type_support.cpp.o[0m
[9.981s] [ 46%] [32mBuilding CXX object CMakeFiles/warehouse_robot__rosidl_typesupport_fastrtps_c.dir/rosidl_typesupport_fastrtps_c/warehouse_robot/action/detail/deliver_item__type_support_c.cpp.o[0m
[10.284s] [ 48%] [32m[1mLinking CXX shared library libwarehouse_robot__rosidl_typesupport_introspection_cpp.so[0m
[10.451s] [ 48%] Built target warehouse_robot__rosidl_typesupport_introspection_cpp
[10.489s] [ 51%] [34m[1mGenerating C introspection for ROS interfaces[0m
[10.800s] [ 53%] [32mBuilding CXX object CMakeFiles/warehouse_robot__rosidl_typesupport_fastrtps_c.dir/rosidl_typesupport_fastrtps_c/warehouse_robot/srv/detail/check_stock__type_support_c.cpp.o[0m
[11.443s] [ 56%] [32m[1mLinking CXX shared library libwarehouse_robot__rosidl_typesupport_fastrtps_c.so[0m
[11.593s] [ 58%] [32mBuilding C object CMakeFiles/warehouse_robot__rosidl_typesupport_introspection_c.dir/rosidl_typesupport_introspection_c/warehouse_robot/action/detail/deliver_item__type_support.c.o[0m
[11.595s] [ 58%] Built target warehouse_robot__rosidl_typesupport_fastrtps_c
[11.631s] [ 61%] [34m[1mGenerating C type support dispatch for ROS interfaces[0m
[11.720s] [ 64%] [32mBuilding C object CMakeFiles/warehouse_robot__rosidl_typesupport_introspection_c.dir/rosidl_typesupport_introspection_c/warehouse_robot/srv/detail/check_stock__type_support.c.o[0m
[11.884s] [ 66%] [32m[1mLinking C shared library libwarehouse_robot__rosidl_typesupport_introspection_c.so[0m
[11.971s] [ 66%] Built target warehouse_robot__rosidl_typesupport_introspection_c
[12.453s] [ 69%] [32mBuilding CXX object CMakeFiles/warehouse_robot__rosidl_typesupport_c.dir/rosidl_typesupport_c/warehouse_robot/action/deliver_item__type_support.cpp.o[0m
[12.454s] [ 71%] [32mBuilding CXX object CMakeFiles/warehouse_robot__rosidl_typesupport_c.dir/rosidl_typesupport_c/warehouse_robot/srv/check_stock__type_support.cpp.o[0m
[12.575s] [ 74%] [32m[1mLinking CXX shared library libwarehouse_robot__rosidl_typesupport_c.so[0m
[12.675s] [ 74%] Built target warehouse_robot__rosidl_typesupport_c
[12.724s] [ 74%] Built target warehouse_robot
[12.776s] [ 76%] [34m[1mGenerating Python code for ROS interfaces[0m
[14.564s] [ 76%] Built target warehouse_robot__py
[14.627s] [ 82%] [32mBuilding C object CMakeFiles/warehouse_robot__rosidl_generator_py.dir/rosidl_generator_py/warehouse_robot/action/_deliver_item_s.c.o[0m
[14.627s] [ 82%] [32mBuilding C object CMakeFiles/warehouse_robot__rosidl_generator_py.dir/rosidl_generator_py/warehouse_robot/srv/_check_stock_s.c.o[0m
[15.012s] [ 84%] [32m[1mLinking C shared library rosidl_generator_py/warehouse_robot/libwarehouse_robot__rosidl_generator_py.so[0m
[15.109s] [ 84%] Built target warehouse_robot__rosidl_generator_py
[15.181s] [ 87%] [32mBuilding C object CMakeFiles/warehouse_robot__rosidl_typesupport_fastrtps_c__pyext.dir/rosidl_generator_py/warehouse_robot/_warehouse_robot_s.ep.rosidl_typesupport_fastrtps_c.c.o[0m
[15.188s] [ 89%] [32mBuilding C object CMakeFiles/warehouse_robot__rosidl_typesupport_introspection_c__pyext.dir/rosidl_generator_py/warehouse_robot/_warehouse_robot_s.ep.rosidl_typesupport_introspection_c.c.o[0m
[15.366s] [ 92%] [32m[1mLinking C shared library rosidl_generator_py/warehouse_robot/warehouse_robot_s__rosidl_typesupport_fastrtps_c.cpython-310-x86_64-linux-gnu.so[0m
[15.398s] [ 94%] [32m[1mLinking C shared library rosidl_generator_py/warehouse_robot/warehouse_robot_s__rosidl_typesupport_introspection_c.cpython-310-x86_64-linux-gnu.so[0m
[15.420s] [ 94%] Built target warehouse_robot__rosidl_typesupport_fastrtps_c__pyext
[15.467s] [ 94%] Built target warehouse_robot__rosidl_typesupport_introspection_c__pyext
[15.480s] [ 97%] [32mBuilding C object CMakeFiles/warehouse_robot__rosidl_typesupport_c__pyext.dir/rosidl_generator_py/warehouse_robot/_warehouse_robot_s.ep.rosidl_typesupport_c.c.o[0m
[15.731s] [100%] [32m[1mLinking C shared library rosidl_generator_py/warehouse_robot/warehouse_robot_s__rosidl_typesupport_c.cpython-310-x86_64-linux-gnu.so[0m
[15.789s] [100%] Built target warehouse_robot__rosidl_typesupport_c__pyext
[15.811s] Invoked command in '/home/anthony/Desktop/Assignment7/build/warehouse_robot' returned '0': CMAKE_PREFIX_PATH=${CMAKE_PREFIX_PATH}:/home/anthony/Desktop/Assignment7/install/warehouse_robot_py:/opt/ros/humble /usr/bin/cmake --build /home/anthony/Desktop/Assignment7/build/warehouse_robot -- -j2 -l2
[16.042s] Invoking command in '/home/anthony/Desktop/Assignment7/build/warehouse_robot': CMAKE_PREFIX_PATH=${CMAKE_PREFIX_PATH}:/home/anthony/Desktop/Assignment7/install/warehouse_robot_py:/opt/ros/humble /usr/bin/cmake --install /home/anthony/Desktop/Assignment7/build/warehouse_robot
[16.055s] -- Install configuration: ""
[16.056s] -- Execute custom install script
[16.056s] -- Symlinking: /home/anthony/Desktop/Assignment7/install/warehouse_robot/share/ament_index/resource_index/rosidl_interfaces/warehouse_robot
[16.091s] -- Symlinking: /home/anthony/Desktop/Assignment7/install/warehouse_robot/include/warehouse_robot/warehouse_robot/action/deliver_item.h
[16.126s] -- Symlinking: /home/anthony/Desktop/Assignment7/install/warehouse_robot/include/warehouse_robot/warehouse_robot/action/detail/deliver_item__functions.h
[16.144s] -- Symlinking: /home/anthony/Desktop/Assignment7/install/warehouse_robot/include/warehouse_robot/warehouse_robot/action/detail/deliver_item__struct.h
[16.159s] -- Symlinking: /home/anthony/Desktop/Assignment7/install/warehouse_robot/include/warehouse_robot/warehouse_robot/action/detail/deliver_item__type_support.h
[16.194s] -- Symlinking: /home/anthony/Desktop/Assignment7/install/warehouse_robot/include/warehouse_robot/warehouse_robot/msg/rosidl_generator_c__visibility_control.h
[16.220s] -- Symlinking: /home/anthony/Desktop/Assignment7/install/warehouse_robot/include/warehouse_robot/warehouse_robot/srv/check_stock.h
[16.242s] -- Symlinking: /home/anthony/Desktop/Assignment7/install/warehouse_robot/include/warehouse_robot/warehouse_robot/srv/detail/check_stock__functions.h
[16.270s] -- Symlinking: /home/anthony/Desktop/Assignment7/install/warehouse_robot/include/warehouse_robot/warehouse_robot/srv/detail/check_stock__struct.h
[16.306s] -- Symlinking: /home/anthony/Desktop/Assignment7/install/warehouse_robot/include/warehouse_robot/warehouse_robot/srv/detail/check_stock__type_support.h
[16.329s] -- Symlinking: /home/anthony/Desktop/Assignment7/install/warehouse_robot/share/warehouse_robot/environment/library_path.sh
[16.341s] -- Symlinking: /home/anthony/Desktop/Assignment7/install/warehouse_robot/share/warehouse_robot/environment/library_path.dsv
[16.350s] -- Symlinking: /home/anthony/Desktop/Assignment7/install/warehouse_robot/include/warehouse_robot/warehouse_robot/action/detail/deliver_item__rosidl_typesupport_fastrtps_c.h
[16.359s] -- Symlinking: /home/anthony/Desktop/Assignment7/install/warehouse_robot/include/warehouse_robot/warehouse_robot/msg/rosidl_typesupport_fastrtps_c__visibility_control.h
[16.368s] -- Symlinking: /home/anthony/Desktop/Assignment7/install/warehouse_robot/include/warehouse_robot/warehouse_robot/srv/detail/check_stock__rosidl_typesupport_fastrtps_c.h
[16.383s] -- Symlinking: /home/anthony/Desktop/Assignment7/install/warehouse_robot/include/warehouse_robot/warehouse_robot/action/detail/deliver_item__rosidl_typesupport_introspection_c.h
[16.394s] -- Symlinking: /home/anthony/Desktop/Assignment7/install/warehouse_robot/include/warehouse_robot/warehouse_robot/msg/rosidl_typesupport_introspection_c__visibility_control.h
[16.411s] -- Symlinking: /home/anthony/Desktop/Assignment7/install/warehouse_robot/include/warehouse_robot/warehouse_robot/srv/detail/check_stock__rosidl_typesupport_introspection_c.h
[16.422s] -- Symlinking: /home/anthony/Desktop/Assignment7/install/warehouse_robot/include/warehouse_robot/warehouse_robot/action/deliver_item.hpp
[16.433s] -- Symlinking: /home/anthony/Desktop/Assignment7/install/warehouse_robot/include/warehouse_robot/warehouse_robot/action/detail/deliver_item__builder.hpp
[16.444s] -- Symlinking: /home/anthony/Desktop/Assignment7/install/warehouse_robot/include/warehouse_robot/warehouse_robot/action/detail/deliver_item__struct.hpp
[16.453s] -- Symlinking: /home/anthony/Desktop/Assignment7/install/warehouse_robot/include/warehouse_robot/warehouse_robot/action/detail/deliver_item__traits.hpp
[16.463s] -- Symlinking: /home/anthony/Desktop/Assignment7/install/warehouse_robot/include/warehouse_robot/warehouse_robot/srv/check_stock.hpp
[16.473s] -- Symlinking: /home/anthony/Desktop/Assignment7/install/warehouse_robot/include/warehouse_robot/warehouse_robot/srv/detail/check_stock__builder.hpp
[16.490s] -- Symlinking: /home/anthony/Desktop/Assignment7/install/warehouse_robot/include/warehouse_robot/warehouse_robot/srv/detail/check_stock__struct.hpp
[16.518s] -- Symlinking: /home/anthony/Desktop/Assignment7/install/warehouse_robot/include/warehouse_robot/warehouse_robot/srv/detail/check_stock__traits.hpp
[16.534s] -- Symlinking: /home/anthony/Desktop/Assignment7/install/warehouse_robot/include/warehouse_robot/warehouse_robot/action/detail/deliver_item__rosidl_typesupport_fastrtps_cpp.hpp
[16.543s] -- Symlinking: /home/anthony/Desktop/Assignment7/install/warehouse_robot/include/warehouse_robot/warehouse_robot/msg/rosidl_typesupport_fastrtps_cpp__visibility_control.h
[16.550s] -- Symlinking: /home/anthony/Desktop/Assignment7/install/warehouse_robot/include/warehouse_robot/warehouse_robot/srv/detail/check_stock__rosidl_typesupport_fastrtps_cpp.hpp
[16.572s] -- Symlinking: /home/anthony/Desktop/Assignment7/install/warehouse_robot/include/warehouse_robot/warehouse_robot/action/detail/deliver_item__rosidl_typesupport_introspection_cpp.hpp
[16.587s] -- Symlinking: /home/anthony/Desktop/Assignment7/install/warehouse_robot/include/warehouse_robot/warehouse_robot/srv/detail/check_stock__rosidl_typesupport_introspection_cpp.hpp
[16.604s] -- Symlinking: /home/anthony/Desktop/Assignment7/install/warehouse_robot/share/warehouse_robot/environment/pythonpath.sh
[16.617s] -- Symlinking: /home/anthony/Desktop/Assignment7/install/warehouse_robot/share/warehouse_robot/environment/pythonpath.dsv
[16.636s] -- Symlinking: /home/anthony/Desktop/Assignment7/install/warehouse_robot/local/lib/python3.10/dist-packages/warehouse_robot-0.0.0-py3.10.egg-info/PKG-INFO
[16.649s] -- Symlinking: /home/anthony/Desktop/Assignment7/install/warehouse_robot/local/lib/python3.10/dist-packages/warehouse_robot-0.0.0-py3.10.egg-info/SOURCES.txt
[16.657s] -- Symlinking: /home/anthony/Desktop/Assignment7/install/warehouse_robot/local/lib/python3.10/dist-packages/warehouse_robot-0.0.0-py3.10.egg-info/dependency_links.txt
[16.666s] -- Symlinking: /home/anthony/Desktop/Assignment7/install/warehouse_robot/local/lib/python3.10/dist-packages/warehouse_robot-0.0.0-py3.10.egg-info/top_level.txt
[16.676s] -- Symlinking: /home/anthony/Desktop/Assignment7/install/warehouse_robot/local/lib/python3.10/dist-packages/warehouse_robot/__init__.py
[16.684s] -- Symlinking: /home/anthony/Desktop/Assignment7/install/warehouse_robot/local/lib/python3.10/dist-packages/warehouse_robot/_warehouse_robot_s.ep.rosidl_typesupport_c.c
[16.695s] -- Symlinking: /home/anthony/Desktop/Assignment7/install/warehouse_robot/local/lib/python3.10/dist-packages/warehouse_robot/_warehouse_robot_s.ep.rosidl_typesupport_fastrtps_c.c
[16.705s] -- Symlinking: /home/anthony/Desktop/Assignment7/install/warehouse_robot/local/lib/python3.10/dist-packages/warehouse_robot/_warehouse_robot_s.ep.rosidl_typesupport_introspection_c.c
[16.736s] -- Symlinking: /home/anthony/Desktop/Assignment7/install/warehouse_robot/local/lib/python3.10/dist-packages/warehouse_robot/action/__init__.py
[16.760s] -- Symlinking: /home/anthony/Desktop/Assignment7/install/warehouse_robot/local/lib/python3.10/dist-packages/warehouse_robot/action/_deliver_item.py
[16.778s] -- Symlinking: /home/anthony/Desktop/Assignment7/install/warehouse_robot/local/lib/python3.10/dist-packages/warehouse_robot/action/_deliver_item_s.c
[16.800s] -- Symlinking: /home/anthony/Desktop/Assignment7/install/warehouse_robot/local/lib/python3.10/dist-packages/warehouse_robot/libwarehouse_robot__rosidl_generator_py.so
[16.818s] -- Symlinking: /home/anthony/Desktop/Assignment7/install/warehouse_robot/local/lib/python3.10/dist-packages/warehouse_robot/srv/__init__.py
[16.831s] -- Symlinking: /home/anthony/Desktop/Assignment7/install/warehouse_robot/local/lib/python3.10/dist-packages/warehouse_robot/srv/_check_stock.py
[16.839s] -- Symlinking: /home/anthony/Desktop/Assignment7/install/warehouse_robot/local/lib/python3.10/dist-packages/warehouse_robot/srv/_check_stock_s.c
[16.853s] -- Symlinking: /home/anthony/Desktop/Assignment7/install/warehouse_robot/local/lib/python3.10/dist-packages/warehouse_robot/warehouse_robot_s__rosidl_typesupport_c.cpython-310-x86_64-linux-gnu.so
[16.874s] -- Symlinking: /home/anthony/Desktop/Assignment7/install/warehouse_robot/local/lib/python3.10/dist-packages/warehouse_robot/warehouse_robot_s__rosidl_typesupport_fastrtps_c.cpython-310-x86_64-linux-gnu.so
[16.906s] -- Symlinking: /home/anthony/Desktop/Assignment7/install/warehouse_robot/local/lib/python3.10/dist-packages/warehouse_robot/warehouse_robot_s__rosidl_typesupport_introspection_c.cpython-310-x86_64-linux-gnu.so
[16.919s] -- Up-to-date symlink: /home/anthony/Desktop/Assignment7/install/warehouse_robot/local/lib/python3.10/dist-packages/warehouse_robot/warehouse_robot_s__rosidl_typesupport_fastrtps_c.cpython-310-x86_64-linux-gnu.so
[16.919s] -- Up-to-date symlink: /home/anthony/Desktop/Assignment7/install/warehouse_robot/local/lib/python3.10/dist-packages/warehouse_robot/warehouse_robot_s__rosidl_typesupport_introspection_c.cpython-310-x86_64-linux-gnu.so
[16.919s] -- Up-to-date symlink: /home/anthony/Desktop/Assignment7/install/warehouse_robot/local/lib/python3.10/dist-packages/warehouse_robot/warehouse_robot_s__rosidl_typesupport_c.cpython-310-x86_64-linux-gnu.so
[16.919s] -- Symlinking: /home/anthony/Desktop/Assignment7/install/warehouse_robot/share/warehouse_robot/action/DeliverItem.idl
[16.929s] -- Symlinking: /home/anthony/Desktop/Assignment7/install/warehouse_robot/share/warehouse_robot/srv/CheckStock.idl
[16.941s] -- Symlinking: /home/anthony/Desktop/Assignment7/install/warehouse_robot/share/warehouse_robot/action/DeliverItem.action
[16.951s] -- Symlinking: /home/anthony/Desktop/Assignment7/install/warehouse_robot/share/warehouse_robot/srv/CheckStock.srv
[16.970s] -- Symlinking: /home/anthony/Desktop/Assignment7/install/warehouse_robot/share/warehouse_robot/srv/CheckStock_Request.msg
[17.003s] -- Symlinking: /home/anthony/Desktop/Assignment7/install/warehouse_robot/share/warehouse_robot/srv/CheckStock_Response.msg
[17.030s] -- Symlinking: /home/anthony/Desktop/Assignment7/install/warehouse_robot/share/ament_index/resource_index/package_run_dependencies/warehouse_robot
[17.044s] -- Symlinking: /home/anthony/Desktop/Assignment7/install/warehouse_robot/share/ament_index/resource_index/parent_prefix_path/warehouse_robot
[17.055s] -- Symlinking: /home/anthony/Desktop/Assignment7/install/warehouse_robot/share/warehouse_robot/environment/ament_prefix_path.sh
[17.063s] -- Symlinking: /home/anthony/Desktop/Assignment7/install/warehouse_robot/share/warehouse_robot/environment/ament_prefix_path.dsv
[17.074s] -- Symlinking: /home/anthony/Desktop/Assignment7/install/warehouse_robot/share/warehouse_robot/environment/path.sh
[17.092s] -- Symlinking: /home/anthony/Desktop/Assignment7/install/warehouse_robot/share/warehouse_robot/environment/path.dsv
[17.111s] -- Symlinking: /home/anthony/Desktop/Assignment7/install/warehouse_robot/share/warehouse_robot/local_setup.bash
[17.126s] -- Symlinking: /home/anthony/Desktop/Assignment7/install/warehouse_robot/share/warehouse_robot/local_setup.sh
[17.152s] -- Symlinking: /home/anthony/Desktop/Assignment7/install/warehouse_robot/share/warehouse_robot/local_setup.zsh
[17.171s] -- Symlinking: /home/anthony/Desktop/Assignment7/install/warehouse_robot/share/warehouse_robot/local_setup.dsv
[17.181s] -- Symlinking: /home/anthony/Desktop/Assignment7/install/warehouse_robot/share/warehouse_robot/package.dsv
[17.192s] -- Symlinking: /home/anthony/Desktop/Assignment7/install/warehouse_robot/share/ament_index/resource_index/packages/warehouse_robot
[17.202s] -- Symlinking: /home/anthony/Desktop/Assignment7/install/warehouse_robot/share/warehouse_robot/cmake/rosidl_cmake-extras.cmake
[17.219s] -- Symlinking: /home/anthony/Desktop/Assignment7/install/warehouse_robot/share/warehouse_robot/cmake/ament_cmake_export_dependencies-extras.cmake
[17.230s] -- Symlinking: /home/anthony/Desktop/Assignment7/install/warehouse_robot/share/warehouse_robot/cmake/ament_cmake_export_include_directories-extras.cmake
[17.248s] -- Symlinking: /home/anthony/Desktop/Assignment7/install/warehouse_robot/share/warehouse_robot/cmake/ament_cmake_export_libraries-extras.cmake
[17.261s] -- Symlinking: /home/anthony/Desktop/Assignment7/install/warehouse_robot/share/warehouse_robot/cmake/ament_cmake_export_targets-extras.cmake
[17.273s] -- Symlinking: /home/anthony/Desktop/Assignment7/install/warehouse_robot/share/warehouse_robot/cmake/rosidl_cmake_export_typesupport_targets-extras.cmake
[17.283s] -- Symlinking: /home/anthony/Desktop/Assignment7/install/warehouse_robot/share/warehouse_robot/cmake/rosidl_cmake_export_typesupport_libraries-extras.cmake
[17.293s] -- Symlinking: /home/anthony/Desktop/Assignment7/install/warehouse_robot/share/warehouse_robot/cmake/warehouse_robotConfig.cmake
[17.302s] -- Symlinking: /home/anthony/Desktop/Assignment7/install/warehouse_robot/share/warehouse_robot/cmake/warehouse_robotConfig-version.cmake
[17.314s] -- Symlinking: /home/anthony/Desktop/Assignment7/install/warehouse_robot/share/warehouse_robot/package.xml
[17.330s] -- Installing: /home/anthony/Desktop/Assignment7/install/warehouse_robot/lib/libwarehouse_robot__rosidl_generator_c.so
[17.331s] -- Set runtime path of "/home/anthony/Desktop/Assignment7/install/warehouse_robot/lib/libwarehouse_robot__rosidl_generator_c.so" to ""
[17.331s] -- Installing: /home/anthony/Desktop/Assignment7/install/warehouse_robot/lib/libwarehouse_robot__rosidl_typesupport_fastrtps_c.so
[17.334s] -- Set runtime path of "/home/anthony/Desktop/Assignment7/install/warehouse_robot/lib/libwarehouse_robot__rosidl_typesupport_fastrtps_c.so" to ""
[17.334s] -- Installing: /home/anthony/Desktop/Assignment7/install/warehouse_robot/lib/libwarehouse_robot__rosidl_typesupport_introspection_c.so
[17.335s] -- Set runtime path of "/home/anthony/Desktop/Assignment7/install/warehouse_robot/lib/libwarehouse_robot__rosidl_typesupport_introspection_c.so" to ""
[17.335s] -- Installing: /home/anthony/Desktop/Assignment7/install/warehouse_robot/lib/libwarehouse_robot__rosidl_typesupport_c.so
[17.336s] -- Set runtime path of "/home/anthony/Desktop/Assignment7/install/warehouse_robot/lib/libwarehouse_robot__rosidl_typesupport_c.so" to ""
[17.337s] -- Installing: /home/anthony/Desktop/Assignment7/install/warehouse_robot/lib/libwarehouse_robot__rosidl_typesupport_fastrtps_cpp.so
[17.338s] -- Set runtime path of "/home/anthony/Desktop/Assignment7/install/warehouse_robot/lib/libwarehouse_robot__rosidl_typesupport_fastrtps_cpp.so" to ""
[17.338s] -- Installing: /home/anthony/Desktop/Assignment7/install/warehouse_robot/lib/libwarehouse_robot__rosidl_typesupport_introspection_cpp.so
[17.340s] -- Set runtime path of "/home/anthony/Desktop/Assignment7/install/warehouse_robot/lib/libwarehouse_robot__rosidl_typesupport_introspection_cpp.so" to ""
[17.340s] -- Installing: /home/anthony/Desktop/Assignment7/install/warehouse_robot/lib/libwarehouse_robot__rosidl_typesupport_cpp.so
[17.341s] -- Set runtime path of "/home/anthony/Desktop/Assignment7/install/warehouse_robot/lib/libwarehouse_robot__rosidl_typesupport_cpp.so" to ""
[17.432s] Listing '/home/anthony/Desktop/Assignment7/install/warehouse_robot/local/lib/python3.10/dist-packages/warehouse_robot'...
[17.432s] Compiling '/home/anthony/Desktop/Assignment7/install/warehouse_robot/local/lib/python3.10/dist-packages/warehouse_robot/__init__.py'...
[17.433s] Listing '/home/anthony/Desktop/Assignment7/install/warehouse_robot/local/lib/python3.10/dist-packages/warehouse_robot/action'...
[17.433s] Compiling '/home/anthony/Desktop/Assignment7/install/warehouse_robot/local/lib/python3.10/dist-packages/warehouse_robot/action/__init__.py'...
[17.433s] Compiling '/home/anthony/Desktop/Assignment7/install/warehouse_robot/local/lib/python3.10/dist-packages/warehouse_robot/action/_deliver_item.py'...
[17.433s] Listing '/home/anthony/Desktop/Assignment7/install/warehouse_robot/local/lib/python3.10/dist-packages/warehouse_robot/srv'...
[17.433s] Compiling '/home/anthony/Desktop/Assignment7/install/warehouse_robot/local/lib/python3.10/dist-packages/warehouse_robot/srv/__init__.py'...
[17.433s] Compiling '/home/anthony/Desktop/Assignment7/install/warehouse_robot/local/lib/python3.10/dist-packages/warehouse_robot/srv/_check_stock.py'...
[17.438s] -- Installing: /home/anthony/Desktop/Assignment7/install/warehouse_robot/lib/libwarehouse_robot__rosidl_generator_py.so
[17.439s] -- Set runtime path of "/home/anthony/Desktop/Assignment7/install/warehouse_robot/lib/libwarehouse_robot__rosidl_generator_py.so" to ""
[17.440s] -- Installing: /home/anthony/Desktop/Assignment7/install/warehouse_robot/share/warehouse_robot/cmake/export_warehouse_robot__rosidl_generator_cExport.cmake
[17.440s] -- Installing: /home/anthony/Desktop/Assignment7/install/warehouse_robot/share/warehouse_robot/cmake/export_warehouse_robot__rosidl_generator_cExport-noconfig.cmake
[17.441s] -- Installing: /home/anthony/Desktop/Assignment7/install/warehouse_robot/share/warehouse_robot/cmake/export_warehouse_robot__rosidl_typesupport_fastrtps_cExport.cmake
[17.441s] -- Installing: /home/anthony/Desktop/Assignment7/install/warehouse_robot/share/warehouse_robot/cmake/export_warehouse_robot__rosidl_typesupport_fastrtps_cExport-noconfig.cmake
[17.442s] -- Installing: /home/anthony/Desktop/Assignment7/install/warehouse_robot/share/warehouse_robot/cmake/warehouse_robot__rosidl_typesupport_introspection_cExport.cmake
[17.442s] -- Installing: /home/anthony/Desktop/Assignment7/install/warehouse_robot/share/warehouse_robot/cmake/warehouse_robot__rosidl_typesupport_introspection_cExport-noconfig.cmake
[17.443s] -- Installing: /home/anthony/Desktop/Assignment7/install/warehouse_robot/share/warehouse_robot/cmake/warehouse_robot__rosidl_typesupport_cExport.cmake
[17.444s] -- Installing: /home/anthony/Desktop/Assignment7/install/warehouse_robot/share/warehouse_robot/cmake/warehouse_robot__rosidl_typesupport_cExport-noconfig.cmake
[17.444s] -- Installing: /home/anthony/Desktop/Assignment7/install/warehouse_robot/share/warehouse_robot/cmake/export_warehouse_robot__rosidl_generator_cppExport.cmake
[17.445s] -- Installing: /home/anthony/Desktop/Assignment7/install/warehouse_robot/share/warehouse_robot/cmake/export_warehouse_robot__rosidl_typesupport_fastrtps_cppExport.cmake
[17.445s] -- Installing: /home/anthony/Desktop/Assignment7/install/warehouse_robot/share/warehouse_robot/cmake/export_warehouse_robot__rosidl_typesupport_fastrtps_cppExport-noconfig.cmake
[17.446s] -- Installing: /home/anthony/Desktop/Assignment7/install/warehouse_robot/share/warehouse_robot/cmake/warehouse_robot__rosidl_typesupport_introspection_cppExport.cmake
[17.447s] -- Installing: /home/anthony/Desktop/Assignment7/install/warehouse_robot/share/warehouse_robot/cmake/warehouse_robot__rosidl_typesupport_introspection_cppExport-noconfig.cmake
[17.447s] -- Installing: /home/anthony/Desktop/Assignment7/install/warehouse_robot/share/warehouse_robot/cmake/warehouse_robot__rosidl_typesupport_cppExport.cmake
[17.448s] -- Installing: /home/anthony/Desktop/Assignment7/install/warehouse_robot/share/warehouse_robot/cmake/warehouse_robot__rosidl_typesupport_cppExport-noconfig.cmake
[17.448s] -- Installing: /home/anthony/Desktop/Assignment7/install/warehouse_robot/share/warehouse_robot/cmake/export_warehouse_robot__rosidl_generator_pyExport.cmake
[17.449s] -- Installing: /home/anthony/Desktop/Assignment7/install/warehouse_robot/share/warehouse_robot/cmake/export_warehouse_robot__rosidl_generator_pyExport-noconfig.cmake
[17.456s] Invoked command in '/home/anthony/Desktop/Assignment7/build/warehouse_robot' returned '0': CMAKE_PREFIX_PATH=${CMAKE_PREFIX_PATH}:/home/anthony/Desktop/Assignment7/install/warehouse_robot_py:/opt/ros/humble /usr/bin/cmake --install /home/anthony/Desktop/Assignment7/build/warehouse_robot
