-- Found ament_cmake: 1.3.9 (/opt/ros/humble/share/ament_cmake/cmake)
-- Found rosidl_default_generators: 1.2.0 (/opt/ros/humble/share/rosidl_default_generators/cmake)
-- Using all available rosidl_typesupport_c: rosidl_typesupport_fastrtps_c;rosidl_typesupport_introspection_c
-- Found rosidl_adapter: 3.1.5 (/opt/ros/humble/share/rosidl_adapter/cmake)
-- Using all available rosidl_typesupport_cpp: rosidl_typesupport_fastrtps_cpp;rosidl_typesupport_introspection_cpp
-- Found ament_cmake_ros: 0.10.0 (/opt/ros/humble/share/ament_cmake_ros/cmake)
-- Using all available rosidl_typesupport_c: rosidl_typesupport_fastrtps_c;rosidl_typesupport_introspection_c
-- Using all available rosidl_typesupport_cpp: rosidl_typesupport_fastrtps_cpp;rosidl_typesupport_introspection_cpp
-- Found python_cmake_module: 0.10.0 (/opt/ros/humble/share/python_cmake_module/cmake)
-- Using PYTHON_EXECUTABLE: /usr/bin/python3
-- Using PYTHON_INCLUDE_DIRS: /usr/include/python3.10
-- Using PYTHON_LIBRARIES: /usr/lib/x86_64-linux-gnu/libpython3.10.so
-- Configuring done
-- Generating done
-- Build files have been written to: /home/anthony/Desktop/Assignment7/build/warehouse_robot
[  2%] [34m[1mGenerating C code for ROS interfaces[0m
[  5%] [34m[1mGenerating C++ code for ROS interfaces[0m
[  5%] Built target warehouse_robot__cpp
[35m[1mConsolidate compiler generated dependencies of target warehouse_robot__rosidl_generator_c[0m
[  5%] Built target ament_cmake_python_copy_warehouse_robot
[  7%] [32mBuilding C object CMakeFiles/warehouse_robot__rosidl_generator_c.dir/rosidl_generator_c/warehouse_robot/action/detail/deliver_item__functions.c.o[0m
[ 10%] [32mBuilding C object CMakeFiles/warehouse_robot__rosidl_generator_c.dir/rosidl_generator_c/warehouse_robot/srv/detail/check_stock__functions.c.o[0m
[ 12%] [34m[1mGenerating C++ type support dispatch for ROS interfaces[0m
[ 15%] [32m[1mLinking C shared library libwarehouse_robot__rosidl_generator_c.so[0m
[ 15%] Built target warehouse_robot__rosidl_generator_c
[ 17%] [34m[1mGenerating C++ type support for eProsima Fast-RTPS[0m
[35m[1mConsolidate compiler generated dependencies of target warehouse_robot__rosidl_typesupport_cpp[0m
[ 20%] [32mBuilding CXX object CMakeFiles/warehouse_robot__rosidl_typesupport_cpp.dir/rosidl_typesupport_cpp/warehouse_robot/action/deliver_item__type_support.cpp.o[0m
[35m[1mConsolidate compiler generated dependencies of target warehouse_robot__rosidl_typesupport_fastrtps_cpp[0m
[ 23%] [32mBuilding CXX object CMakeFiles/warehouse_robot__rosidl_typesupport_fastrtps_cpp.dir/rosidl_typesupport_fastrtps_cpp/warehouse_robot/action/detail/dds_fastrtps/deliver_item__type_support.cpp.o[0m
[ 25%] [32mBuilding CXX object CMakeFiles/warehouse_robot__rosidl_typesupport_cpp.dir/rosidl_typesupport_cpp/warehouse_robot/srv/check_stock__type_support.cpp.o[0m
[ 28%] [32m[1mLinking CXX shared library libwarehouse_robot__rosidl_typesupport_cpp.so[0m
[ 30%] [32mBuilding CXX object CMakeFiles/warehouse_robot__rosidl_typesupport_fastrtps_cpp.dir/rosidl_typesupport_fastrtps_cpp/warehouse_robot/srv/detail/dds_fastrtps/check_stock__type_support.cpp.o[0m
[ 30%] Built target warehouse_robot__rosidl_typesupport_cpp
[ 33%] [34m[1mGenerating C++ introspection for ROS interfaces[0m
[ 35%] [32m[1mLinking CXX shared library libwarehouse_robot__rosidl_typesupport_fastrtps_cpp.so[0m
[ 35%] Built target warehouse_robot__rosidl_typesupport_fastrtps_cpp
[35m[1mConsolidate compiler generated dependencies of target warehouse_robot__rosidl_typesupport_introspection_cpp[0m
[ 38%] [32mBuilding CXX object CMakeFiles/warehouse_robot__rosidl_typesupport_introspection_cpp.dir/rosidl_typesupport_introspection_cpp/warehouse_robot/action/detail/deliver_item__type_support.cpp.o[0m
[ 41%] [32mBuilding CXX object CMakeFiles/warehouse_robot__rosidl_typesupport_introspection_cpp.dir/rosidl_typesupport_introspection_cpp/warehouse_robot/srv/detail/check_stock__type_support.cpp.o[0m
[ 43%] [32m[1mLinking CXX shared library libwarehouse_robot__rosidl_typesupport_introspection_cpp.so[0m
[ 43%] Built target warehouse_robot__rosidl_typesupport_introspection_cpp
running egg_info
writing warehouse_robot.egg-info/PKG-INFO
writing dependency_links to warehouse_robot.egg-info/dependency_links.txt
writing top-level names to warehouse_robot.egg-info/top_level.txt
reading manifest file 'warehouse_robot.egg-info/SOURCES.txt'
writing manifest file 'warehouse_robot.egg-info/SOURCES.txt'
[ 43%] Built target ament_cmake_python_build_warehouse_robot_egg
[ 46%] [34m[1mGenerating C type support for eProsima Fast-RTPS[0m
[35m[1mConsolidate compiler generated dependencies of target warehouse_robot__rosidl_typesupport_fastrtps_c[0m
[ 48%] [32mBuilding CXX object CMakeFiles/warehouse_robot__rosidl_typesupport_fastrtps_c.dir/rosidl_typesupport_fastrtps_c/warehouse_robot/action/detail/deliver_item__type_support_c.cpp.o[0m
[ 51%] [32mBuilding CXX object CMakeFiles/warehouse_robot__rosidl_typesupport_fastrtps_c.dir/rosidl_typesupport_fastrtps_c/warehouse_robot/srv/detail/check_stock__type_support_c.cpp.o[0m
[ 53%] [32m[1mLinking CXX shared library libwarehouse_robot__rosidl_typesupport_fastrtps_c.so[0m
[ 53%] Built target warehouse_robot__rosidl_typesupport_fastrtps_c
[ 56%] [34m[1mGenerating C introspection for ROS interfaces[0m
[35m[1mConsolidate compiler generated dependencies of target warehouse_robot__rosidl_typesupport_introspection_c[0m
[ 58%] [32mBuilding C object CMakeFiles/warehouse_robot__rosidl_typesupport_introspection_c.dir/rosidl_typesupport_introspection_c/warehouse_robot/action/detail/deliver_item__type_support.c.o[0m
[ 61%] [32mBuilding C object CMakeFiles/warehouse_robot__rosidl_typesupport_introspection_c.dir/rosidl_typesupport_introspection_c/warehouse_robot/srv/detail/check_stock__type_support.c.o[0m
[ 64%] [32m[1mLinking C shared library libwarehouse_robot__rosidl_typesupport_introspection_c.so[0m
[ 64%] Built target warehouse_robot__rosidl_typesupport_introspection_c
[ 66%] [34m[1mGenerating C type support dispatch for ROS interfaces[0m
[35m[1mConsolidate compiler generated dependencies of target warehouse_robot__rosidl_typesupport_c[0m
[ 15%] [32mBuilding CXX object CMakeFiles/warehouse_robot__rosidl_typesupport_c.dir/rosidl_typesupport_c/warehouse_robot/action/deliver_item__type_support.cpp.o[0m
[ 38%] [32mBuilding CXX object CMakeFiles/warehouse_robot__rosidl_typesupport_c.dir/rosidl_typesupport_c/warehouse_robot/srv/check_stock__type_support.cpp.o[0m
[ 51%] [32m[1mLinking CXX shared library libwarehouse_robot__rosidl_typesupport_c.so[0m
[ 53%] Built target warehouse_robot__rosidl_typesupport_c
[ 53%] Built target warehouse_robot
[ 66%] [34m[1mGenerating Python code for ROS interfaces[0m
[ 76%] Built target warehouse_robot__py
[35m[1mConsolidate compiler generated dependencies of target warehouse_robot__rosidl_generator_py[0m
[ 79%] [32mBuilding C object CMakeFiles/warehouse_robot__rosidl_generator_py.dir/rosidl_generator_py/warehouse_robot/action/_deliver_item_s.c.o[0m
[ 82%] [32mBuilding C object CMakeFiles/warehouse_robot__rosidl_generator_py.dir/rosidl_generator_py/warehouse_robot/srv/_check_stock_s.c.o[0m
[ 84%] [32m[1mLinking C shared library rosidl_generator_py/warehouse_robot/libwarehouse_robot__rosidl_generator_py.so[0m
[ 84%] Built target warehouse_robot__rosidl_generator_py
[35m[1mConsolidate compiler generated dependencies of target warehouse_robot__rosidl_typesupport_fastrtps_c__pyext[0m
[ 87%] [32mBuilding C object CMakeFiles/warehouse_robot__rosidl_typesupport_fastrtps_c__pyext.dir/rosidl_generator_py/warehouse_robot/_warehouse_robot_s.ep.rosidl_typesupport_fastrtps_c.c.o[0m
[ 89%] [32m[1mLinking C shared library rosidl_generator_py/warehouse_robot/warehouse_robot_s__rosidl_typesupport_fastrtps_c.cpython-310-x86_64-linux-gnu.so[0m
[ 89%] Built target warehouse_robot__rosidl_typesupport_fastrtps_c__pyext
[35m[1mConsolidate compiler generated dependencies of target warehouse_robot__rosidl_typesupport_introspection_c__pyext[0m
[ 92%] [32mBuilding C object CMakeFiles/warehouse_robot__rosidl_typesupport_introspection_c__pyext.dir/rosidl_generator_py/warehouse_robot/_warehouse_robot_s.ep.rosidl_typesupport_introspection_c.c.o[0m
[ 94%] [32m[1mLinking C shared library rosidl_generator_py/warehouse_robot/warehouse_robot_s__rosidl_typesupport_introspection_c.cpython-310-x86_64-linux-gnu.so[0m
[ 94%] Built target warehouse_robot__rosidl_typesupport_introspection_c__pyext
[35m[1mConsolidate compiler generated dependencies of target warehouse_robot__rosidl_typesupport_c__pyext[0m
[ 97%] [32mBuilding C object CMakeFiles/warehouse_robot__rosidl_typesupport_c__pyext.dir/rosidl_generator_py/warehouse_robot/_warehouse_robot_s.ep.rosidl_typesupport_c.c.o[0m
[100%] [32m[1mLinking C shared library rosidl_generator_py/warehouse_robot/warehouse_robot_s__rosidl_typesupport_c.cpython-310-x86_64-linux-gnu.so[0m
[100%] Built target warehouse_robot__rosidl_typesupport_c__pyext
-- Install configuration: ""
-- Installing: /home/anthony/Desktop/Assignment7/install/warehouse_robot/share/ament_index/resource_index/rosidl_interfaces/warehouse_robot
-- Up-to-date: /home/anthony/Desktop/Assignment7/install/warehouse_robot/include/warehouse_robot/warehouse_robot
-- Installing: /home/anthony/Desktop/Assignment7/install/warehouse_robot/include/warehouse_robot/warehouse_robot/srv
-- Installing: /home/anthony/Desktop/Assignment7/install/warehouse_robot/include/warehouse_robot/warehouse_robot/srv/check_stock.h
-- Installing: /home/anthony/Desktop/Assignment7/install/warehouse_robot/include/warehouse_robot/warehouse_robot/srv/detail
-- Installing: /home/anthony/Desktop/Assignment7/install/warehouse_robot/include/warehouse_robot/warehouse_robot/srv/detail/check_stock__type_support.h
-- Installing: /home/anthony/Desktop/Assignment7/install/warehouse_robot/include/warehouse_robot/warehouse_robot/srv/detail/check_stock__functions.c
-- Installing: /home/anthony/Desktop/Assignment7/install/warehouse_robot/include/warehouse_robot/warehouse_robot/srv/detail/check_stock__functions.h
-- Installing: /home/anthony/Desktop/Assignment7/install/warehouse_robot/include/warehouse_robot/warehouse_robot/srv/detail/check_stock__struct.h
-- Up-to-date: /home/anthony/Desktop/Assignment7/install/warehouse_robot/include/warehouse_robot/warehouse_robot/msg
-- Up-to-date: /home/anthony/Desktop/Assignment7/install/warehouse_robot/include/warehouse_robot/warehouse_robot/msg/rosidl_generator_c__visibility_control.h
-- Up-to-date: /home/anthony/Desktop/Assignment7/install/warehouse_robot/include/warehouse_robot/warehouse_robot/action
-- Installing: /home/anthony/Desktop/Assignment7/install/warehouse_robot/include/warehouse_robot/warehouse_robot/action/deliver_item.h
-- Up-to-date: /home/anthony/Desktop/Assignment7/install/warehouse_robot/include/warehouse_robot/warehouse_robot/action/detail
-- Installing: /home/anthony/Desktop/Assignment7/install/warehouse_robot/include/warehouse_robot/warehouse_robot/action/detail/deliver_item__functions.h
-- Installing: /home/anthony/Desktop/Assignment7/install/warehouse_robot/include/warehouse_robot/warehouse_robot/action/detail/deliver_item__functions.c
-- Installing: /home/anthony/Desktop/Assignment7/install/warehouse_robot/include/warehouse_robot/warehouse_robot/action/detail/deliver_item__type_support.h
-- Installing: /home/anthony/Desktop/Assignment7/install/warehouse_robot/include/warehouse_robot/warehouse_robot/action/detail/deliver_item__struct.h
-- Up-to-date: /home/anthony/Desktop/Assignment7/install/warehouse_robot/share/warehouse_robot/environment/library_path.sh
-- Installing: /home/anthony/Desktop/Assignment7/install/warehouse_robot/share/warehouse_robot/environment/library_path.dsv
-- Installing: /home/anthony/Desktop/Assignment7/install/warehouse_robot/lib/libwarehouse_robot__rosidl_generator_c.so
-- Set runtime path of "/home/anthony/Desktop/Assignment7/install/warehouse_robot/lib/libwarehouse_robot__rosidl_generator_c.so" to ""
-- Up-to-date: /home/anthony/Desktop/Assignment7/install/warehouse_robot/include/warehouse_robot/warehouse_robot
-- Up-to-date: /home/anthony/Desktop/Assignment7/install/warehouse_robot/include/warehouse_robot/warehouse_robot/srv
-- Up-to-date: /home/anthony/Desktop/Assignment7/install/warehouse_robot/include/warehouse_robot/warehouse_robot/srv/detail
-- Installing: /home/anthony/Desktop/Assignment7/install/warehouse_robot/include/warehouse_robot/warehouse_robot/srv/detail/check_stock__rosidl_typesupport_fastrtps_c.h
-- Up-to-date: /home/anthony/Desktop/Assignment7/install/warehouse_robot/include/warehouse_robot/warehouse_robot/msg
-- Up-to-date: /home/anthony/Desktop/Assignment7/install/warehouse_robot/include/warehouse_robot/warehouse_robot/msg/rosidl_typesupport_fastrtps_c__visibility_control.h
-- Up-to-date: /home/anthony/Desktop/Assignment7/install/warehouse_robot/include/warehouse_robot/warehouse_robot/action
-- Up-to-date: /home/anthony/Desktop/Assignment7/install/warehouse_robot/include/warehouse_robot/warehouse_robot/action/detail
-- Installing: /home/anthony/Desktop/Assignment7/install/warehouse_robot/include/warehouse_robot/warehouse_robot/action/detail/deliver_item__rosidl_typesupport_fastrtps_c.h
-- Installing: /home/anthony/Desktop/Assignment7/install/warehouse_robot/lib/libwarehouse_robot__rosidl_typesupport_fastrtps_c.so
-- Set runtime path of "/home/anthony/Desktop/Assignment7/install/warehouse_robot/lib/libwarehouse_robot__rosidl_typesupport_fastrtps_c.so" to ""
-- Up-to-date: /home/anthony/Desktop/Assignment7/install/warehouse_robot/include/warehouse_robot/warehouse_robot
-- Up-to-date: /home/anthony/Desktop/Assignment7/install/warehouse_robot/include/warehouse_robot/warehouse_robot/srv
-- Up-to-date: /home/anthony/Desktop/Assignment7/install/warehouse_robot/include/warehouse_robot/warehouse_robot/srv/detail
-- Installing: /home/anthony/Desktop/Assignment7/install/warehouse_robot/include/warehouse_robot/warehouse_robot/srv/detail/check_stock__rosidl_typesupport_introspection_c.h
-- Installing: /home/anthony/Desktop/Assignment7/install/warehouse_robot/include/warehouse_robot/warehouse_robot/srv/detail/check_stock__type_support.c
-- Up-to-date: /home/anthony/Desktop/Assignment7/install/warehouse_robot/include/warehouse_robot/warehouse_robot/msg
-- Up-to-date: /home/anthony/Desktop/Assignment7/install/warehouse_robot/include/warehouse_robot/warehouse_robot/msg/rosidl_typesupport_introspection_c__visibility_control.h
-- Up-to-date: /home/anthony/Desktop/Assignment7/install/warehouse_robot/include/warehouse_robot/warehouse_robot/action
-- Up-to-date: /home/anthony/Desktop/Assignment7/install/warehouse_robot/include/warehouse_robot/warehouse_robot/action/detail
-- Installing: /home/anthony/Desktop/Assignment7/install/warehouse_robot/include/warehouse_robot/warehouse_robot/action/detail/deliver_item__type_support.c
-- Installing: /home/anthony/Desktop/Assignment7/install/warehouse_robot/include/warehouse_robot/warehouse_robot/action/detail/deliver_item__rosidl_typesupport_introspection_c.h
-- Installing: /home/anthony/Desktop/Assignment7/install/warehouse_robot/lib/libwarehouse_robot__rosidl_typesupport_introspection_c.so
-- Set runtime path of "/home/anthony/Desktop/Assignment7/install/warehouse_robot/lib/libwarehouse_robot__rosidl_typesupport_introspection_c.so" to ""
-- Installing: /home/anthony/Desktop/Assignment7/install/warehouse_robot/lib/libwarehouse_robot__rosidl_typesupport_c.so
-- Set runtime path of "/home/anthony/Desktop/Assignment7/install/warehouse_robot/lib/libwarehouse_robot__rosidl_typesupport_c.so" to ""
-- Up-to-date: /home/anthony/Desktop/Assignment7/install/warehouse_robot/include/warehouse_robot/warehouse_robot
-- Up-to-date: /home/anthony/Desktop/Assignment7/install/warehouse_robot/include/warehouse_robot/warehouse_robot/srv
-- Installing: /home/anthony/Desktop/Assignment7/install/warehouse_robot/include/warehouse_robot/warehouse_robot/srv/check_stock.hpp
-- Up-to-date: /home/anthony/Desktop/Assignment7/install/warehouse_robot/include/warehouse_robot/warehouse_robot/srv/detail
-- Installing: /home/anthony/Desktop/Assignment7/install/warehouse_robot/include/warehouse_robot/warehouse_robot/srv/detail/check_stock__builder.hpp
-- Installing: /home/anthony/Desktop/Assignment7/install/warehouse_robot/include/warehouse_robot/warehouse_robot/srv/detail/check_stock__struct.hpp
-- Installing: /home/anthony/Desktop/Assignment7/install/warehouse_robot/include/warehouse_robot/warehouse_robot/srv/detail/check_stock__traits.hpp
-- Up-to-date: /home/anthony/Desktop/Assignment7/install/warehouse_robot/include/warehouse_robot/warehouse_robot/action
-- Installing: /home/anthony/Desktop/Assignment7/install/warehouse_robot/include/warehouse_robot/warehouse_robot/action/deliver_item.hpp
-- Up-to-date: /home/anthony/Desktop/Assignment7/install/warehouse_robot/include/warehouse_robot/warehouse_robot/action/detail
-- Installing: /home/anthony/Desktop/Assignment7/install/warehouse_robot/include/warehouse_robot/warehouse_robot/action/detail/deliver_item__traits.hpp
-- Installing: /home/anthony/Desktop/Assignment7/install/warehouse_robot/include/warehouse_robot/warehouse_robot/action/detail/deliver_item__struct.hpp
-- Installing: /home/anthony/Desktop/Assignment7/install/warehouse_robot/include/warehouse_robot/warehouse_robot/action/detail/deliver_item__builder.hpp
-- Up-to-date: /home/anthony/Desktop/Assignment7/install/warehouse_robot/include/warehouse_robot/warehouse_robot
-- Up-to-date: /home/anthony/Desktop/Assignment7/install/warehouse_robot/include/warehouse_robot/warehouse_robot/srv
-- Up-to-date: /home/anthony/Desktop/Assignment7/install/warehouse_robot/include/warehouse_robot/warehouse_robot/srv/detail
-- Installing: /home/anthony/Desktop/Assignment7/install/warehouse_robot/include/warehouse_robot/warehouse_robot/srv/detail/check_stock__rosidl_typesupport_fastrtps_cpp.hpp
-- Installing: /home/anthony/Desktop/Assignment7/install/warehouse_robot/include/warehouse_robot/warehouse_robot/srv/detail/dds_fastrtps
-- Up-to-date: /home/anthony/Desktop/Assignment7/install/warehouse_robot/include/warehouse_robot/warehouse_robot/msg
-- Up-to-date: /home/anthony/Desktop/Assignment7/install/warehouse_robot/include/warehouse_robot/warehouse_robot/msg/rosidl_typesupport_fastrtps_cpp__visibility_control.h
-- Up-to-date: /home/anthony/Desktop/Assignment7/install/warehouse_robot/include/warehouse_robot/warehouse_robot/action
-- Up-to-date: /home/anthony/Desktop/Assignment7/install/warehouse_robot/include/warehouse_robot/warehouse_robot/action/detail
-- Installing: /home/anthony/Desktop/Assignment7/install/warehouse_robot/include/warehouse_robot/warehouse_robot/action/detail/deliver_item__rosidl_typesupport_fastrtps_cpp.hpp
-- Up-to-date: /home/anthony/Desktop/Assignment7/install/warehouse_robot/include/warehouse_robot/warehouse_robot/action/detail/dds_fastrtps
-- Installing: /home/anthony/Desktop/Assignment7/install/warehouse_robot/lib/libwarehouse_robot__rosidl_typesupport_fastrtps_cpp.so
-- Set runtime path of "/home/anthony/Desktop/Assignment7/install/warehouse_robot/lib/libwarehouse_robot__rosidl_typesupport_fastrtps_cpp.so" to ""
-- Up-to-date: /home/anthony/Desktop/Assignment7/install/warehouse_robot/include/warehouse_robot/warehouse_robot
-- Up-to-date: /home/anthony/Desktop/Assignment7/install/warehouse_robot/include/warehouse_robot/warehouse_robot/srv
-- Up-to-date: /home/anthony/Desktop/Assignment7/install/warehouse_robot/include/warehouse_robot/warehouse_robot/srv/detail
-- Installing: /home/anthony/Desktop/Assignment7/install/warehouse_robot/include/warehouse_robot/warehouse_robot/srv/detail/check_stock__type_support.cpp
-- Installing: /home/anthony/Desktop/Assignment7/install/warehouse_robot/include/warehouse_robot/warehouse_robot/srv/detail/check_stock__rosidl_typesupport_introspection_cpp.hpp
-- Up-to-date: /home/anthony/Desktop/Assignment7/install/warehouse_robot/include/warehouse_robot/warehouse_robot/action
-- Up-to-date: /home/anthony/Desktop/Assignment7/install/warehouse_robot/include/warehouse_robot/warehouse_robot/action/detail
-- Installing: /home/anthony/Desktop/Assignment7/install/warehouse_robot/include/warehouse_robot/warehouse_robot/action/detail/deliver_item__type_support.cpp
-- Installing: /home/anthony/Desktop/Assignment7/install/warehouse_robot/include/warehouse_robot/warehouse_robot/action/detail/deliver_item__rosidl_typesupport_introspection_cpp.hpp
-- Installing: /home/anthony/Desktop/Assignment7/install/warehouse_robot/lib/libwarehouse_robot__rosidl_typesupport_introspection_cpp.so
-- Set runtime path of "/home/anthony/Desktop/Assignment7/install/warehouse_robot/lib/libwarehouse_robot__rosidl_typesupport_introspection_cpp.so" to ""
-- Installing: /home/anthony/Desktop/Assignment7/install/warehouse_robot/lib/libwarehouse_robot__rosidl_typesupport_cpp.so
-- Set runtime path of "/home/anthony/Desktop/Assignment7/install/warehouse_robot/lib/libwarehouse_robot__rosidl_typesupport_cpp.so" to ""
-- Up-to-date: /home/anthony/Desktop/Assignment7/install/warehouse_robot/share/warehouse_robot/environment/pythonpath.sh
-- Installing: /home/anthony/Desktop/Assignment7/install/warehouse_robot/share/warehouse_robot/environment/pythonpath.dsv
-- Up-to-date: /home/anthony/Desktop/Assignment7/install/warehouse_robot/local/lib/python3.10/dist-packages/warehouse_robot-0.0.0-py3.10.egg-info
-- Installing: /home/anthony/Desktop/Assignment7/install/warehouse_robot/local/lib/python3.10/dist-packages/warehouse_robot-0.0.0-py3.10.egg-info/PKG-INFO
-- Installing: /home/anthony/Desktop/Assignment7/install/warehouse_robot/local/lib/python3.10/dist-packages/warehouse_robot-0.0.0-py3.10.egg-info/SOURCES.txt
-- Installing: /home/anthony/Desktop/Assignment7/install/warehouse_robot/local/lib/python3.10/dist-packages/warehouse_robot-0.0.0-py3.10.egg-info/dependency_links.txt
-- Installing: /home/anthony/Desktop/Assignment7/install/warehouse_robot/local/lib/python3.10/dist-packages/warehouse_robot-0.0.0-py3.10.egg-info/top_level.txt
-- Up-to-date: /home/anthony/Desktop/Assignment7/install/warehouse_robot/local/lib/python3.10/dist-packages/warehouse_robot
-- Installing: /home/anthony/Desktop/Assignment7/install/warehouse_robot/local/lib/python3.10/dist-packages/warehouse_robot/srv
-- Installing: /home/anthony/Desktop/Assignment7/install/warehouse_robot/local/lib/python3.10/dist-packages/warehouse_robot/srv/_check_stock.py
-- Installing: /home/anthony/Desktop/Assignment7/install/warehouse_robot/local/lib/python3.10/dist-packages/warehouse_robot/srv/__init__.py
-- Installing: /home/anthony/Desktop/Assignment7/install/warehouse_robot/local/lib/python3.10/dist-packages/warehouse_robot/srv/_check_stock_s.c
-- Installing: /home/anthony/Desktop/Assignment7/install/warehouse_robot/local/lib/python3.10/dist-packages/warehouse_robot/libwarehouse_robot__rosidl_generator_py.so
-- Installing: /home/anthony/Desktop/Assignment7/install/warehouse_robot/local/lib/python3.10/dist-packages/warehouse_robot/_warehouse_robot_s.ep.rosidl_typesupport_introspection_c.c
-- Installing: /home/anthony/Desktop/Assignment7/install/warehouse_robot/local/lib/python3.10/dist-packages/warehouse_robot/_warehouse_robot_s.ep.rosidl_typesupport_fastrtps_c.c
-- Installing: /home/anthony/Desktop/Assignment7/install/warehouse_robot/local/lib/python3.10/dist-packages/warehouse_robot/warehouse_robot_s__rosidl_typesupport_fastrtps_c.cpython-310-x86_64-linux-gnu.so
-- Installing: /home/anthony/Desktop/Assignment7/install/warehouse_robot/local/lib/python3.10/dist-packages/warehouse_robot/_warehouse_robot_s.ep.rosidl_typesupport_c.c
-- Installing: /home/anthony/Desktop/Assignment7/install/warehouse_robot/local/lib/python3.10/dist-packages/warehouse_robot/__init__.py
-- Installing: /home/anthony/Desktop/Assignment7/install/warehouse_robot/local/lib/python3.10/dist-packages/warehouse_robot/warehouse_robot_s__rosidl_typesupport_introspection_c.cpython-310-x86_64-linux-gnu.so
-- Up-to-date: /home/anthony/Desktop/Assignment7/install/warehouse_robot/local/lib/python3.10/dist-packages/warehouse_robot/action
-- Installing: /home/anthony/Desktop/Assignment7/install/warehouse_robot/local/lib/python3.10/dist-packages/warehouse_robot/action/__init__.py
-- Installing: /home/anthony/Desktop/Assignment7/install/warehouse_robot/local/lib/python3.10/dist-packages/warehouse_robot/action/_deliver_item_s.c
-- Installing: /home/anthony/Desktop/Assignment7/install/warehouse_robot/local/lib/python3.10/dist-packages/warehouse_robot/action/_deliver_item.py
-- Installing: /home/anthony/Desktop/Assignment7/install/warehouse_robot/local/lib/python3.10/dist-packages/warehouse_robot/warehouse_robot_s__rosidl_typesupport_c.cpython-310-x86_64-linux-gnu.so
Listing '/home/anthony/Desktop/Assignment7/install/warehouse_robot/local/lib/python3.10/dist-packages/warehouse_robot'...
Compiling '/home/anthony/Desktop/Assignment7/install/warehouse_robot/local/lib/python3.10/dist-packages/warehouse_robot/__init__.py'...
Listing '/home/anthony/Desktop/Assignment7/install/warehouse_robot/local/lib/python3.10/dist-packages/warehouse_robot/action'...
Compiling '/home/anthony/Desktop/Assignment7/install/warehouse_robot/local/lib/python3.10/dist-packages/warehouse_robot/action/__init__.py'...
Compiling '/home/anthony/Desktop/Assignment7/install/warehouse_robot/local/lib/python3.10/dist-packages/warehouse_robot/action/_deliver_item.py'...
Listing '/home/anthony/Desktop/Assignment7/install/warehouse_robot/local/lib/python3.10/dist-packages/warehouse_robot/srv'...
Compiling '/home/anthony/Desktop/Assignment7/install/warehouse_robot/local/lib/python3.10/dist-packages/warehouse_robot/srv/__init__.py'...
Compiling '/home/anthony/Desktop/Assignment7/install/warehouse_robot/local/lib/python3.10/dist-packages/warehouse_robot/srv/_check_stock.py'...
-- Up-to-date: /home/anthony/Desktop/Assignment7/install/warehouse_robot/local/lib/python3.10/dist-packages/warehouse_robot/warehouse_robot_s__rosidl_typesupport_fastrtps_c.cpython-310-x86_64-linux-gnu.so
-- Up-to-date: /home/anthony/Desktop/Assignment7/install/warehouse_robot/local/lib/python3.10/dist-packages/warehouse_robot/warehouse_robot_s__rosidl_typesupport_introspection_c.cpython-310-x86_64-linux-gnu.so
-- Up-to-date: /home/anthony/Desktop/Assignment7/install/warehouse_robot/local/lib/python3.10/dist-packages/warehouse_robot/warehouse_robot_s__rosidl_typesupport_c.cpython-310-x86_64-linux-gnu.so
-- Up-to-date: /home/anthony/Desktop/Assignment7/install/warehouse_robot/lib/libwarehouse_robot__rosidl_generator_py.so
-- Up-to-date: /home/anthony/Desktop/Assignment7/install/warehouse_robot/share/warehouse_robot/action/DeliverItem.idl
-- Up-to-date: /home/anthony/Desktop/Assignment7/install/warehouse_robot/share/warehouse_robot/srv/CheckStock.idl
-- Up-to-date: /home/anthony/Desktop/Assignment7/install/warehouse_robot/share/warehouse_robot/action/DeliverItem.action
-- Up-to-date: /home/anthony/Desktop/Assignment7/install/warehouse_robot/share/warehouse_robot/srv/CheckStock.srv
-- Up-to-date: /home/anthony/Desktop/Assignment7/install/warehouse_robot/share/warehouse_robot/srv/CheckStock_Request.msg
-- Up-to-date: /home/anthony/Desktop/Assignment7/install/warehouse_robot/share/warehouse_robot/srv/CheckStock_Response.msg
-- Up-to-date: /home/anthony/Desktop/Assignment7/install/warehouse_robot/share/ament_index/resource_index/package_run_dependencies/warehouse_robot
-- Up-to-date: /home/anthony/Desktop/Assignment7/install/warehouse_robot/share/ament_index/resource_index/parent_prefix_path/warehouse_robot
-- Up-to-date: /home/anthony/Desktop/Assignment7/install/warehouse_robot/share/warehouse_robot/environment/ament_prefix_path.sh
-- Up-to-date: /home/anthony/Desktop/Assignment7/install/warehouse_robot/share/warehouse_robot/environment/ament_prefix_path.dsv
-- Up-to-date: /home/anthony/Desktop/Assignment7/install/warehouse_robot/share/warehouse_robot/environment/path.sh
-- Up-to-date: /home/anthony/Desktop/Assignment7/install/warehouse_robot/share/warehouse_robot/environment/path.dsv
-- Up-to-date: /home/anthony/Desktop/Assignment7/install/warehouse_robot/share/warehouse_robot/local_setup.bash
-- Up-to-date: /home/anthony/Desktop/Assignment7/install/warehouse_robot/share/warehouse_robot/local_setup.sh
-- Up-to-date: /home/anthony/Desktop/Assignment7/install/warehouse_robot/share/warehouse_robot/local_setup.zsh
-- Up-to-date: /home/anthony/Desktop/Assignment7/install/warehouse_robot/share/warehouse_robot/local_setup.dsv
-- Up-to-date: /home/anthony/Desktop/Assignment7/install/warehouse_robot/share/warehouse_robot/package.dsv
-- Up-to-date: /home/anthony/Desktop/Assignment7/install/warehouse_robot/share/ament_index/resource_index/packages/warehouse_robot
-- Up-to-date: /home/anthony/Desktop/Assignment7/install/warehouse_robot/share/warehouse_robot/cmake/export_warehouse_robot__rosidl_generator_cExport.cmake
-- Up-to-date: /home/anthony/Desktop/Assignment7/install/warehouse_robot/share/warehouse_robot/cmake/export_warehouse_robot__rosidl_generator_cExport-noconfig.cmake
-- Up-to-date: /home/anthony/Desktop/Assignment7/install/warehouse_robot/share/warehouse_robot/cmake/export_warehouse_robot__rosidl_typesupport_fastrtps_cExport.cmake
-- Up-to-date: /home/anthony/Desktop/Assignment7/install/warehouse_robot/share/warehouse_robot/cmake/export_warehouse_robot__rosidl_typesupport_fastrtps_cExport-noconfig.cmake
-- Up-to-date: /home/anthony/Desktop/Assignment7/install/warehouse_robot/share/warehouse_robot/cmake/warehouse_robot__rosidl_typesupport_introspection_cExport.cmake
-- Up-to-date: /home/anthony/Desktop/Assignment7/install/warehouse_robot/share/warehouse_robot/cmake/warehouse_robot__rosidl_typesupport_introspection_cExport-noconfig.cmake
-- Up-to-date: /home/anthony/Desktop/Assignment7/install/warehouse_robot/share/warehouse_robot/cmake/warehouse_robot__rosidl_typesupport_cExport.cmake
-- Up-to-date: /home/anthony/Desktop/Assignment7/install/warehouse_robot/share/warehouse_robot/cmake/warehouse_robot__rosidl_typesupport_cExport-noconfig.cmake
-- Up-to-date: /home/anthony/Desktop/Assignment7/install/warehouse_robot/share/warehouse_robot/cmake/export_warehouse_robot__rosidl_generator_cppExport.cmake
-- Up-to-date: /home/anthony/Desktop/Assignment7/install/warehouse_robot/share/warehouse_robot/cmake/export_warehouse_robot__rosidl_typesupport_fastrtps_cppExport.cmake
-- Up-to-date: /home/anthony/Desktop/Assignment7/install/warehouse_robot/share/warehouse_robot/cmake/export_warehouse_robot__rosidl_typesupport_fastrtps_cppExport-noconfig.cmake
-- Up-to-date: /home/anthony/Desktop/Assignment7/install/warehouse_robot/share/warehouse_robot/cmake/warehouse_robot__rosidl_typesupport_introspection_cppExport.cmake
-- Up-to-date: /home/anthony/Desktop/Assignment7/install/warehouse_robot/share/warehouse_robot/cmake/warehouse_robot__rosidl_typesupport_introspection_cppExport-noconfig.cmake
-- Up-to-date: /home/anthony/Desktop/Assignment7/install/warehouse_robot/share/warehouse_robot/cmake/warehouse_robot__rosidl_typesupport_cppExport.cmake
-- Up-to-date: /home/anthony/Desktop/Assignment7/install/warehouse_robot/share/warehouse_robot/cmake/warehouse_robot__rosidl_typesupport_cppExport-noconfig.cmake
-- Up-to-date: /home/anthony/Desktop/Assignment7/install/warehouse_robot/share/warehouse_robot/cmake/export_warehouse_robot__rosidl_generator_pyExport.cmake
-- Up-to-date: /home/anthony/Desktop/Assignment7/install/warehouse_robot/share/warehouse_robot/cmake/export_warehouse_robot__rosidl_generator_pyExport-noconfig.cmake
-- Up-to-date: /home/anthony/Desktop/Assignment7/install/warehouse_robot/share/warehouse_robot/cmake/rosidl_cmake-extras.cmake
-- Up-to-date: /home/anthony/Desktop/Assignment7/install/warehouse_robot/share/warehouse_robot/cmake/ament_cmake_export_dependencies-extras.cmake
-- Up-to-date: /home/anthony/Desktop/Assignment7/install/warehouse_robot/share/warehouse_robot/cmake/ament_cmake_export_include_directories-extras.cmake
-- Up-to-date: /home/anthony/Desktop/Assignment7/install/warehouse_robot/share/warehouse_robot/cmake/ament_cmake_export_libraries-extras.cmake
-- Up-to-date: /home/anthony/Desktop/Assignment7/install/warehouse_robot/share/warehouse_robot/cmake/ament_cmake_export_targets-extras.cmake
-- Up-to-date: /home/anthony/Desktop/Assignment7/install/warehouse_robot/share/warehouse_robot/cmake/rosidl_cmake_export_typesupport_targets-extras.cmake
-- Up-to-date: /home/anthony/Desktop/Assignment7/install/warehouse_robot/share/warehouse_robot/cmake/rosidl_cmake_export_typesupport_libraries-extras.cmake
-- Up-to-date: /home/anthony/Desktop/Assignment7/install/warehouse_robot/share/warehouse_robot/cmake/warehouse_robotConfig.cmake
-- Up-to-date: /home/anthony/Desktop/Assignment7/install/warehouse_robot/share/warehouse_robot/cmake/warehouse_robotConfig-version.cmake
-- Up-to-date: /home/anthony/Desktop/Assignment7/install/warehouse_robot/share/warehouse_robot/package.xml
