[0.035s] Invoking command in '/home/anthony/Desktop/Assignment7/build/warehouse_robot': CMAKE_PREFIX_PATH=/opt/ros/humble /usr/bin/cmake --build /home/anthony/Desktop/Assignment7/build/warehouse_robot -- -j2 -l2
[0.139s] [  2%] Built target warehouse_robot__cpp
[0.184s] [ 12%] Built target warehouse_robot__rosidl_generator_c
[0.239s] [ 12%] Built target ament_cmake_python_symlink_warehouse_robot
[0.318s] [ 23%] Built target warehouse_robot__rosidl_typesupport_cpp
[0.364s] [ 33%] Built target warehouse_robot__rosidl_typesupport_fastrtps_c
[0.428s] [ 43%] Built target warehouse_robot__rosidl_typesupport_introspection_c
[0.486s] [ 53%] Built target warehouse_robot__rosidl_typesupport_c
[0.522s] [ 64%] Built target warehouse_robot__rosidl_typesupport_fastrtps_cpp
[0.558s] [ 74%] Built target warehouse_robot__rosidl_typesupport_introspection_cpp
[0.958s] running egg_info
[0.959s] writing warehouse_robot.egg-info/PKG-INFO
[0.959s] writing dependency_links to warehouse_robot.egg-info/dependency_links.txt
[0.960s] writing top-level names to warehouse_robot.egg-info/top_level.txt
[0.966s] reading manifest file 'warehouse_robot.egg-info/SOURCES.txt'
[0.967s] writing manifest file 'warehouse_robot.egg-info/SOURCES.txt'
[1.001s] [ 74%] Built target ament_cmake_python_build_warehouse_robot_egg
[1.024s] [ 74%] Built target warehouse_robot
[1.058s] [ 76%] Built target warehouse_robot__py
[1.110s] [ 84%] Built target warehouse_robot__rosidl_generator_py
[1.195s] [ 89%] Built target warehouse_robot__rosidl_typesupport_fastrtps_c__pyext
[1.251s] [ 94%] Built target warehouse_robot__rosidl_typesupport_introspection_c__pyext
[1.294s] [100%] Built target warehouse_robot__rosidl_typesupport_c__pyext
[1.314s] Invoked command in '/home/anthony/Desktop/Assignment7/build/warehouse_robot' returned '0': CMAKE_PREFIX_PATH=/opt/ros/humble /usr/bin/cmake --build /home/anthony/Desktop/Assignment7/build/warehouse_robot -- -j2 -l2
[1.453s] Invoking command in '/home/anthony/Desktop/Assignment7/build/warehouse_robot': CMAKE_PREFIX_PATH=/opt/ros/humble /usr/bin/cmake --install /home/anthony/Desktop/Assignment7/build/warehouse_robot
[1.489s] -- Install configuration: ""
[1.491s] -- Execute custom install script
[1.492s] -- Up-to-date symlink: /home/anthony/Desktop/Assignment7/install/warehouse_robot/share/ament_index/resource_index/rosidl_interfaces/warehouse_robot
[1.494s] -- Up-to-date symlink: /home/anthony/Desktop/Assignment7/install/warehouse_robot/include/warehouse_robot/warehouse_robot/action/deliver_item.h
[1.495s] -- Up-to-date symlink: /home/anthony/Desktop/Assignment7/install/warehouse_robot/include/warehouse_robot/warehouse_robot/action/detail/deliver_item__functions.h
[1.495s] -- Up-to-date symlink: /home/anthony/Desktop/Assignment7/install/warehouse_robot/include/warehouse_robot/warehouse_robot/action/detail/deliver_item__struct.h
[1.496s] -- Up-to-date symlink: /home/anthony/Desktop/Assignment7/install/warehouse_robot/include/warehouse_robot/warehouse_robot/action/detail/deliver_item__type_support.h
[1.497s] -- Up-to-date symlink: /home/anthony/Desktop/Assignment7/install/warehouse_robot/include/warehouse_robot/warehouse_robot/msg/rosidl_generator_c__visibility_control.h
[1.498s] -- Up-to-date symlink: /home/anthony/Desktop/Assignment7/install/warehouse_robot/include/warehouse_robot/warehouse_robot/srv/check_stock.h
[1.499s] -- Up-to-date symlink: /home/anthony/Desktop/Assignment7/install/warehouse_robot/include/warehouse_robot/warehouse_robot/srv/detail/check_stock__functions.h
[1.499s] -- Up-to-date symlink: /home/anthony/Desktop/Assignment7/install/warehouse_robot/include/warehouse_robot/warehouse_robot/srv/detail/check_stock__struct.h
[1.500s] -- Up-to-date symlink: /home/anthony/Desktop/Assignment7/install/warehouse_robot/include/warehouse_robot/warehouse_robot/srv/detail/check_stock__type_support.h
[1.501s] -- Up-to-date symlink: /home/anthony/Desktop/Assignment7/install/warehouse_robot/share/warehouse_robot/environment/library_path.sh
[1.502s] -- Up-to-date symlink: /home/anthony/Desktop/Assignment7/install/warehouse_robot/share/warehouse_robot/environment/library_path.dsv
[1.503s] -- Up-to-date symlink: /home/anthony/Desktop/Assignment7/install/warehouse_robot/include/warehouse_robot/warehouse_robot/action/detail/deliver_item__rosidl_typesupport_fastrtps_c.h
[1.504s] -- Up-to-date symlink: /home/anthony/Desktop/Assignment7/install/warehouse_robot/include/warehouse_robot/warehouse_robot/msg/rosidl_typesupport_fastrtps_c__visibility_control.h
[1.504s] -- Up-to-date symlink: /home/anthony/Desktop/Assignment7/install/warehouse_robot/include/warehouse_robot/warehouse_robot/srv/detail/check_stock__rosidl_typesupport_fastrtps_c.h
[1.505s] -- Up-to-date symlink: /home/anthony/Desktop/Assignment7/install/warehouse_robot/include/warehouse_robot/warehouse_robot/action/detail/deliver_item__rosidl_typesupport_introspection_c.h
[1.506s] -- Up-to-date symlink: /home/anthony/Desktop/Assignment7/install/warehouse_robot/include/warehouse_robot/warehouse_robot/msg/rosidl_typesupport_introspection_c__visibility_control.h
[1.506s] -- Up-to-date symlink: /home/anthony/Desktop/Assignment7/install/warehouse_robot/include/warehouse_robot/warehouse_robot/srv/detail/check_stock__rosidl_typesupport_introspection_c.h
[1.507s] -- Up-to-date symlink: /home/anthony/Desktop/Assignment7/install/warehouse_robot/include/warehouse_robot/warehouse_robot/action/deliver_item.hpp
[1.507s] -- Up-to-date symlink: /home/anthony/Desktop/Assignment7/install/warehouse_robot/include/warehouse_robot/warehouse_robot/action/detail/deliver_item__builder.hpp
[1.508s] -- Up-to-date symlink: /home/anthony/Desktop/Assignment7/install/warehouse_robot/include/warehouse_robot/warehouse_robot/action/detail/deliver_item__struct.hpp
[1.508s] -- Up-to-date symlink: /home/anthony/Desktop/Assignment7/install/warehouse_robot/include/warehouse_robot/warehouse_robot/action/detail/deliver_item__traits.hpp
[1.508s] -- Up-to-date symlink: /home/anthony/Desktop/Assignment7/install/warehouse_robot/include/warehouse_robot/warehouse_robot/srv/check_stock.hpp
[1.509s] -- Up-to-date symlink: /home/anthony/Desktop/Assignment7/install/warehouse_robot/include/warehouse_robot/warehouse_robot/srv/detail/check_stock__builder.hpp
[1.509s] -- Up-to-date symlink: /home/anthony/Desktop/Assignment7/install/warehouse_robot/include/warehouse_robot/warehouse_robot/srv/detail/check_stock__struct.hpp
[1.510s] -- Up-to-date symlink: /home/anthony/Desktop/Assignment7/install/warehouse_robot/include/warehouse_robot/warehouse_robot/srv/detail/check_stock__traits.hpp
[1.510s] -- Up-to-date symlink: /home/anthony/Desktop/Assignment7/install/warehouse_robot/include/warehouse_robot/warehouse_robot/action/detail/deliver_item__rosidl_typesupport_fastrtps_cpp.hpp
[1.511s] -- Up-to-date symlink: /home/anthony/Desktop/Assignment7/install/warehouse_robot/include/warehouse_robot/warehouse_robot/msg/rosidl_typesupport_fastrtps_cpp__visibility_control.h
[1.511s] -- Up-to-date symlink: /home/anthony/Desktop/Assignment7/install/warehouse_robot/include/warehouse_robot/warehouse_robot/srv/detail/check_stock__rosidl_typesupport_fastrtps_cpp.hpp
[1.512s] -- Up-to-date symlink: /home/anthony/Desktop/Assignment7/install/warehouse_robot/include/warehouse_robot/warehouse_robot/action/detail/deliver_item__rosidl_typesupport_introspection_cpp.hpp
[1.513s] -- Up-to-date symlink: /home/anthony/Desktop/Assignment7/install/warehouse_robot/include/warehouse_robot/warehouse_robot/srv/detail/check_stock__rosidl_typesupport_introspection_cpp.hpp
[1.513s] -- Up-to-date symlink: /home/anthony/Desktop/Assignment7/install/warehouse_robot/share/warehouse_robot/environment/pythonpath.sh
[1.514s] -- Up-to-date symlink: /home/anthony/Desktop/Assignment7/install/warehouse_robot/share/warehouse_robot/environment/pythonpath.dsv
[1.514s] -- Up-to-date symlink: /home/anthony/Desktop/Assignment7/install/warehouse_robot/local/lib/python3.10/dist-packages/warehouse_robot-0.0.0-py3.10.egg-info/PKG-INFO
[1.515s] -- Up-to-date symlink: /home/anthony/Desktop/Assignment7/install/warehouse_robot/local/lib/python3.10/dist-packages/warehouse_robot-0.0.0-py3.10.egg-info/SOURCES.txt
[1.515s] -- Up-to-date symlink: /home/anthony/Desktop/Assignment7/install/warehouse_robot/local/lib/python3.10/dist-packages/warehouse_robot-0.0.0-py3.10.egg-info/dependency_links.txt
[1.515s] -- Up-to-date symlink: /home/anthony/Desktop/Assignment7/install/warehouse_robot/local/lib/python3.10/dist-packages/warehouse_robot-0.0.0-py3.10.egg-info/top_level.txt
[1.516s] -- Up-to-date symlink: /home/anthony/Desktop/Assignment7/install/warehouse_robot/local/lib/python3.10/dist-packages/warehouse_robot/__init__.py
[1.517s] -- Up-to-date symlink: /home/anthony/Desktop/Assignment7/install/warehouse_robot/local/lib/python3.10/dist-packages/warehouse_robot/_warehouse_robot_s.ep.rosidl_typesupport_c.c
[1.517s] -- Up-to-date symlink: /home/anthony/Desktop/Assignment7/install/warehouse_robot/local/lib/python3.10/dist-packages/warehouse_robot/_warehouse_robot_s.ep.rosidl_typesupport_fastrtps_c.c
[1.518s] -- Up-to-date symlink: /home/anthony/Desktop/Assignment7/install/warehouse_robot/local/lib/python3.10/dist-packages/warehouse_robot/_warehouse_robot_s.ep.rosidl_typesupport_introspection_c.c
[1.518s] -- Up-to-date symlink: /home/anthony/Desktop/Assignment7/install/warehouse_robot/local/lib/python3.10/dist-packages/warehouse_robot/action/__init__.py
[1.519s] -- Up-to-date symlink: /home/anthony/Desktop/Assignment7/install/warehouse_robot/local/lib/python3.10/dist-packages/warehouse_robot/action/_deliver_item.py
[1.519s] -- Up-to-date symlink: /home/anthony/Desktop/Assignment7/install/warehouse_robot/local/lib/python3.10/dist-packages/warehouse_robot/action/_deliver_item_s.c
[1.519s] -- Up-to-date symlink: /home/anthony/Desktop/Assignment7/install/warehouse_robot/local/lib/python3.10/dist-packages/warehouse_robot/libwarehouse_robot__rosidl_generator_py.so
[1.520s] -- Up-to-date symlink: /home/anthony/Desktop/Assignment7/install/warehouse_robot/local/lib/python3.10/dist-packages/warehouse_robot/srv/__init__.py
[1.520s] -- Up-to-date symlink: /home/anthony/Desktop/Assignment7/install/warehouse_robot/local/lib/python3.10/dist-packages/warehouse_robot/srv/_check_stock.py
[1.521s] -- Up-to-date symlink: /home/anthony/Desktop/Assignment7/install/warehouse_robot/local/lib/python3.10/dist-packages/warehouse_robot/srv/_check_stock_s.c
[1.521s] -- Up-to-date symlink: /home/anthony/Desktop/Assignment7/install/warehouse_robot/local/lib/python3.10/dist-packages/warehouse_robot/warehouse_robot_s__rosidl_typesupport_c.cpython-310-x86_64-linux-gnu.so
[1.521s] -- Up-to-date symlink: /home/anthony/Desktop/Assignment7/install/warehouse_robot/local/lib/python3.10/dist-packages/warehouse_robot/warehouse_robot_s__rosidl_typesupport_fastrtps_c.cpython-310-x86_64-linux-gnu.so
[1.522s] -- Up-to-date symlink: /home/anthony/Desktop/Assignment7/install/warehouse_robot/local/lib/python3.10/dist-packages/warehouse_robot/warehouse_robot_s__rosidl_typesupport_introspection_c.cpython-310-x86_64-linux-gnu.so
[1.522s] -- Up-to-date symlink: /home/anthony/Desktop/Assignment7/install/warehouse_robot/local/lib/python3.10/dist-packages/warehouse_robot/warehouse_robot_s__rosidl_typesupport_fastrtps_c.cpython-310-x86_64-linux-gnu.so
[1.523s] -- Up-to-date symlink: /home/anthony/Desktop/Assignment7/install/warehouse_robot/local/lib/python3.10/dist-packages/warehouse_robot/warehouse_robot_s__rosidl_typesupport_introspection_c.cpython-310-x86_64-linux-gnu.so
[1.524s] -- Up-to-date symlink: /home/anthony/Desktop/Assignment7/install/warehouse_robot/local/lib/python3.10/dist-packages/warehouse_robot/warehouse_robot_s__rosidl_typesupport_c.cpython-310-x86_64-linux-gnu.so
[1.524s] -- Up-to-date symlink: /home/anthony/Desktop/Assignment7/install/warehouse_robot/share/warehouse_robot/action/DeliverItem.idl
[1.525s] -- Up-to-date symlink: /home/anthony/Desktop/Assignment7/install/warehouse_robot/share/warehouse_robot/srv/CheckStock.idl
[1.525s] -- Up-to-date symlink: /home/anthony/Desktop/Assignment7/install/warehouse_robot/share/warehouse_robot/action/DeliverItem.action
[1.526s] -- Up-to-date symlink: /home/anthony/Desktop/Assignment7/install/warehouse_robot/share/warehouse_robot/srv/CheckStock.srv
[1.526s] -- Up-to-date symlink: /home/anthony/Desktop/Assignment7/install/warehouse_robot/share/warehouse_robot/srv/CheckStock_Request.msg
[1.527s] -- Up-to-date symlink: /home/anthony/Desktop/Assignment7/install/warehouse_robot/share/warehouse_robot/srv/CheckStock_Response.msg
[1.527s] -- Up-to-date symlink: /home/anthony/Desktop/Assignment7/install/warehouse_robot/share/ament_index/resource_index/package_run_dependencies/warehouse_robot
[1.528s] -- Up-to-date symlink: /home/anthony/Desktop/Assignment7/install/warehouse_robot/share/ament_index/resource_index/parent_prefix_path/warehouse_robot
[1.528s] -- Up-to-date symlink: /home/anthony/Desktop/Assignment7/install/warehouse_robot/share/warehouse_robot/environment/ament_prefix_path.sh
[1.529s] -- Up-to-date symlink: /home/anthony/Desktop/Assignment7/install/warehouse_robot/share/warehouse_robot/environment/ament_prefix_path.dsv
[1.529s] -- Up-to-date symlink: /home/anthony/Desktop/Assignment7/install/warehouse_robot/share/warehouse_robot/environment/path.sh
[1.529s] -- Up-to-date symlink: /home/anthony/Desktop/Assignment7/install/warehouse_robot/share/warehouse_robot/environment/path.dsv
[1.530s] -- Up-to-date symlink: /home/anthony/Desktop/Assignment7/install/warehouse_robot/share/warehouse_robot/local_setup.bash
[1.530s] -- Up-to-date symlink: /home/anthony/Desktop/Assignment7/install/warehouse_robot/share/warehouse_robot/local_setup.sh
[1.531s] -- Up-to-date symlink: /home/anthony/Desktop/Assignment7/install/warehouse_robot/share/warehouse_robot/local_setup.zsh
[1.531s] -- Up-to-date symlink: /home/anthony/Desktop/Assignment7/install/warehouse_robot/share/warehouse_robot/local_setup.dsv
[1.531s] -- Symlinking: /home/anthony/Desktop/Assignment7/install/warehouse_robot/share/warehouse_robot/package.dsv
[1.542s] -- Up-to-date symlink: /home/anthony/Desktop/Assignment7/install/warehouse_robot/share/ament_index/resource_index/packages/warehouse_robot
[1.543s] -- Up-to-date symlink: /home/anthony/Desktop/Assignment7/install/warehouse_robot/share/warehouse_robot/cmake/rosidl_cmake-extras.cmake
[1.543s] -- Up-to-date symlink: /home/anthony/Desktop/Assignment7/install/warehouse_robot/share/warehouse_robot/cmake/ament_cmake_export_dependencies-extras.cmake
[1.544s] -- Up-to-date symlink: /home/anthony/Desktop/Assignment7/install/warehouse_robot/share/warehouse_robot/cmake/ament_cmake_export_include_directories-extras.cmake
[1.544s] -- Up-to-date symlink: /home/anthony/Desktop/Assignment7/install/warehouse_robot/share/warehouse_robot/cmake/ament_cmake_export_libraries-extras.cmake
[1.544s] -- Up-to-date symlink: /home/anthony/Desktop/Assignment7/install/warehouse_robot/share/warehouse_robot/cmake/ament_cmake_export_targets-extras.cmake
[1.545s] -- Up-to-date symlink: /home/anthony/Desktop/Assignment7/install/warehouse_robot/share/warehouse_robot/cmake/rosidl_cmake_export_typesupport_targets-extras.cmake
[1.546s] -- Up-to-date symlink: /home/anthony/Desktop/Assignment7/install/warehouse_robot/share/warehouse_robot/cmake/rosidl_cmake_export_typesupport_libraries-extras.cmake
[1.546s] -- Up-to-date symlink: /home/anthony/Desktop/Assignment7/install/warehouse_robot/share/warehouse_robot/cmake/warehouse_robotConfig.cmake
[1.546s] -- Up-to-date symlink: /home/anthony/Desktop/Assignment7/install/warehouse_robot/share/warehouse_robot/cmake/warehouse_robotConfig-version.cmake
[1.546s] -- Up-to-date symlink: /home/anthony/Desktop/Assignment7/install/warehouse_robot/share/warehouse_robot/package.xml
[1.547s] -- Up-to-date: /home/anthony/Desktop/Assignment7/install/warehouse_robot/lib/libwarehouse_robot__rosidl_generator_c.so
[1.547s] -- Up-to-date: /home/anthony/Desktop/Assignment7/install/warehouse_robot/lib/libwarehouse_robot__rosidl_typesupport_fastrtps_c.so
[1.548s] -- Up-to-date: /home/anthony/Desktop/Assignment7/install/warehouse_robot/lib/libwarehouse_robot__rosidl_typesupport_introspection_c.so
[1.548s] -- Up-to-date: /home/anthony/Desktop/Assignment7/install/warehouse_robot/lib/libwarehouse_robot__rosidl_typesupport_c.so
[1.549s] -- Up-to-date: /home/anthony/Desktop/Assignment7/install/warehouse_robot/lib/libwarehouse_robot__rosidl_typesupport_fastrtps_cpp.so
[1.549s] -- Up-to-date: /home/anthony/Desktop/Assignment7/install/warehouse_robot/lib/libwarehouse_robot__rosidl_typesupport_introspection_cpp.so
[1.550s] -- Up-to-date: /home/anthony/Desktop/Assignment7/install/warehouse_robot/lib/libwarehouse_robot__rosidl_typesupport_cpp.so
[1.607s] Listing '/home/anthony/Desktop/Assignment7/install/warehouse_robot/local/lib/python3.10/dist-packages/warehouse_robot'...
[1.607s] Listing '/home/anthony/Desktop/Assignment7/install/warehouse_robot/local/lib/python3.10/dist-packages/warehouse_robot/action'...
[1.607s] Listing '/home/anthony/Desktop/Assignment7/install/warehouse_robot/local/lib/python3.10/dist-packages/warehouse_robot/srv'...
[1.624s] -- Up-to-date: /home/anthony/Desktop/Assignment7/install/warehouse_robot/lib/libwarehouse_robot__rosidl_generator_py.so
[1.624s] -- Up-to-date: /home/anthony/Desktop/Assignment7/install/warehouse_robot/share/warehouse_robot/cmake/export_warehouse_robot__rosidl_generator_cExport.cmake
[1.624s] -- Up-to-date: /home/anthony/Desktop/Assignment7/install/warehouse_robot/share/warehouse_robot/cmake/export_warehouse_robot__rosidl_generator_cExport-noconfig.cmake
[1.624s] -- Up-to-date: /home/anthony/Desktop/Assignment7/install/warehouse_robot/share/warehouse_robot/cmake/export_warehouse_robot__rosidl_typesupport_fastrtps_cExport.cmake
[1.625s] -- Up-to-date: /home/anthony/Desktop/Assignment7/install/warehouse_robot/share/warehouse_robot/cmake/export_warehouse_robot__rosidl_typesupport_fastrtps_cExport-noconfig.cmake
[1.625s] -- Up-to-date: /home/anthony/Desktop/Assignment7/install/warehouse_robot/share/warehouse_robot/cmake/warehouse_robot__rosidl_typesupport_introspection_cExport.cmake
[1.626s] -- Up-to-date: /home/anthony/Desktop/Assignment7/install/warehouse_robot/share/warehouse_robot/cmake/warehouse_robot__rosidl_typesupport_introspection_cExport-noconfig.cmake
[1.626s] -- Up-to-date: /home/anthony/Desktop/Assignment7/install/warehouse_robot/share/warehouse_robot/cmake/warehouse_robot__rosidl_typesupport_cExport.cmake
[1.626s] -- Up-to-date: /home/anthony/Desktop/Assignment7/install/warehouse_robot/share/warehouse_robot/cmake/warehouse_robot__rosidl_typesupport_cExport-noconfig.cmake
[1.626s] -- Up-to-date: /home/anthony/Desktop/Assignment7/install/warehouse_robot/share/warehouse_robot/cmake/export_warehouse_robot__rosidl_generator_cppExport.cmake
[1.627s] -- Up-to-date: /home/anthony/Desktop/Assignment7/install/warehouse_robot/share/warehouse_robot/cmake/export_warehouse_robot__rosidl_typesupport_fastrtps_cppExport.cmake
[1.627s] -- Up-to-date: /home/anthony/Desktop/Assignment7/install/warehouse_robot/share/warehouse_robot/cmake/export_warehouse_robot__rosidl_typesupport_fastrtps_cppExport-noconfig.cmake
[1.627s] -- Up-to-date: /home/anthony/Desktop/Assignment7/install/warehouse_robot/share/warehouse_robot/cmake/warehouse_robot__rosidl_typesupport_introspection_cppExport.cmake
[1.627s] -- Up-to-date: /home/anthony/Desktop/Assignment7/install/warehouse_robot/share/warehouse_robot/cmake/warehouse_robot__rosidl_typesupport_introspection_cppExport-noconfig.cmake
[1.627s] -- Up-to-date: /home/anthony/Desktop/Assignment7/install/warehouse_robot/share/warehouse_robot/cmake/warehouse_robot__rosidl_typesupport_cppExport.cmake
[1.627s] -- Up-to-date: /home/anthony/Desktop/Assignment7/install/warehouse_robot/share/warehouse_robot/cmake/warehouse_robot__rosidl_typesupport_cppExport-noconfig.cmake
[1.628s] -- Up-to-date: /home/anthony/Desktop/Assignment7/install/warehouse_robot/share/warehouse_robot/cmake/export_warehouse_robot__rosidl_generator_pyExport.cmake
[1.628s] -- Up-to-date: /home/anthony/Desktop/Assignment7/install/warehouse_robot/share/warehouse_robot/cmake/export_warehouse_robot__rosidl_generator_pyExport-noconfig.cmake
[1.631s] Invoked command in '/home/anthony/Desktop/Assignment7/build/warehouse_robot' returned '0': CMAKE_PREFIX_PATH=/opt/ros/humble /usr/bin/cmake --install /home/anthony/Desktop/Assignment7/build/warehouse_robot
