[0.034s] Invoking command in '/home/anthony/Desktop/Assignment7/build/warehouse_robot': CMAKE_PREFIX_PATH=${CMAKE_PREFIX_PATH}:/home/anthony/Desktop/Assignment7/install/warehouse_robot_py:/home/anthony/Desktop/Assignment7/src/install/warehouse_robot_py:/opt/ros/humble /usr/bin/cmake --build /home/anthony/Desktop/Assignment7/build/warehouse_robot -- -j2 -l2
[0.186s] [ 10%] Built target warehouse_robot__rosidl_generator_c
[0.202s] [ 12%] Built target warehouse_robot__cpp
[0.301s] [ 12%] Built target ament_cmake_python_copy_warehouse_robot
[0.324s] [ 23%] Built target warehouse_robot__rosidl_typesupport_cpp
[0.374s] [ 33%] Built target warehouse_robot__rosidl_typesupport_fastrtps_c
[0.390s] [ 43%] Built target warehouse_robot__rosidl_typesupport_introspection_c
[0.410s] [ 53%] Built target warehouse_robot__rosidl_typesupport_c
[0.443s] [ 64%] Built target warehouse_robot__rosidl_typesupport_fastrtps_cpp
[0.462s] [ 74%] Built target warehouse_robot__rosidl_typesupport_introspection_cpp
[0.507s] [ 74%] Built target warehouse_robot
[0.609s] [ 76%] Built target warehouse_robot__py
[0.653s] [ 84%] Built target warehouse_robot__rosidl_generator_py
[0.689s] [ 89%] Built target warehouse_robot__rosidl_typesupport_fastrtps_c__pyext
[0.722s] [ 94%] Built target warehouse_robot__rosidl_typesupport_introspection_c__pyext
[0.776s] [100%] Built target warehouse_robot__rosidl_typesupport_c__pyext
[0.993s] running egg_info
[0.994s] writing warehouse_robot.egg-info/PKG-INFO
[0.995s] writing dependency_links to warehouse_robot.egg-info/dependency_links.txt
[0.995s] writing top-level names to warehouse_robot.egg-info/top_level.txt
[0.998s] reading manifest file 'warehouse_robot.egg-info/SOURCES.txt'
[0.998s] writing manifest file 'warehouse_robot.egg-info/SOURCES.txt'
[1.028s] [100%] Built target ament_cmake_python_build_warehouse_robot_egg
[1.052s] Invoked command in '/home/anthony/Desktop/Assignment7/build/warehouse_robot' returned '0': CMAKE_PREFIX_PATH=${CMAKE_PREFIX_PATH}:/home/anthony/Desktop/Assignment7/install/warehouse_robot_py:/home/anthony/Desktop/Assignment7/src/install/warehouse_robot_py:/opt/ros/humble /usr/bin/cmake --build /home/anthony/Desktop/Assignment7/build/warehouse_robot -- -j2 -l2
[1.259s] Invoking command in '/home/anthony/Desktop/Assignment7/build/warehouse_robot': CMAKE_PREFIX_PATH=${CMAKE_PREFIX_PATH}:/home/anthony/Desktop/Assignment7/install/warehouse_robot_py:/home/anthony/Desktop/Assignment7/src/install/warehouse_robot_py:/opt/ros/humble /usr/bin/cmake --install /home/anthony/Desktop/Assignment7/build/warehouse_robot
[1.289s] -- Install configuration: ""
[1.289s] -- Up-to-date: /home/anthony/Desktop/Assignment7/install/warehouse_robot/share/ament_index/resource_index/rosidl_interfaces/warehouse_robot
[1.290s] -- Up-to-date: /home/anthony/Desktop/Assignment7/install/warehouse_robot/include/warehouse_robot/warehouse_robot
[1.290s] -- Up-to-date: /home/anthony/Desktop/Assignment7/install/warehouse_robot/include/warehouse_robot/warehouse_robot/srv
[1.290s] -- Up-to-date: /home/anthony/Desktop/Assignment7/install/warehouse_robot/include/warehouse_robot/warehouse_robot/srv/check_stock.h
[1.291s] -- Up-to-date: /home/anthony/Desktop/Assignment7/install/warehouse_robot/include/warehouse_robot/warehouse_robot/srv/detail
[1.291s] -- Up-to-date: /home/anthony/Desktop/Assignment7/install/warehouse_robot/include/warehouse_robot/warehouse_robot/srv/detail/check_stock__type_support.h
[1.291s] -- Up-to-date: /home/anthony/Desktop/Assignment7/install/warehouse_robot/include/warehouse_robot/warehouse_robot/srv/detail/check_stock__functions.c
[1.291s] -- Up-to-date: /home/anthony/Desktop/Assignment7/install/warehouse_robot/include/warehouse_robot/warehouse_robot/srv/detail/check_stock__functions.h
[1.292s] -- Up-to-date: /home/anthony/Desktop/Assignment7/install/warehouse_robot/include/warehouse_robot/warehouse_robot/srv/detail/check_stock__struct.h
[1.292s] -- Up-to-date: /home/anthony/Desktop/Assignment7/install/warehouse_robot/include/warehouse_robot/warehouse_robot/msg
[1.292s] -- Up-to-date: /home/anthony/Desktop/Assignment7/install/warehouse_robot/include/warehouse_robot/warehouse_robot/msg/rosidl_generator_c__visibility_control.h
[1.293s] -- Up-to-date: /home/anthony/Desktop/Assignment7/install/warehouse_robot/include/warehouse_robot/warehouse_robot/action
[1.293s] -- Up-to-date: /home/anthony/Desktop/Assignment7/install/warehouse_robot/include/warehouse_robot/warehouse_robot/action/deliver_item.h
[1.293s] -- Up-to-date: /home/anthony/Desktop/Assignment7/install/warehouse_robot/include/warehouse_robot/warehouse_robot/action/detail
[1.294s] -- Up-to-date: /home/anthony/Desktop/Assignment7/install/warehouse_robot/include/warehouse_robot/warehouse_robot/action/detail/deliver_item__functions.h
[1.294s] -- Up-to-date: /home/anthony/Desktop/Assignment7/install/warehouse_robot/include/warehouse_robot/warehouse_robot/action/detail/deliver_item__functions.c
[1.294s] -- Up-to-date: /home/anthony/Desktop/Assignment7/install/warehouse_robot/include/warehouse_robot/warehouse_robot/action/detail/deliver_item__type_support.h
[1.295s] -- Up-to-date: /home/anthony/Desktop/Assignment7/install/warehouse_robot/include/warehouse_robot/warehouse_robot/action/detail/deliver_item__struct.h
[1.295s] -- Up-to-date: /home/anthony/Desktop/Assignment7/install/warehouse_robot/share/warehouse_robot/environment/library_path.sh
[1.295s] -- Up-to-date: /home/anthony/Desktop/Assignment7/install/warehouse_robot/share/warehouse_robot/environment/library_path.dsv
[1.296s] -- Up-to-date: /home/anthony/Desktop/Assignment7/install/warehouse_robot/lib/libwarehouse_robot__rosidl_generator_c.so
[1.296s] -- Up-to-date: /home/anthony/Desktop/Assignment7/install/warehouse_robot/include/warehouse_robot/warehouse_robot
[1.296s] -- Up-to-date: /home/anthony/Desktop/Assignment7/install/warehouse_robot/include/warehouse_robot/warehouse_robot/srv
[1.296s] -- Up-to-date: /home/anthony/Desktop/Assignment7/install/warehouse_robot/include/warehouse_robot/warehouse_robot/srv/detail
[1.296s] -- Up-to-date: /home/anthony/Desktop/Assignment7/install/warehouse_robot/include/warehouse_robot/warehouse_robot/srv/detail/check_stock__rosidl_typesupport_fastrtps_c.h
[1.296s] -- Up-to-date: /home/anthony/Desktop/Assignment7/install/warehouse_robot/include/warehouse_robot/warehouse_robot/msg
[1.297s] -- Up-to-date: /home/anthony/Desktop/Assignment7/install/warehouse_robot/include/warehouse_robot/warehouse_robot/msg/rosidl_typesupport_fastrtps_c__visibility_control.h
[1.297s] -- Up-to-date: /home/anthony/Desktop/Assignment7/install/warehouse_robot/include/warehouse_robot/warehouse_robot/action
[1.297s] -- Up-to-date: /home/anthony/Desktop/Assignment7/install/warehouse_robot/include/warehouse_robot/warehouse_robot/action/detail
[1.297s] -- Up-to-date: /home/anthony/Desktop/Assignment7/install/warehouse_robot/include/warehouse_robot/warehouse_robot/action/detail/deliver_item__rosidl_typesupport_fastrtps_c.h
[1.298s] -- Up-to-date: /home/anthony/Desktop/Assignment7/install/warehouse_robot/lib/libwarehouse_robot__rosidl_typesupport_fastrtps_c.so
[1.298s] -- Up-to-date: /home/anthony/Desktop/Assignment7/install/warehouse_robot/include/warehouse_robot/warehouse_robot
[1.298s] -- Up-to-date: /home/anthony/Desktop/Assignment7/install/warehouse_robot/include/warehouse_robot/warehouse_robot/srv
[1.298s] -- Up-to-date: /home/anthony/Desktop/Assignment7/install/warehouse_robot/include/warehouse_robot/warehouse_robot/srv/detail
[1.299s] -- Up-to-date: /home/anthony/Desktop/Assignment7/install/warehouse_robot/include/warehouse_robot/warehouse_robot/srv/detail/check_stock__rosidl_typesupport_introspection_c.h
[1.299s] -- Up-to-date: /home/anthony/Desktop/Assignment7/install/warehouse_robot/include/warehouse_robot/warehouse_robot/srv/detail/check_stock__type_support.c
[1.299s] -- Up-to-date: /home/anthony/Desktop/Assignment7/install/warehouse_robot/include/warehouse_robot/warehouse_robot/msg
[1.299s] -- Up-to-date: /home/anthony/Desktop/Assignment7/install/warehouse_robot/include/warehouse_robot/warehouse_robot/msg/rosidl_typesupport_introspection_c__visibility_control.h
[1.299s] -- Up-to-date: /home/anthony/Desktop/Assignment7/install/warehouse_robot/include/warehouse_robot/warehouse_robot/action
[1.300s] -- Up-to-date: /home/anthony/Desktop/Assignment7/install/warehouse_robot/include/warehouse_robot/warehouse_robot/action/detail
[1.300s] -- Up-to-date: /home/anthony/Desktop/Assignment7/install/warehouse_robot/include/warehouse_robot/warehouse_robot/action/detail/deliver_item__type_support.c
[1.300s] -- Up-to-date: /home/anthony/Desktop/Assignment7/install/warehouse_robot/include/warehouse_robot/warehouse_robot/action/detail/deliver_item__rosidl_typesupport_introspection_c.h
[1.300s] -- Up-to-date: /home/anthony/Desktop/Assignment7/install/warehouse_robot/lib/libwarehouse_robot__rosidl_typesupport_introspection_c.so
[1.301s] -- Up-to-date: /home/anthony/Desktop/Assignment7/install/warehouse_robot/lib/libwarehouse_robot__rosidl_typesupport_c.so
[1.301s] -- Up-to-date: /home/anthony/Desktop/Assignment7/install/warehouse_robot/include/warehouse_robot/warehouse_robot
[1.301s] -- Up-to-date: /home/anthony/Desktop/Assignment7/install/warehouse_robot/include/warehouse_robot/warehouse_robot/srv
[1.301s] -- Up-to-date: /home/anthony/Desktop/Assignment7/install/warehouse_robot/include/warehouse_robot/warehouse_robot/srv/check_stock.hpp
[1.301s] -- Up-to-date: /home/anthony/Desktop/Assignment7/install/warehouse_robot/include/warehouse_robot/warehouse_robot/srv/detail
[1.302s] -- Up-to-date: /home/anthony/Desktop/Assignment7/install/warehouse_robot/include/warehouse_robot/warehouse_robot/srv/detail/check_stock__builder.hpp
[1.302s] -- Up-to-date: /home/anthony/Desktop/Assignment7/install/warehouse_robot/include/warehouse_robot/warehouse_robot/srv/detail/check_stock__struct.hpp
[1.302s] -- Up-to-date: /home/anthony/Desktop/Assignment7/install/warehouse_robot/include/warehouse_robot/warehouse_robot/srv/detail/check_stock__traits.hpp
[1.302s] -- Up-to-date: /home/anthony/Desktop/Assignment7/install/warehouse_robot/include/warehouse_robot/warehouse_robot/action
[1.303s] -- Up-to-date: /home/anthony/Desktop/Assignment7/install/warehouse_robot/include/warehouse_robot/warehouse_robot/action/deliver_item.hpp
[1.303s] -- Up-to-date: /home/anthony/Desktop/Assignment7/install/warehouse_robot/include/warehouse_robot/warehouse_robot/action/detail
[1.303s] -- Up-to-date: /home/anthony/Desktop/Assignment7/install/warehouse_robot/include/warehouse_robot/warehouse_robot/action/detail/deliver_item__traits.hpp
[1.303s] -- Up-to-date: /home/anthony/Desktop/Assignment7/install/warehouse_robot/include/warehouse_robot/warehouse_robot/action/detail/deliver_item__struct.hpp
[1.303s] -- Up-to-date: /home/anthony/Desktop/Assignment7/install/warehouse_robot/include/warehouse_robot/warehouse_robot/action/detail/deliver_item__builder.hpp
[1.303s] -- Up-to-date: /home/anthony/Desktop/Assignment7/install/warehouse_robot/include/warehouse_robot/warehouse_robot
[1.303s] -- Up-to-date: /home/anthony/Desktop/Assignment7/install/warehouse_robot/include/warehouse_robot/warehouse_robot/srv
[1.303s] -- Up-to-date: /home/anthony/Desktop/Assignment7/install/warehouse_robot/include/warehouse_robot/warehouse_robot/srv/detail
[1.304s] -- Up-to-date: /home/anthony/Desktop/Assignment7/install/warehouse_robot/include/warehouse_robot/warehouse_robot/srv/detail/check_stock__rosidl_typesupport_fastrtps_cpp.hpp
[1.304s] -- Up-to-date: /home/anthony/Desktop/Assignment7/install/warehouse_robot/include/warehouse_robot/warehouse_robot/srv/detail/dds_fastrtps
[1.304s] -- Up-to-date: /home/anthony/Desktop/Assignment7/install/warehouse_robot/include/warehouse_robot/warehouse_robot/msg
[1.304s] -- Up-to-date: /home/anthony/Desktop/Assignment7/install/warehouse_robot/include/warehouse_robot/warehouse_robot/msg/rosidl_typesupport_fastrtps_cpp__visibility_control.h
[1.304s] -- Up-to-date: /home/anthony/Desktop/Assignment7/install/warehouse_robot/include/warehouse_robot/warehouse_robot/action
[1.304s] -- Up-to-date: /home/anthony/Desktop/Assignment7/install/warehouse_robot/include/warehouse_robot/warehouse_robot/action/detail
[1.305s] -- Up-to-date: /home/anthony/Desktop/Assignment7/install/warehouse_robot/include/warehouse_robot/warehouse_robot/action/detail/deliver_item__rosidl_typesupport_fastrtps_cpp.hpp
[1.305s] -- Up-to-date: /home/anthony/Desktop/Assignment7/install/warehouse_robot/include/warehouse_robot/warehouse_robot/action/detail/dds_fastrtps
[1.305s] -- Up-to-date: /home/anthony/Desktop/Assignment7/install/warehouse_robot/lib/libwarehouse_robot__rosidl_typesupport_fastrtps_cpp.so
[1.305s] -- Up-to-date: /home/anthony/Desktop/Assignment7/install/warehouse_robot/include/warehouse_robot/warehouse_robot
[1.305s] -- Up-to-date: /home/anthony/Desktop/Assignment7/install/warehouse_robot/include/warehouse_robot/warehouse_robot/srv
[1.306s] -- Up-to-date: /home/anthony/Desktop/Assignment7/install/warehouse_robot/include/warehouse_robot/warehouse_robot/srv/detail
[1.306s] -- Up-to-date: /home/anthony/Desktop/Assignment7/install/warehouse_robot/include/warehouse_robot/warehouse_robot/srv/detail/check_stock__type_support.cpp
[1.306s] -- Up-to-date: /home/anthony/Desktop/Assignment7/install/warehouse_robot/include/warehouse_robot/warehouse_robot/srv/detail/check_stock__rosidl_typesupport_introspection_cpp.hpp
[1.306s] -- Up-to-date: /home/anthony/Desktop/Assignment7/install/warehouse_robot/include/warehouse_robot/warehouse_robot/action
[1.306s] -- Up-to-date: /home/anthony/Desktop/Assignment7/install/warehouse_robot/include/warehouse_robot/warehouse_robot/action/detail
[1.306s] -- Up-to-date: /home/anthony/Desktop/Assignment7/install/warehouse_robot/include/warehouse_robot/warehouse_robot/action/detail/deliver_item__type_support.cpp
[1.307s] -- Up-to-date: /home/anthony/Desktop/Assignment7/install/warehouse_robot/include/warehouse_robot/warehouse_robot/action/detail/deliver_item__rosidl_typesupport_introspection_cpp.hpp
[1.307s] -- Up-to-date: /home/anthony/Desktop/Assignment7/install/warehouse_robot/lib/libwarehouse_robot__rosidl_typesupport_introspection_cpp.so
[1.307s] -- Up-to-date: /home/anthony/Desktop/Assignment7/install/warehouse_robot/lib/libwarehouse_robot__rosidl_typesupport_cpp.so
[1.307s] -- Up-to-date: /home/anthony/Desktop/Assignment7/install/warehouse_robot/share/warehouse_robot/environment/pythonpath.sh
[1.307s] -- Up-to-date: /home/anthony/Desktop/Assignment7/install/warehouse_robot/share/warehouse_robot/environment/pythonpath.dsv
[1.307s] -- Up-to-date: /home/anthony/Desktop/Assignment7/install/warehouse_robot/local/lib/python3.10/dist-packages/warehouse_robot-0.0.0-py3.10.egg-info
[1.308s] -- Installing: /home/anthony/Desktop/Assignment7/install/warehouse_robot/local/lib/python3.10/dist-packages/warehouse_robot-0.0.0-py3.10.egg-info/PKG-INFO
[1.308s] -- Installing: /home/anthony/Desktop/Assignment7/install/warehouse_robot/local/lib/python3.10/dist-packages/warehouse_robot-0.0.0-py3.10.egg-info/SOURCES.txt
[1.308s] -- Installing: /home/anthony/Desktop/Assignment7/install/warehouse_robot/local/lib/python3.10/dist-packages/warehouse_robot-0.0.0-py3.10.egg-info/dependency_links.txt
[1.309s] -- Installing: /home/anthony/Desktop/Assignment7/install/warehouse_robot/local/lib/python3.10/dist-packages/warehouse_robot-0.0.0-py3.10.egg-info/top_level.txt
[1.309s] -- Up-to-date: /home/anthony/Desktop/Assignment7/install/warehouse_robot/local/lib/python3.10/dist-packages/warehouse_robot
[1.310s] -- Up-to-date: /home/anthony/Desktop/Assignment7/install/warehouse_robot/local/lib/python3.10/dist-packages/warehouse_robot/srv
[1.310s] -- Up-to-date: /home/anthony/Desktop/Assignment7/install/warehouse_robot/local/lib/python3.10/dist-packages/warehouse_robot/srv/_check_stock.py
[1.310s] -- Up-to-date: /home/anthony/Desktop/Assignment7/install/warehouse_robot/local/lib/python3.10/dist-packages/warehouse_robot/srv/__init__.py
[1.310s] -- Up-to-date: /home/anthony/Desktop/Assignment7/install/warehouse_robot/local/lib/python3.10/dist-packages/warehouse_robot/srv/_check_stock_s.c
[1.310s] -- Up-to-date: /home/anthony/Desktop/Assignment7/install/warehouse_robot/local/lib/python3.10/dist-packages/warehouse_robot/libwarehouse_robot__rosidl_generator_py.so
[1.311s] -- Up-to-date: /home/anthony/Desktop/Assignment7/install/warehouse_robot/local/lib/python3.10/dist-packages/warehouse_robot/_warehouse_robot_s.ep.rosidl_typesupport_introspection_c.c
[1.311s] -- Up-to-date: /home/anthony/Desktop/Assignment7/install/warehouse_robot/local/lib/python3.10/dist-packages/warehouse_robot/_warehouse_robot_s.ep.rosidl_typesupport_fastrtps_c.c
[1.311s] -- Up-to-date: /home/anthony/Desktop/Assignment7/install/warehouse_robot/local/lib/python3.10/dist-packages/warehouse_robot/warehouse_robot_s__rosidl_typesupport_fastrtps_c.cpython-310-x86_64-linux-gnu.so
[1.311s] -- Up-to-date: /home/anthony/Desktop/Assignment7/install/warehouse_robot/local/lib/python3.10/dist-packages/warehouse_robot/_warehouse_robot_s.ep.rosidl_typesupport_c.c
[1.311s] -- Up-to-date: /home/anthony/Desktop/Assignment7/install/warehouse_robot/local/lib/python3.10/dist-packages/warehouse_robot/__init__.py
[1.312s] -- Up-to-date: /home/anthony/Desktop/Assignment7/install/warehouse_robot/local/lib/python3.10/dist-packages/warehouse_robot/warehouse_robot_s__rosidl_typesupport_introspection_c.cpython-310-x86_64-linux-gnu.so
[1.312s] -- Up-to-date: /home/anthony/Desktop/Assignment7/install/warehouse_robot/local/lib/python3.10/dist-packages/warehouse_robot/action
[1.312s] -- Up-to-date: /home/anthony/Desktop/Assignment7/install/warehouse_robot/local/lib/python3.10/dist-packages/warehouse_robot/action/__init__.py
[1.312s] -- Up-to-date: /home/anthony/Desktop/Assignment7/install/warehouse_robot/local/lib/python3.10/dist-packages/warehouse_robot/action/_deliver_item_s.c
[1.312s] -- Up-to-date: /home/anthony/Desktop/Assignment7/install/warehouse_robot/local/lib/python3.10/dist-packages/warehouse_robot/action/_deliver_item.py
[1.312s] -- Up-to-date: /home/anthony/Desktop/Assignment7/install/warehouse_robot/local/lib/python3.10/dist-packages/warehouse_robot/warehouse_robot_s__rosidl_typesupport_c.cpython-310-x86_64-linux-gnu.so
[1.368s] Listing '/home/anthony/Desktop/Assignment7/install/warehouse_robot/local/lib/python3.10/dist-packages/warehouse_robot'...
[1.369s] Listing '/home/anthony/Desktop/Assignment7/install/warehouse_robot/local/lib/python3.10/dist-packages/warehouse_robot/action'...
[1.369s] Listing '/home/anthony/Desktop/Assignment7/install/warehouse_robot/local/lib/python3.10/dist-packages/warehouse_robot/srv'...
[1.376s] -- Up-to-date: /home/anthony/Desktop/Assignment7/install/warehouse_robot/local/lib/python3.10/dist-packages/warehouse_robot/warehouse_robot_s__rosidl_typesupport_fastrtps_c.cpython-310-x86_64-linux-gnu.so
[1.376s] -- Up-to-date: /home/anthony/Desktop/Assignment7/install/warehouse_robot/local/lib/python3.10/dist-packages/warehouse_robot/warehouse_robot_s__rosidl_typesupport_introspection_c.cpython-310-x86_64-linux-gnu.so
[1.376s] -- Up-to-date: /home/anthony/Desktop/Assignment7/install/warehouse_robot/local/lib/python3.10/dist-packages/warehouse_robot/warehouse_robot_s__rosidl_typesupport_c.cpython-310-x86_64-linux-gnu.so
[1.377s] -- Up-to-date: /home/anthony/Desktop/Assignment7/install/warehouse_robot/lib/libwarehouse_robot__rosidl_generator_py.so
[1.377s] -- Up-to-date: /home/anthony/Desktop/Assignment7/install/warehouse_robot/share/warehouse_robot/action/DeliverItem.idl
[1.378s] -- Up-to-date: /home/anthony/Desktop/Assignment7/install/warehouse_robot/share/warehouse_robot/srv/CheckStock.idl
[1.378s] -- Up-to-date: /home/anthony/Desktop/Assignment7/install/warehouse_robot/share/warehouse_robot/action/DeliverItem.action
[1.378s] -- Up-to-date: /home/anthony/Desktop/Assignment7/install/warehouse_robot/share/warehouse_robot/srv/CheckStock.srv
[1.378s] -- Up-to-date: /home/anthony/Desktop/Assignment7/install/warehouse_robot/share/warehouse_robot/srv/CheckStock_Request.msg
[1.378s] -- Up-to-date: /home/anthony/Desktop/Assignment7/install/warehouse_robot/share/warehouse_robot/srv/CheckStock_Response.msg
[1.379s] -- Up-to-date: /home/anthony/Desktop/Assignment7/install/warehouse_robot/share/ament_index/resource_index/package_run_dependencies/warehouse_robot
[1.379s] -- Up-to-date: /home/anthony/Desktop/Assignment7/install/warehouse_robot/share/ament_index/resource_index/parent_prefix_path/warehouse_robot
[1.379s] -- Up-to-date: /home/anthony/Desktop/Assignment7/install/warehouse_robot/share/warehouse_robot/environment/ament_prefix_path.sh
[1.379s] -- Up-to-date: /home/anthony/Desktop/Assignment7/install/warehouse_robot/share/warehouse_robot/environment/ament_prefix_path.dsv
[1.379s] -- Up-to-date: /home/anthony/Desktop/Assignment7/install/warehouse_robot/share/warehouse_robot/environment/path.sh
[1.380s] -- Up-to-date: /home/anthony/Desktop/Assignment7/install/warehouse_robot/share/warehouse_robot/environment/path.dsv
[1.380s] -- Up-to-date: /home/anthony/Desktop/Assignment7/install/warehouse_robot/share/warehouse_robot/local_setup.bash
[1.380s] -- Up-to-date: /home/anthony/Desktop/Assignment7/install/warehouse_robot/share/warehouse_robot/local_setup.sh
[1.380s] -- Up-to-date: /home/anthony/Desktop/Assignment7/install/warehouse_robot/share/warehouse_robot/local_setup.zsh
[1.381s] -- Up-to-date: /home/anthony/Desktop/Assignment7/install/warehouse_robot/share/warehouse_robot/local_setup.dsv
[1.381s] -- Installing: /home/anthony/Desktop/Assignment7/install/warehouse_robot/share/warehouse_robot/package.dsv
[1.381s] -- Up-to-date: /home/anthony/Desktop/Assignment7/install/warehouse_robot/share/ament_index/resource_index/packages/warehouse_robot
[1.381s] -- Up-to-date: /home/anthony/Desktop/Assignment7/install/warehouse_robot/share/warehouse_robot/cmake/export_warehouse_robot__rosidl_generator_cExport.cmake
[1.381s] -- Up-to-date: /home/anthony/Desktop/Assignment7/install/warehouse_robot/share/warehouse_robot/cmake/export_warehouse_robot__rosidl_generator_cExport-noconfig.cmake
[1.382s] -- Up-to-date: /home/anthony/Desktop/Assignment7/install/warehouse_robot/share/warehouse_robot/cmake/export_warehouse_robot__rosidl_typesupport_fastrtps_cExport.cmake
[1.382s] -- Up-to-date: /home/anthony/Desktop/Assignment7/install/warehouse_robot/share/warehouse_robot/cmake/export_warehouse_robot__rosidl_typesupport_fastrtps_cExport-noconfig.cmake
[1.382s] -- Up-to-date: /home/anthony/Desktop/Assignment7/install/warehouse_robot/share/warehouse_robot/cmake/warehouse_robot__rosidl_typesupport_introspection_cExport.cmake
[1.382s] -- Up-to-date: /home/anthony/Desktop/Assignment7/install/warehouse_robot/share/warehouse_robot/cmake/warehouse_robot__rosidl_typesupport_introspection_cExport-noconfig.cmake
[1.382s] -- Up-to-date: /home/anthony/Desktop/Assignment7/install/warehouse_robot/share/warehouse_robot/cmake/warehouse_robot__rosidl_typesupport_cExport.cmake
[1.383s] -- Up-to-date: /home/anthony/Desktop/Assignment7/install/warehouse_robot/share/warehouse_robot/cmake/warehouse_robot__rosidl_typesupport_cExport-noconfig.cmake
[1.383s] -- Up-to-date: /home/anthony/Desktop/Assignment7/install/warehouse_robot/share/warehouse_robot/cmake/export_warehouse_robot__rosidl_generator_cppExport.cmake
[1.383s] -- Up-to-date: /home/anthony/Desktop/Assignment7/install/warehouse_robot/share/warehouse_robot/cmake/export_warehouse_robot__rosidl_typesupport_fastrtps_cppExport.cmake
[1.383s] -- Up-to-date: /home/anthony/Desktop/Assignment7/install/warehouse_robot/share/warehouse_robot/cmake/export_warehouse_robot__rosidl_typesupport_fastrtps_cppExport-noconfig.cmake
[1.384s] -- Up-to-date: /home/anthony/Desktop/Assignment7/install/warehouse_robot/share/warehouse_robot/cmake/warehouse_robot__rosidl_typesupport_introspection_cppExport.cmake
[1.384s] -- Up-to-date: /home/anthony/Desktop/Assignment7/install/warehouse_robot/share/warehouse_robot/cmake/warehouse_robot__rosidl_typesupport_introspection_cppExport-noconfig.cmake
[1.384s] -- Up-to-date: /home/anthony/Desktop/Assignment7/install/warehouse_robot/share/warehouse_robot/cmake/warehouse_robot__rosidl_typesupport_cppExport.cmake
[1.384s] -- Up-to-date: /home/anthony/Desktop/Assignment7/install/warehouse_robot/share/warehouse_robot/cmake/warehouse_robot__rosidl_typesupport_cppExport-noconfig.cmake
[1.385s] -- Up-to-date: /home/anthony/Desktop/Assignment7/install/warehouse_robot/share/warehouse_robot/cmake/export_warehouse_robot__rosidl_generator_pyExport.cmake
[1.385s] -- Up-to-date: /home/anthony/Desktop/Assignment7/install/warehouse_robot/share/warehouse_robot/cmake/export_warehouse_robot__rosidl_generator_pyExport-noconfig.cmake
[1.385s] -- Up-to-date: /home/anthony/Desktop/Assignment7/install/warehouse_robot/share/warehouse_robot/cmake/rosidl_cmake-extras.cmake
[1.385s] -- Up-to-date: /home/anthony/Desktop/Assignment7/install/warehouse_robot/share/warehouse_robot/cmake/ament_cmake_export_dependencies-extras.cmake
[1.385s] -- Up-to-date: /home/anthony/Desktop/Assignment7/install/warehouse_robot/share/warehouse_robot/cmake/ament_cmake_export_include_directories-extras.cmake
[1.385s] -- Up-to-date: /home/anthony/Desktop/Assignment7/install/warehouse_robot/share/warehouse_robot/cmake/ament_cmake_export_libraries-extras.cmake
[1.386s] -- Up-to-date: /home/anthony/Desktop/Assignment7/install/warehouse_robot/share/warehouse_robot/cmake/ament_cmake_export_targets-extras.cmake
[1.386s] -- Up-to-date: /home/anthony/Desktop/Assignment7/install/warehouse_robot/share/warehouse_robot/cmake/rosidl_cmake_export_typesupport_targets-extras.cmake
[1.386s] -- Up-to-date: /home/anthony/Desktop/Assignment7/install/warehouse_robot/share/warehouse_robot/cmake/rosidl_cmake_export_typesupport_libraries-extras.cmake
[1.386s] -- Up-to-date: /home/anthony/Desktop/Assignment7/install/warehouse_robot/share/warehouse_robot/cmake/warehouse_robotConfig.cmake
[1.386s] -- Up-to-date: /home/anthony/Desktop/Assignment7/install/warehouse_robot/share/warehouse_robot/cmake/warehouse_robotConfig-version.cmake
[1.387s] -- Up-to-date: /home/anthony/Desktop/Assignment7/install/warehouse_robot/share/warehouse_robot/package.xml
[1.391s] Invoked command in '/home/anthony/Desktop/Assignment7/build/warehouse_robot' returned '0': CMAKE_PREFIX_PATH=${CMAKE_PREFIX_PATH}:/home/anthony/Desktop/Assignment7/install/warehouse_robot_py:/home/anthony/Desktop/Assignment7/src/install/warehouse_robot_py:/opt/ros/humble /usr/bin/cmake --install /home/anthony/Desktop/Assignment7/build/warehouse_robot
