[0.162s] DEBUG:colcon:Command line arguments: ['/usr/bin/colcon', 'build']
[0.162s] DEBUG:colcon:Parsed command line arguments: Namespace(log_base=None, log_level=None, verb_name='build', build_base='build', install_base='install', merge_install=False, symlink_install=False, test_result_base=None, continue_on_error=False, executor='parallel', parallel_workers=2, event_handlers=None, ignore_user_meta=False, metas=['./colcon.meta'], base_paths=['.'], packages_ignore=None, packages_ignore_regex=None, paths=None, packages_up_to=None, packages_up_to_regex=None, packages_above=None, packages_above_and_dependencies=None, packages_above_depth=None, packages_select_by_dep=None, packages_skip_by_dep=None, packages_skip_up_to=None, packages_select_build_failed=False, packages_skip_build_finished=False, packages_select_test_failures=False, packages_skip_test_passed=False, packages_select=None, packages_skip=None, packages_select_regex=None, packages_skip_regex=None, packages_start=None, packages_end=None, allow_overriding=[], cmake_args=None, cmake_target=None, cmake_target_skip_unavailable=False, cmake_clean_cache=False, cmake_clean_first=False, cmake_force_configure=False, ament_cmake_args=None, catkin_cmake_args=None, catkin_skip_building_tests=False, verb_parser=<colcon_defaults.argument_parser.defaults.DefaultArgumentsDecorator object at 0x7dc00ad44c10>, verb_extension=<colcon_core.verb.build.BuildVerb object at 0x7dc00ad44700>, main=<bound method BuildVerb.main of <colcon_core.verb.build.BuildVerb object at 0x7dc00ad44700>>)
[0.520s] Level 1:colcon.colcon_core.package_discovery:discover_packages(colcon_meta) check parameters
[0.521s] Level 1:colcon.colcon_core.package_discovery:discover_packages(recursive) check parameters
[0.521s] Level 1:colcon.colcon_core.package_discovery:discover_packages(ignore) check parameters
[0.521s] Level 1:colcon.colcon_core.package_discovery:discover_packages(path) check parameters
[0.521s] Level 1:colcon.colcon_core.package_discovery:discover_packages(colcon_meta) discover
[0.521s] Level 1:colcon.colcon_core.package_discovery:discover_packages(recursive) discover
[0.522s] INFO:colcon.colcon_core.package_discovery:Crawling recursively for packages in '/home/anthony/Desktop/Assignment7'
[0.522s] Level 1:colcon.colcon_core.package_identification:_identify(.) by extensions ['ignore', 'ignore_ament_install']
[0.523s] Level 1:colcon.colcon_core.package_identification:_identify(.) by extension 'ignore'
[0.523s] Level 1:colcon.colcon_core.package_identification:_identify(.) by extension 'ignore_ament_install'
[0.523s] Level 1:colcon.colcon_core.package_identification:_identify(.) by extensions ['colcon_pkg']
[0.524s] Level 1:colcon.colcon_core.package_identification:_identify(.) by extension 'colcon_pkg'
[0.524s] Level 1:colcon.colcon_core.package_identification:_identify(.) by extensions ['colcon_meta']
[0.524s] Level 1:colcon.colcon_core.package_identification:_identify(.) by extension 'colcon_meta'
[0.524s] Level 1:colcon.colcon_core.package_identification:_identify(.) by extensions ['ros']
[0.524s] Level 1:colcon.colcon_core.package_identification:_identify(.) by extension 'ros'
[0.555s] Level 1:colcon.colcon_core.package_identification:_identify(.) by extensions ['cmake', 'python']
[0.555s] Level 1:colcon.colcon_core.package_identification:_identify(.) by extension 'cmake'
[0.555s] Level 1:colcon.colcon_core.package_identification:_identify(.) by extension 'python'
[0.555s] Level 1:colcon.colcon_core.package_identification:_identify(.) by extensions ['python_setup_py']
[0.555s] Level 1:colcon.colcon_core.package_identification:_identify(.) by extension 'python_setup_py'
[0.555s] Level 1:colcon.colcon_core.package_identification:_identify(build) by extensions ['ignore', 'ignore_ament_install']
[0.555s] Level 1:colcon.colcon_core.package_identification:_identify(build) by extension 'ignore'
[0.555s] Level 1:colcon.colcon_core.package_identification:_identify(build) ignored
[0.555s] Level 1:colcon.colcon_core.package_identification:_identify(install) by extensions ['ignore', 'ignore_ament_install']
[0.555s] Level 1:colcon.colcon_core.package_identification:_identify(install) by extension 'ignore'
[0.555s] Level 1:colcon.colcon_core.package_identification:_identify(install) ignored
[0.555s] Level 1:colcon.colcon_core.package_identification:_identify(log) by extensions ['ignore', 'ignore_ament_install']
[0.555s] Level 1:colcon.colcon_core.package_identification:_identify(log) by extension 'ignore'
[0.555s] Level 1:colcon.colcon_core.package_identification:_identify(log) ignored
[0.556s] Level 1:colcon.colcon_core.package_identification:_identify(src) by extensions ['ignore', 'ignore_ament_install']
[0.556s] Level 1:colcon.colcon_core.package_identification:_identify(src) by extension 'ignore'
[0.556s] Level 1:colcon.colcon_core.package_identification:_identify(src) by extension 'ignore_ament_install'
[0.556s] Level 1:colcon.colcon_core.package_identification:_identify(src) by extensions ['colcon_pkg']
[0.556s] Level 1:colcon.colcon_core.package_identification:_identify(src) by extension 'colcon_pkg'
[0.556s] Level 1:colcon.colcon_core.package_identification:_identify(src) by extensions ['colcon_meta']
[0.556s] Level 1:colcon.colcon_core.package_identification:_identify(src) by extension 'colcon_meta'
[0.556s] Level 1:colcon.colcon_core.package_identification:_identify(src) by extensions ['ros']
[0.556s] Level 1:colcon.colcon_core.package_identification:_identify(src) by extension 'ros'
[0.556s] Level 1:colcon.colcon_core.package_identification:_identify(src) by extensions ['cmake', 'python']
[0.556s] Level 1:colcon.colcon_core.package_identification:_identify(src) by extension 'cmake'
[0.556s] Level 1:colcon.colcon_core.package_identification:_identify(src) by extension 'python'
[0.556s] Level 1:colcon.colcon_core.package_identification:_identify(src) by extensions ['python_setup_py']
[0.556s] Level 1:colcon.colcon_core.package_identification:_identify(src) by extension 'python_setup_py'
[0.556s] Level 1:colcon.colcon_core.package_identification:_identify(src/warehouse_robot) by extensions ['ignore', 'ignore_ament_install']
[0.556s] Level 1:colcon.colcon_core.package_identification:_identify(src/warehouse_robot) by extension 'ignore'
[0.556s] Level 1:colcon.colcon_core.package_identification:_identify(src/warehouse_robot) by extension 'ignore_ament_install'
[0.557s] Level 1:colcon.colcon_core.package_identification:_identify(src/warehouse_robot) by extensions ['colcon_pkg']
[0.557s] Level 1:colcon.colcon_core.package_identification:_identify(src/warehouse_robot) by extension 'colcon_pkg'
[0.557s] Level 1:colcon.colcon_core.package_identification:_identify(src/warehouse_robot) by extensions ['colcon_meta']
[0.557s] Level 1:colcon.colcon_core.package_identification:_identify(src/warehouse_robot) by extension 'colcon_meta'
[0.557s] Level 1:colcon.colcon_core.package_identification:_identify(src/warehouse_robot) by extensions ['ros']
[0.557s] Level 1:colcon.colcon_core.package_identification:_identify(src/warehouse_robot) by extension 'ros'
[0.559s] DEBUG:colcon.colcon_core.package_identification:Package 'src/warehouse_robot' with type 'ros.ament_cmake' and name 'warehouse_robot'
[0.560s] Level 1:colcon.colcon_core.package_identification:_identify(src/warehouse_robot_py) by extensions ['ignore', 'ignore_ament_install']
[0.560s] Level 1:colcon.colcon_core.package_identification:_identify(src/warehouse_robot_py) by extension 'ignore'
[0.560s] Level 1:colcon.colcon_core.package_identification:_identify(src/warehouse_robot_py) by extension 'ignore_ament_install'
[0.560s] Level 1:colcon.colcon_core.package_identification:_identify(src/warehouse_robot_py) by extensions ['colcon_pkg']
[0.560s] Level 1:colcon.colcon_core.package_identification:_identify(src/warehouse_robot_py) by extension 'colcon_pkg'
[0.560s] Level 1:colcon.colcon_core.package_identification:_identify(src/warehouse_robot_py) by extensions ['colcon_meta']
[0.560s] Level 1:colcon.colcon_core.package_identification:_identify(src/warehouse_robot_py) by extension 'colcon_meta'
[0.560s] Level 1:colcon.colcon_core.package_identification:_identify(src/warehouse_robot_py) by extensions ['ros']
[0.560s] Level 1:colcon.colcon_core.package_identification:_identify(src/warehouse_robot_py) by extension 'ros'
[0.561s] DEBUG:colcon.colcon_core.package_identification:Package 'src/warehouse_robot_py' with type 'ros.ament_python' and name 'warehouse_robot_py'
[0.561s] Level 1:colcon.colcon_core.package_discovery:discover_packages(recursive) using defaults
[0.561s] Level 1:colcon.colcon_core.package_discovery:discover_packages(ignore) discover
[0.561s] Level 1:colcon.colcon_core.package_discovery:discover_packages(ignore) using defaults
[0.561s] Level 1:colcon.colcon_core.package_discovery:discover_packages(path) discover
[0.561s] Level 1:colcon.colcon_core.package_discovery:discover_packages(path) using defaults
[0.584s] Level 1:colcon.colcon_core.package_discovery:discover_packages(prefix_path) check parameters
[0.584s] Level 1:colcon.colcon_core.package_discovery:discover_packages(prefix_path) discover
[0.585s] WARNING:colcon.colcon_core.prefix_path.colcon:The path '/home/anthony/Desktop/Assignment7/src/install' in the environment variable COLCON_PREFIX_PATH doesn't exist
[0.586s] WARNING:colcon.colcon_ros.prefix_path.ament:The path '/home/anthony/Desktop/Assignment7/src/install/warehouse_robot_py' in the environment variable AMENT_PREFIX_PATH doesn't exist
[0.586s] WARNING:colcon.colcon_ros.prefix_path.ament:The path '/home/anthony/Desktop/Assignment7/src/install/warehouse_robot' in the environment variable AMENT_PREFIX_PATH doesn't exist
[0.586s] WARNING:colcon.colcon_ros.prefix_path.catkin:The path '/home/anthony/Desktop/Assignment7/src/install/warehouse_robot' in the environment variable CMAKE_PREFIX_PATH doesn't exist
[0.586s] DEBUG:colcon.colcon_installed_package_information.package_discovery:Found 3 installed packages in /home/anthony/Desktop/Assignment7/install
[0.588s] DEBUG:colcon.colcon_installed_package_information.package_discovery:Found 270 installed packages in /opt/ros/humble
[0.590s] Level 1:colcon.colcon_core.package_discovery:discover_packages(prefix_path) using defaults
[0.642s] Level 5:colcon.colcon_core.verb:set package 'warehouse_robot' build argument 'cmake_args' from command line to 'None'
[0.643s] Level 5:colcon.colcon_core.verb:set package 'warehouse_robot' build argument 'cmake_target' from command line to 'None'
[0.643s] Level 5:colcon.colcon_core.verb:set package 'warehouse_robot' build argument 'cmake_target_skip_unavailable' from command line to 'False'
[0.643s] Level 5:colcon.colcon_core.verb:set package 'warehouse_robot' build argument 'cmake_clean_cache' from command line to 'False'
[0.643s] Level 5:colcon.colcon_core.verb:set package 'warehouse_robot' build argument 'cmake_clean_first' from command line to 'False'
[0.643s] Level 5:colcon.colcon_core.verb:set package 'warehouse_robot' build argument 'cmake_force_configure' from command line to 'False'
[0.643s] Level 5:colcon.colcon_core.verb:set package 'warehouse_robot' build argument 'ament_cmake_args' from command line to 'None'
[0.643s] Level 5:colcon.colcon_core.verb:set package 'warehouse_robot' build argument 'catkin_cmake_args' from command line to 'None'
[0.643s] Level 5:colcon.colcon_core.verb:set package 'warehouse_robot' build argument 'catkin_skip_building_tests' from command line to 'False'
[0.643s] DEBUG:colcon.colcon_core.verb:Building package 'warehouse_robot' with the following arguments: {'ament_cmake_args': None, 'build_base': '/home/anthony/Desktop/Assignment7/build/warehouse_robot', 'catkin_cmake_args': None, 'catkin_skip_building_tests': False, 'cmake_args': None, 'cmake_clean_cache': False, 'cmake_clean_first': False, 'cmake_force_configure': False, 'cmake_target': None, 'cmake_target_skip_unavailable': False, 'install_base': '/home/anthony/Desktop/Assignment7/install/warehouse_robot', 'merge_install': False, 'path': '/home/anthony/Desktop/Assignment7/src/warehouse_robot', 'symlink_install': False, 'test_result_base': None}
[0.643s] Level 5:colcon.colcon_core.verb:set package 'warehouse_robot_py' build argument 'cmake_args' from command line to 'None'
[0.643s] Level 5:colcon.colcon_core.verb:set package 'warehouse_robot_py' build argument 'cmake_target' from command line to 'None'
[0.643s] Level 5:colcon.colcon_core.verb:set package 'warehouse_robot_py' build argument 'cmake_target_skip_unavailable' from command line to 'False'
[0.643s] Level 5:colcon.colcon_core.verb:set package 'warehouse_robot_py' build argument 'cmake_clean_cache' from command line to 'False'
[0.643s] Level 5:colcon.colcon_core.verb:set package 'warehouse_robot_py' build argument 'cmake_clean_first' from command line to 'False'
[0.643s] Level 5:colcon.colcon_core.verb:set package 'warehouse_robot_py' build argument 'cmake_force_configure' from command line to 'False'
[0.643s] Level 5:colcon.colcon_core.verb:set package 'warehouse_robot_py' build argument 'ament_cmake_args' from command line to 'None'
[0.643s] Level 5:colcon.colcon_core.verb:set package 'warehouse_robot_py' build argument 'catkin_cmake_args' from command line to 'None'
[0.643s] Level 5:colcon.colcon_core.verb:set package 'warehouse_robot_py' build argument 'catkin_skip_building_tests' from command line to 'False'
[0.643s] DEBUG:colcon.colcon_core.verb:Building package 'warehouse_robot_py' with the following arguments: {'ament_cmake_args': None, 'build_base': '/home/anthony/Desktop/Assignment7/build/warehouse_robot_py', 'catkin_cmake_args': None, 'catkin_skip_building_tests': False, 'cmake_args': None, 'cmake_clean_cache': False, 'cmake_clean_first': False, 'cmake_force_configure': False, 'cmake_target': None, 'cmake_target_skip_unavailable': False, 'install_base': '/home/anthony/Desktop/Assignment7/install/warehouse_robot_py', 'merge_install': False, 'path': '/home/anthony/Desktop/Assignment7/src/warehouse_robot_py', 'symlink_install': False, 'test_result_base': None}
[0.643s] INFO:colcon.colcon_core.executor:Executing jobs using 'parallel' executor
[0.644s] DEBUG:colcon.colcon_parallel_executor.executor.parallel:run_until_complete
[0.645s] INFO:colcon.colcon_ros.task.ament_cmake.build:Building ROS package in '/home/anthony/Desktop/Assignment7/src/warehouse_robot' with build type 'ament_cmake'
[0.645s] INFO:colcon.colcon_cmake.task.cmake.build:Building CMake package in '/home/anthony/Desktop/Assignment7/src/warehouse_robot'
[0.647s] INFO:colcon.colcon_core.plugin_system:Skipping extension 'colcon_core.shell.bat': Not used on non-Windows systems
[0.647s] INFO:colcon.colcon_core.shell:Skip shell extension 'powershell' for command environment: Not usable outside of PowerShell
[0.647s] DEBUG:colcon.colcon_core.shell:Skip shell extension 'dsv' for command environment
[0.668s] DEBUG:colcon.colcon_core.event_handler.log_command:Invoking command in '/home/anthony/Desktop/Assignment7/build/warehouse_robot': CMAKE_PREFIX_PATH=${CMAKE_PREFIX_PATH}:/home/anthony/Desktop/Assignment7/install/warehouse_robot_py:/home/anthony/Desktop/Assignment7/src/install/warehouse_robot_py:/opt/ros/humble /usr/bin/cmake --build /home/anthony/Desktop/Assignment7/build/warehouse_robot -- -j2 -l2
[1.714s] DEBUG:colcon.colcon_core.event_handler.log_command:Invoked command in '/home/anthony/Desktop/Assignment7/build/warehouse_robot' returned '0': CMAKE_PREFIX_PATH=${CMAKE_PREFIX_PATH}:/home/anthony/Desktop/Assignment7/install/warehouse_robot_py:/home/anthony/Desktop/Assignment7/src/install/warehouse_robot_py:/opt/ros/humble /usr/bin/cmake --build /home/anthony/Desktop/Assignment7/build/warehouse_robot -- -j2 -l2
[1.898s] DEBUG:colcon.colcon_core.event_handler.log_command:Invoking command in '/home/anthony/Desktop/Assignment7/build/warehouse_robot': CMAKE_PREFIX_PATH=${CMAKE_PREFIX_PATH}:/home/anthony/Desktop/Assignment7/install/warehouse_robot_py:/home/anthony/Desktop/Assignment7/src/install/warehouse_robot_py:/opt/ros/humble /usr/bin/cmake --install /home/anthony/Desktop/Assignment7/build/warehouse_robot
[2.049s] Level 1:colcon.colcon_core.environment:create_environment_scripts_only(warehouse_robot)
[2.059s] DEBUG:colcon.colcon_core.event_handler.log_command:Invoked command in '/home/anthony/Desktop/Assignment7/build/warehouse_robot' returned '0': CMAKE_PREFIX_PATH=${CMAKE_PREFIX_PATH}:/home/anthony/Desktop/Assignment7/install/warehouse_robot_py:/home/anthony/Desktop/Assignment7/src/install/warehouse_robot_py:/opt/ros/humble /usr/bin/cmake --install /home/anthony/Desktop/Assignment7/build/warehouse_robot
[2.061s] Level 1:colcon.colcon_core.environment:checking '/home/anthony/Desktop/Assignment7/install/warehouse_robot' for CMake module files
[2.063s] Level 1:colcon.colcon_core.environment:checking '/home/anthony/Desktop/Assignment7/install/warehouse_robot' for CMake config files
[2.063s] Level 1:colcon.colcon_core.shell:create_environment_hook('warehouse_robot', 'cmake_prefix_path')
[2.064s] INFO:colcon.colcon_core.shell:Creating environment hook '/home/anthony/Desktop/Assignment7/install/warehouse_robot/share/warehouse_robot/hook/cmake_prefix_path.ps1'
[2.065s] INFO:colcon.colcon_core.shell:Creating environment descriptor '/home/anthony/Desktop/Assignment7/install/warehouse_robot/share/warehouse_robot/hook/cmake_prefix_path.dsv'
[2.066s] INFO:colcon.colcon_core.shell:Creating environment hook '/home/anthony/Desktop/Assignment7/install/warehouse_robot/share/warehouse_robot/hook/cmake_prefix_path.sh'
[2.067s] Level 1:colcon.colcon_core.environment:checking '/home/anthony/Desktop/Assignment7/install/warehouse_robot/lib'
[2.068s] Level 1:colcon.colcon_core.shell:create_environment_hook('warehouse_robot', 'ld_library_path_lib')
[2.068s] INFO:colcon.colcon_core.shell:Creating environment hook '/home/anthony/Desktop/Assignment7/install/warehouse_robot/share/warehouse_robot/hook/ld_library_path_lib.ps1'
[2.069s] INFO:colcon.colcon_core.shell:Creating environment descriptor '/home/anthony/Desktop/Assignment7/install/warehouse_robot/share/warehouse_robot/hook/ld_library_path_lib.dsv'
[2.069s] INFO:colcon.colcon_core.shell:Creating environment hook '/home/anthony/Desktop/Assignment7/install/warehouse_robot/share/warehouse_robot/hook/ld_library_path_lib.sh'
[2.070s] Level 1:colcon.colcon_core.environment:checking '/home/anthony/Desktop/Assignment7/install/warehouse_robot/bin'
[2.070s] Level 1:colcon.colcon_core.environment:checking '/home/anthony/Desktop/Assignment7/install/warehouse_robot/lib/pkgconfig/warehouse_robot.pc'
[2.070s] Level 1:colcon.colcon_core.environment:checking '/home/anthony/Desktop/Assignment7/install/warehouse_robot/lib/python3.10/site-packages'
[2.070s] Level 1:colcon.colcon_core.environment:checking '/home/anthony/Desktop/Assignment7/install/warehouse_robot/bin'
[2.070s] INFO:colcon.colcon_core.shell:Creating package script '/home/anthony/Desktop/Assignment7/install/warehouse_robot/share/warehouse_robot/package.ps1'
[2.071s] INFO:colcon.colcon_core.shell:Creating package descriptor '/home/anthony/Desktop/Assignment7/install/warehouse_robot/share/warehouse_robot/package.dsv'
[2.072s] INFO:colcon.colcon_core.shell:Creating package script '/home/anthony/Desktop/Assignment7/install/warehouse_robot/share/warehouse_robot/package.sh'
[2.073s] INFO:colcon.colcon_core.shell:Creating package script '/home/anthony/Desktop/Assignment7/install/warehouse_robot/share/warehouse_robot/package.bash'
[2.075s] INFO:colcon.colcon_core.shell:Creating package script '/home/anthony/Desktop/Assignment7/install/warehouse_robot/share/warehouse_robot/package.zsh'
[2.077s] Level 1:colcon.colcon_core.environment:create_file_with_runtime_dependencies(/home/anthony/Desktop/Assignment7/install/warehouse_robot/share/colcon-core/packages/warehouse_robot)
[2.241s] Level 1:colcon.colcon_core.environment:create_environment_scripts_only(warehouse_robot)
[2.241s] Level 1:colcon.colcon_core.environment:checking '/home/anthony/Desktop/Assignment7/install/warehouse_robot' for CMake module files
[2.244s] Level 1:colcon.colcon_core.environment:checking '/home/anthony/Desktop/Assignment7/install/warehouse_robot' for CMake config files
[2.245s] Level 1:colcon.colcon_core.shell:create_environment_hook('warehouse_robot', 'cmake_prefix_path')
[2.246s] INFO:colcon.colcon_core.shell:Creating environment hook '/home/anthony/Desktop/Assignment7/install/warehouse_robot/share/warehouse_robot/hook/cmake_prefix_path.ps1'
[2.247s] INFO:colcon.colcon_core.shell:Creating environment descriptor '/home/anthony/Desktop/Assignment7/install/warehouse_robot/share/warehouse_robot/hook/cmake_prefix_path.dsv'
[2.249s] INFO:colcon.colcon_core.shell:Creating environment hook '/home/anthony/Desktop/Assignment7/install/warehouse_robot/share/warehouse_robot/hook/cmake_prefix_path.sh'
[2.251s] Level 1:colcon.colcon_core.environment:checking '/home/anthony/Desktop/Assignment7/install/warehouse_robot/lib'
[2.252s] Level 1:colcon.colcon_core.shell:create_environment_hook('warehouse_robot', 'ld_library_path_lib')
[2.253s] INFO:colcon.colcon_core.shell:Creating environment hook '/home/anthony/Desktop/Assignment7/install/warehouse_robot/share/warehouse_robot/hook/ld_library_path_lib.ps1'
[2.255s] INFO:colcon.colcon_core.shell:Creating environment descriptor '/home/anthony/Desktop/Assignment7/install/warehouse_robot/share/warehouse_robot/hook/ld_library_path_lib.dsv'
[2.257s] INFO:colcon.colcon_core.shell:Creating environment hook '/home/anthony/Desktop/Assignment7/install/warehouse_robot/share/warehouse_robot/hook/ld_library_path_lib.sh'
[2.258s] Level 1:colcon.colcon_core.environment:checking '/home/anthony/Desktop/Assignment7/install/warehouse_robot/bin'
[2.259s] Level 1:colcon.colcon_core.environment:checking '/home/anthony/Desktop/Assignment7/install/warehouse_robot/lib/pkgconfig/warehouse_robot.pc'
[2.260s] Level 1:colcon.colcon_core.environment:checking '/home/anthony/Desktop/Assignment7/install/warehouse_robot/lib/python3.10/site-packages'
[2.265s] Level 1:colcon.colcon_core.environment:checking '/home/anthony/Desktop/Assignment7/install/warehouse_robot/bin'
[2.266s] INFO:colcon.colcon_core.shell:Creating package script '/home/anthony/Desktop/Assignment7/install/warehouse_robot/share/warehouse_robot/package.ps1'
[2.268s] INFO:colcon.colcon_core.shell:Creating package descriptor '/home/anthony/Desktop/Assignment7/install/warehouse_robot/share/warehouse_robot/package.dsv'
[2.269s] INFO:colcon.colcon_core.shell:Creating package script '/home/anthony/Desktop/Assignment7/install/warehouse_robot/share/warehouse_robot/package.sh'
[2.270s] INFO:colcon.colcon_core.shell:Creating package script '/home/anthony/Desktop/Assignment7/install/warehouse_robot/share/warehouse_robot/package.bash'
[2.271s] INFO:colcon.colcon_core.shell:Creating package script '/home/anthony/Desktop/Assignment7/install/warehouse_robot/share/warehouse_robot/package.zsh'
[2.273s] Level 1:colcon.colcon_core.environment:create_file_with_runtime_dependencies(/home/anthony/Desktop/Assignment7/install/warehouse_robot/share/colcon-core/packages/warehouse_robot)
[2.277s] INFO:colcon.colcon_ros.task.ament_python.build:Building ROS package in '/home/anthony/Desktop/Assignment7/src/warehouse_robot_py' with build type 'ament_python'
[2.278s] Level 1:colcon.colcon_core.shell:create_environment_hook('warehouse_robot_py', 'ament_prefix_path')
[2.279s] INFO:colcon.colcon_core.shell:Creating environment hook '/home/anthony/Desktop/Assignment7/install/warehouse_robot_py/share/warehouse_robot_py/hook/ament_prefix_path.ps1'
[2.281s] INFO:colcon.colcon_core.shell:Creating environment descriptor '/home/anthony/Desktop/Assignment7/install/warehouse_robot_py/share/warehouse_robot_py/hook/ament_prefix_path.dsv'
[2.282s] INFO:colcon.colcon_core.shell:Creating environment hook '/home/anthony/Desktop/Assignment7/install/warehouse_robot_py/share/warehouse_robot_py/hook/ament_prefix_path.sh'
[2.285s] INFO:colcon.colcon_core.shell:Skip shell extension 'powershell' for command environment: Not usable outside of PowerShell
[2.285s] DEBUG:colcon.colcon_core.shell:Skip shell extension 'dsv' for command environment
[2.841s] INFO:colcon.colcon_core.task.python.build:Building Python package in '/home/anthony/Desktop/Assignment7/src/warehouse_robot_py'
[2.842s] INFO:colcon.colcon_core.shell:Skip shell extension 'powershell' for command environment: Not usable outside of PowerShell
[2.842s] DEBUG:colcon.colcon_core.shell:Skip shell extension 'dsv' for command environment
[3.531s] DEBUG:colcon.colcon_core.event_handler.log_command:Invoking command in '/home/anthony/Desktop/Assignment7/src/warehouse_robot_py': PYTHONPATH=/home/anthony/Desktop/Assignment7/build/warehouse_robot_py/prefix_override:/usr/lib/python3/dist-packages/colcon_core/task/python/colcon_distutils_commands:/home/anthony/Desktop/Assignment7/install/warehouse_robot_py/lib/python3.10/site-packages:${PYTHONPATH} /usr/bin/python3 -W ignore:setup.py install is deprecated setup.py egg_info --egg-base ../../build/warehouse_robot_py build --build-base /home/anthony/Desktop/Assignment7/build/warehouse_robot_py/build install --record /home/anthony/Desktop/Assignment7/build/warehouse_robot_py/install.log --single-version-externally-managed install_data
[4.005s] Level 1:colcon.colcon_core.environment:checking '/home/anthony/Desktop/Assignment7/install/warehouse_robot_py' for CMake module files
[4.005s] DEBUG:colcon.colcon_core.event_handler.log_command:Invoked command in '/home/anthony/Desktop/Assignment7/src/warehouse_robot_py' returned '0': PYTHONPATH=/home/anthony/Desktop/Assignment7/build/warehouse_robot_py/prefix_override:/usr/lib/python3/dist-packages/colcon_core/task/python/colcon_distutils_commands:/home/anthony/Desktop/Assignment7/install/warehouse_robot_py/lib/python3.10/site-packages:${PYTHONPATH} /usr/bin/python3 -W ignore:setup.py install is deprecated setup.py egg_info --egg-base ../../build/warehouse_robot_py build --build-base /home/anthony/Desktop/Assignment7/build/warehouse_robot_py/build install --record /home/anthony/Desktop/Assignment7/build/warehouse_robot_py/install.log --single-version-externally-managed install_data
[4.007s] Level 1:colcon.colcon_core.environment:checking '/home/anthony/Desktop/Assignment7/install/warehouse_robot_py' for CMake config files
[4.009s] Level 1:colcon.colcon_core.environment:checking '/home/anthony/Desktop/Assignment7/install/warehouse_robot_py/lib'
[4.009s] Level 1:colcon.colcon_core.environment:checking '/home/anthony/Desktop/Assignment7/install/warehouse_robot_py/bin'
[4.010s] Level 1:colcon.colcon_core.environment:checking '/home/anthony/Desktop/Assignment7/install/warehouse_robot_py/lib/pkgconfig/warehouse_robot_py.pc'
[4.010s] Level 1:colcon.colcon_core.environment:checking '/home/anthony/Desktop/Assignment7/install/warehouse_robot_py/lib/python3.10/site-packages'
[4.011s] Level 1:colcon.colcon_core.shell:create_environment_hook('warehouse_robot_py', 'pythonpath')
[4.012s] INFO:colcon.colcon_core.shell:Creating environment hook '/home/anthony/Desktop/Assignment7/install/warehouse_robot_py/share/warehouse_robot_py/hook/pythonpath.ps1'
[4.014s] INFO:colcon.colcon_core.shell:Creating environment descriptor '/home/anthony/Desktop/Assignment7/install/warehouse_robot_py/share/warehouse_robot_py/hook/pythonpath.dsv'
[4.015s] INFO:colcon.colcon_core.shell:Creating environment hook '/home/anthony/Desktop/Assignment7/install/warehouse_robot_py/share/warehouse_robot_py/hook/pythonpath.sh'
[4.018s] Level 1:colcon.colcon_core.environment:checking '/home/anthony/Desktop/Assignment7/install/warehouse_robot_py/bin'
[4.018s] Level 1:colcon.colcon_core.environment:create_environment_scripts_only(warehouse_robot_py)
[4.019s] INFO:colcon.colcon_core.shell:Creating package script '/home/anthony/Desktop/Assignment7/install/warehouse_robot_py/share/warehouse_robot_py/package.ps1'
[4.022s] INFO:colcon.colcon_core.shell:Creating package descriptor '/home/anthony/Desktop/Assignment7/install/warehouse_robot_py/share/warehouse_robot_py/package.dsv'
[4.025s] INFO:colcon.colcon_core.shell:Creating package script '/home/anthony/Desktop/Assignment7/install/warehouse_robot_py/share/warehouse_robot_py/package.sh'
[4.028s] INFO:colcon.colcon_core.shell:Creating package script '/home/anthony/Desktop/Assignment7/install/warehouse_robot_py/share/warehouse_robot_py/package.bash'
[4.029s] INFO:colcon.colcon_core.shell:Creating package script '/home/anthony/Desktop/Assignment7/install/warehouse_robot_py/share/warehouse_robot_py/package.zsh'
[4.031s] Level 1:colcon.colcon_core.environment:create_file_with_runtime_dependencies(/home/anthony/Desktop/Assignment7/install/warehouse_robot_py/share/colcon-core/packages/warehouse_robot_py)
[4.032s] DEBUG:colcon.colcon_parallel_executor.executor.parallel:closing loop
[4.034s] DEBUG:colcon.colcon_parallel_executor.executor.parallel:loop closed
[4.035s] DEBUG:colcon.colcon_parallel_executor.executor.parallel:run_until_complete finished with '0'
[4.035s] DEBUG:colcon.colcon_core.event_reactor:joining thread
[4.056s] INFO:colcon.colcon_core.plugin_system:Skipping extension 'colcon_notification.desktop_notification.terminal_notifier': Not used on non-Darwin systems
[4.057s] INFO:colcon.colcon_core.plugin_system:Skipping extension 'colcon_notification.desktop_notification.win32': Not used on non-Windows systems
[4.057s] INFO:colcon.colcon_notification.desktop_notification:Sending desktop notification using 'notify2'
[4.095s] DEBUG:colcon.colcon_core.event_reactor:joined thread
[4.096s] INFO:colcon.colcon_core.shell:Creating prefix script '/home/anthony/Desktop/Assignment7/install/local_setup.ps1'
[4.099s] INFO:colcon.colcon_core.shell:Creating prefix util module '/home/anthony/Desktop/Assignment7/install/_local_setup_util_ps1.py'
[4.105s] INFO:colcon.colcon_core.shell:Creating prefix chain script '/home/anthony/Desktop/Assignment7/install/setup.ps1'
[4.112s] INFO:colcon.colcon_core.shell:Creating prefix script '/home/anthony/Desktop/Assignment7/install/local_setup.sh'
[4.116s] INFO:colcon.colcon_core.shell:Creating prefix util module '/home/anthony/Desktop/Assignment7/install/_local_setup_util_sh.py'
[4.117s] INFO:colcon.colcon_core.shell:Creating prefix chain script '/home/anthony/Desktop/Assignment7/install/setup.sh'
[4.119s] INFO:colcon.colcon_core.shell:Creating prefix script '/home/anthony/Desktop/Assignment7/install/local_setup.bash'
[4.120s] INFO:colcon.colcon_core.shell:Creating prefix chain script '/home/anthony/Desktop/Assignment7/install/setup.bash'
[4.122s] INFO:colcon.colcon_core.shell:Creating prefix script '/home/anthony/Desktop/Assignment7/install/local_setup.zsh'
[4.123s] INFO:colcon.colcon_core.shell:Creating prefix chain script '/home/anthony/Desktop/Assignment7/install/setup.zsh'
