[1.142s] Invoking command in '/home/anthony/Desktop/Assignment7/build/warehouse_robot_py': PYTHONPATH=/home/anthony/Desktop/Assignment7/build/warehouse_robot_py/prefix_override:/usr/lib/python3/dist-packages/colcon_core/task/python/colcon_distutils_commands:/home/anthony/Desktop/Assignment7/install/warehouse_robot_py/lib/python3.10/site-packages:${PYTHONPATH} /usr/bin/python3 -W ignore:setup.py install is deprecated setup.py develop --editable --build-directory /home/anthony/Desktop/Assignment7/build/warehouse_robot_py/build --no-deps symlink_data
[1.524s] running develop
[1.524s] /usr/lib/python3/dist-packages/setuptools/command/easy_install.py:158: EasyInstallDeprecationWarning: easy_install command is deprecated. Use build and pip and other standards-based tools.
[1.525s]   warnings.warn(
[1.830s] running egg_info
[1.830s] writing warehouse_robot_py.egg-info/PKG-INFO
[1.832s] writing dependency_links to warehouse_robot_py.egg-info/dependency_links.txt
[1.833s] writing entry points to warehouse_robot_py.egg-info/entry_points.txt
[1.833s] writing requirements to warehouse_robot_py.egg-info/requires.txt
[1.833s] writing top-level names to warehouse_robot_py.egg-info/top_level.txt
[1.840s] reading manifest file 'warehouse_robot_py.egg-info/SOURCES.txt'
[1.847s] writing manifest file 'warehouse_robot_py.egg-info/SOURCES.txt'
[1.851s] running build_ext
[1.853s] Creating /home/anthony/Desktop/Assignment7/install/warehouse_robot_py/lib/python3.10/site-packages/warehouse-robot-py.egg-link (link to .)
[1.857s] Installing item_delivery_client script to /home/anthony/Desktop/Assignment7/install/warehouse_robot_py/lib/warehouse_robot_py
[1.858s] Installing item_delivery_server script to /home/anthony/Desktop/Assignment7/install/warehouse_robot_py/lib/warehouse_robot_py
[1.859s] Installing stock_checker_client script to /home/anthony/Desktop/Assignment7/install/warehouse_robot_py/lib/warehouse_robot_py
[1.860s] Installing stock_checker_server script to /home/anthony/Desktop/Assignment7/install/warehouse_robot_py/lib/warehouse_robot_py
[1.862s] 
[1.863s] Installed /home/anthony/Desktop/Assignment7/build/warehouse_robot_py
[1.867s] running symlink_data
[1.929s] Invoked command in '/home/anthony/Desktop/Assignment7/build/warehouse_robot_py' returned '0': PYTHONPATH=/home/anthony/Desktop/Assignment7/build/warehouse_robot_py/prefix_override:/usr/lib/python3/dist-packages/colcon_core/task/python/colcon_distutils_commands:/home/anthony/Desktop/Assignment7/install/warehouse_robot_py/lib/python3.10/site-packages:${PYTHONPATH} /usr/bin/python3 -W ignore:setup.py install is deprecated setup.py develop --editable --build-directory /home/anthony/Desktop/Assignment7/build/warehouse_robot_py/build --no-deps symlink_data
