[1.068s] Invoking command in '/home/anthony/Desktop/Assignment7/src/warehouse_robot_py': PYTHONPATH=/home/anthony/Desktop/Assignment7/build/warehouse_robot_py/prefix_override:/usr/lib/python3/dist-packages/colcon_core/task/python/colcon_distutils_commands:/home/anthony/Desktop/Assignment7/install/warehouse_robot_py/lib/python3.10/site-packages:${PYTHONPATH} /usr/bin/python3 -W ignore:setup.py install is deprecated setup.py egg_info --egg-base ../../build/warehouse_robot_py build --build-base /home/anthony/Desktop/Assignment7/build/warehouse_robot_py/build install --record /home/anthony/Desktop/Assignment7/build/warehouse_robot_py/install.log --single-version-externally-managed install_data
[1.401s] running egg_info
[1.406s] writing ../../build/warehouse_robot_py/warehouse_robot_py.egg-info/PKG-INFO
[1.407s] writing dependency_links to ../../build/warehouse_robot_py/warehouse_robot_py.egg-info/dependency_links.txt
[1.408s] writing entry points to ../../build/warehouse_robot_py/warehouse_robot_py.egg-info/entry_points.txt
[1.409s] writing requirements to ../../build/warehouse_robot_py/warehouse_robot_py.egg-info/requires.txt
[1.410s] writing top-level names to ../../build/warehouse_robot_py/warehouse_robot_py.egg-info/top_level.txt
[1.415s] reading manifest file '../../build/warehouse_robot_py/warehouse_robot_py.egg-info/SOURCES.txt'
[1.417s] writing manifest file '../../build/warehouse_robot_py/warehouse_robot_py.egg-info/SOURCES.txt'
[1.417s] running build
[1.417s] running build_py
[1.418s] copying warehouse_robot_py/item_delivery_server.py -> /home/anthony/Desktop/Assignment7/build/warehouse_robot_py/build/lib/warehouse_robot_py
[1.418s] copying warehouse_robot_py/stock_checker_client.py -> /home/anthony/Desktop/Assignment7/build/warehouse_robot_py/build/lib/warehouse_robot_py
[1.419s] running install
[1.419s] running install_lib
[1.421s] copying /home/anthony/Desktop/Assignment7/build/warehouse_robot_py/build/lib/warehouse_robot_py/item_delivery_server.py -> /home/anthony/Desktop/Assignment7/install/warehouse_robot_py/lib/python3.10/site-packages/warehouse_robot_py
[1.421s] copying /home/anthony/Desktop/Assignment7/build/warehouse_robot_py/build/lib/warehouse_robot_py/stock_checker_client.py -> /home/anthony/Desktop/Assignment7/install/warehouse_robot_py/lib/python3.10/site-packages/warehouse_robot_py
[1.422s] byte-compiling /home/anthony/Desktop/Assignment7/install/warehouse_robot_py/lib/python3.10/site-packages/warehouse_robot_py/item_delivery_server.py to item_delivery_server.cpython-310.pyc
[1.424s] byte-compiling /home/anthony/Desktop/Assignment7/install/warehouse_robot_py/lib/python3.10/site-packages/warehouse_robot_py/stock_checker_client.py to stock_checker_client.cpython-310.pyc
[1.425s] running install_data
[1.425s] running install_egg_info
[1.427s] removing '/home/anthony/Desktop/Assignment7/install/warehouse_robot_py/lib/python3.10/site-packages/warehouse_robot_py-0.0.0-py3.10.egg-info' (and everything under it)
[1.428s] Copying ../../build/warehouse_robot_py/warehouse_robot_py.egg-info to /home/anthony/Desktop/Assignment7/install/warehouse_robot_py/lib/python3.10/site-packages/warehouse_robot_py-0.0.0-py3.10.egg-info
[1.428s] running install_scripts
[1.486s] Installing item_delivery_client script to /home/anthony/Desktop/Assignment7/install/warehouse_robot_py/lib/warehouse_robot_py
[1.486s] Installing item_delivery_server script to /home/anthony/Desktop/Assignment7/install/warehouse_robot_py/lib/warehouse_robot_py
[1.487s] Installing stock_checker_client script to /home/anthony/Desktop/Assignment7/install/warehouse_robot_py/lib/warehouse_robot_py
[1.487s] Installing stock_checker_server script to /home/anthony/Desktop/Assignment7/install/warehouse_robot_py/lib/warehouse_robot_py
[1.487s] writing list of installed files to '/home/anthony/Desktop/Assignment7/build/warehouse_robot_py/install.log'
[1.523s] Invoked command in '/home/anthony/Desktop/Assignment7/src/warehouse_robot_py' returned '0': PYTHONPATH=/home/anthony/Desktop/Assignment7/build/warehouse_robot_py/prefix_override:/usr/lib/python3/dist-packages/colcon_core/task/python/colcon_distutils_commands:/home/anthony/Desktop/Assignment7/install/warehouse_robot_py/lib/python3.10/site-packages:${PYTHONPATH} /usr/bin/python3 -W ignore:setup.py install is deprecated setup.py egg_info --egg-base ../../build/warehouse_robot_py build --build-base /home/anthony/Desktop/Assignment7/build/warehouse_robot_py/build install --record /home/anthony/Desktop/Assignment7/build/warehouse_robot_py/install.log --single-version-externally-managed install_data
