[3.799s] Invoking command in '/home/anthony/Desktop/Assignment7/src/warehouse_robot_py': AMENT_PREFIX_PATH=/home/anthony/Desktop/Assignment7/install/warehouse_robot:${AMENT_PREFIX_PATH} CMAKE_PREFIX_PATH=/home/anthony/Desktop/Assignment7/install/warehouse_robot:${CMAKE_PREFIX_PATH} LD_LIBRARY_PATH=/home/anthony/Desktop/Assignment7/install/warehouse_robot/lib:${LD_LIBRARY_PATH} PYTHONPATH=/home/anthony/Desktop/Assignment7/build/warehouse_robot_py/prefix_override:/usr/lib/python3/dist-packages/colcon_core/task/python/colcon_distutils_commands:/home/anthony/Desktop/Assignment7/install/warehouse_robot_py/lib/python3.10/site-packages:/home/anthony/Desktop/Assignment7/install/warehouse_robot/local/lib/python3.10/dist-packages:${PYTHONPATH} /usr/bin/python3 -W ignore:setup.py install is deprecated setup.py egg_info --egg-base ../../build/warehouse_robot_py build --build-base /home/anthony/Desktop/Assignment7/build/warehouse_robot_py/build install --record /home/anthony/Desktop/Assignment7/build/warehouse_robot_py/install.log --single-version-externally-managed install_data
[5.418s] running egg_info
[5.424s] writing ../../build/warehouse_robot_py/warehouse_robot_py.egg-info/PKG-INFO
[5.425s] writing dependency_links to ../../build/warehouse_robot_py/warehouse_robot_py.egg-info/dependency_links.txt
[5.426s] writing entry points to ../../build/warehouse_robot_py/warehouse_robot_py.egg-info/entry_points.txt
[5.426s] writing requirements to ../../build/warehouse_robot_py/warehouse_robot_py.egg-info/requires.txt
[5.427s] writing top-level names to ../../build/warehouse_robot_py/warehouse_robot_py.egg-info/top_level.txt
[5.440s] reading manifest file '../../build/warehouse_robot_py/warehouse_robot_py.egg-info/SOURCES.txt'
[5.461s] writing manifest file '../../build/warehouse_robot_py/warehouse_robot_py.egg-info/SOURCES.txt'
[5.463s] running build
[5.463s] running build_py
[5.467s] running install
[5.469s] running install_lib
[5.477s] running install_data
[5.478s] running install_egg_info
[5.512s] removing '/home/anthony/Desktop/Assignment7/install/warehouse_robot_py/lib/python3.10/site-packages/warehouse_robot_py-0.0.0-py3.10.egg-info' (and everything under it)
[5.529s] Copying ../../build/warehouse_robot_py/warehouse_robot_py.egg-info to /home/anthony/Desktop/Assignment7/install/warehouse_robot_py/lib/python3.10/site-packages/warehouse_robot_py-0.0.0-py3.10.egg-info
[5.532s] running install_scripts
[5.691s] Installing stock_checker_client script to /home/anthony/Desktop/Assignment7/install/warehouse_robot_py/lib/warehouse_robot_py
[5.692s] Installing stock_checker_server script to /home/anthony/Desktop/Assignment7/install/warehouse_robot_py/lib/warehouse_robot_py
[5.693s] writing list of installed files to '/home/anthony/Desktop/Assignment7/build/warehouse_robot_py/install.log'
[5.892s] Invoked command in '/home/anthony/Desktop/Assignment7/src/warehouse_robot_py' returned '0': AMENT_PREFIX_PATH=/home/anthony/Desktop/Assignment7/install/warehouse_robot:${AMENT_PREFIX_PATH} CMAKE_PREFIX_PATH=/home/anthony/Desktop/Assignment7/install/warehouse_robot:${CMAKE_PREFIX_PATH} LD_LIBRARY_PATH=/home/anthony/Desktop/Assignment7/install/warehouse_robot/lib:${LD_LIBRARY_PATH} PYTHONPATH=/home/anthony/Desktop/Assignment7/build/warehouse_robot_py/prefix_override:/usr/lib/python3/dist-packages/colcon_core/task/python/colcon_distutils_commands:/home/anthony/Desktop/Assignment7/install/warehouse_robot_py/lib/python3.10/site-packages:/home/anthony/Desktop/Assignment7/install/warehouse_robot/local/lib/python3.10/dist-packages:${PYTHONPATH} /usr/bin/python3 -W ignore:setup.py install is deprecated setup.py egg_info --egg-base ../../build/warehouse_robot_py build --build-base /home/anthony/Desktop/Assignment7/build/warehouse_robot_py/build install --record /home/anthony/Desktop/Assignment7/build/warehouse_robot_py/install.log --single-version-externally-managed install_data
